11:35:53,126 [1] INFO PCUClient - Starting UDS Client Test
11:35:53,254 [1] DEBUG PCUClient - Initialize UDS: PUDS_ERROR_NOT_INITIALIZED (chan. 0x51)
11:35:53,254 [1] DEBUG PCUClient -   Set ServerAddress: PUDS_ERROR_NOT_INITIALIZED (0xf1)
11:35:53,255 [1] DEBUG PCUClient -   Set TIMEOUT_REQUEST: PUDS_ERROR_NOT_INITIALIZED (2000)
11:35:53,255 [1] DEBUG PCUClient -   Set TIMEOUT_REQUEST: PUDS_ERROR_NOT_INITIALIZED (2000)
11:36:13,757 [1] INFO PCUClient - Starting UDS Client Test
11:36:13,927 [1] DEBUG PCUClient - Initialize UDS: PUDS_ERROR_OK (chan. 0x51)
11:36:13,928 [1] DEBUG PCUClient -   Set ServerAddress: PUDS_ERROR_OK (0xf1)
11:36:13,929 [1] DEBUG PCUClient -   Set TIMEOUT_REQUEST: PUDS_ERROR_OK (2000)
11:36:13,929 [1] DEBUG PCUClient -   Set TIMEOUT_REQUEST: PUDS_ERROR_OK (2000)
11:36:17,927 [1] INFO PCUClient - *** UDS Service: DiagnosticSessionControl ***
11:36:17,928 [1] DEBUG PCUClient -   Diagnostic Session Information: PUDS_ERROR_NOT_INITIALIZED, 0x01 => 1 = [0032; 1388]
11:36:17,928 [1] INFO PCUClient - Setting a DEFAULT Diagnostic Session :
11:36:17,937 [1] DEBUG PCUClient -   UDS_SvcDiagnosticSessionControl: PUDS_ERROR_OK
11:36:17,939 [1] INFO PCUClient - UDS REQUEST   TPUDSMsg : SI:PUDS_SI_DiagnosticSessionControl, SA:F1, TA:01, RA:0x00, Result:PUDS_RESULT_N_OK - OK !
	LEN: 2, DATA: [10-01]
11:36:17,940 [1] INFO PCUClient - UDS RESPONSE  TPUDSMsg : SI:RESPONSE_PUDS_SI_DiagnosticSessionControl, SA:01, TA:F1, RA:0x00, Result:PUDS_RESULT_N_OK - OK !
	LEN: 6, DATA: [50-01-00-10-03-E8]
11:36:17,941 [1] DEBUG PCUClient -   Diagnostic Session Information: PUDS_ERROR_OK, 0x01 => 1 = [16ms; 1000ms]
11:36:17,941 [1] INFO PCUClient - Setting a ECUPS Diagnostic Session :
11:36:17,947 [1] DEBUG PCUClient -   UDS_SvcDiagnosticSessionControl: PUDS_ERROR_OK
11:36:17,947 [1] INFO PCUClient - UDS REQUEST   TPUDSMsg : SI:PUDS_SI_DiagnosticSessionControl, SA:F1, TA:01, RA:0x00, Result:PUDS_RESULT_N_OK - OK !
	LEN: 2, DATA: [10-02]
11:36:17,947 [1] INFO PCUClient - UDS RESPONSE  TPUDSMsg : SI:RESPONSE_PUDS_SI_DiagnosticSessionControl, SA:01, TA:F1, RA:0x00, Result:PUDS_RESULT_N_OK - OK !
	LEN: 6, DATA: [50-02-00-10-03-E8]
11:36:17,947 [1] DEBUG PCUClient -   Diagnostic Session Information: PUDS_ERROR_OK, 0x01 => 2 = [0010; 03e8]
11:36:17,947 [1] DEBUG PCUClient -  Assert that Auto TesterPresent Frame is sent...
11:36:19,949 [1] DEBUG PCUClient -   Should transmit an Auto TesterPresent Frame
11:36:21,950 [1] DEBUG PCUClient -   Should transmit an Auto TesterPresent Frame
11:36:21,950 [1] INFO PCUClient - Setting a DEFAULT Diagnostic Session :
11:36:22,012 [1] DEBUG PCUClient -   UDS_SvcDiagnosticSessionControl: PUDS_ERROR_OK
11:36:22,012 [1] INFO PCUClient - UDS REQUEST   TPUDSMsg : SI:PUDS_SI_DiagnosticSessionControl, SA:F1, TA:01, RA:0x00, Result:PUDS_RESULT_N_OK - OK !
	LEN: 2, DATA: [10-01]
11:36:22,014 [1] INFO PCUClient - UDS RESPONSE  TPUDSMsg : SI:RESPONSE_PUDS_SI_DiagnosticSessionControl, SA:01, TA:F1, RA:0x00, Result:PUDS_RESULT_N_OK - OK !
	LEN: 6, DATA: [50-01-00-10-03-E8]
11:36:22,017 [1] DEBUG PCUClient -  Assert that NO Auto TesterPresent Frame is sent...
11:36:24,019 [1] DEBUG PCUClient -   Should NOT transmit an Auto TesterPresent Frame
11:36:26,021 [1] DEBUG PCUClient -   Should NOT transmit an Auto TesterPresent Frame
11:36:26,021 [1] INFO PCUClient - --------------------------------------
11:36:26,023 [1] DEBUG PCUClient - *** UDS Service: ECUReset ***
11:36:26,024 [1] DEBUG PCUClient - Sends a Physical ECUReset Message: 
11:36:26,035 [1] DEBUG PCUClient -   UDS_SvcECUReset: PUDS_ERROR_OK
11:36:26,035 [1] INFO PCUClient - UDS REQUEST   TPUDSMsg : SI:PUDS_SI_ECUReset, SA:F1, TA:01, RA:0x00, Result:PUDS_RESULT_N_OK - OK !
	LEN: 2, DATA: [11-03]
11:36:26,039 [1] INFO PCUClient - UDS RESPONSE  TPUDSMsg : SI:RESPONSE_PUDS_SI_ECUReset, SA:01, TA:F1, RA:0x00, Result:PUDS_RESULT_N_OK - OK !
	LEN: 2, DATA: [51-03]
11:36:26,042 [1] INFO PCUClient - --------------------------------------
11:36:26,044 [1] DEBUG PCUClient - *** UDS Service: SecurityAccess ***
11:36:26,044 [1] DEBUG PCUClient - Sends a Physical SecurityAccess Message: 
11:36:26,054 [1] DEBUG PCUClient -   UDS_SvcSecurityAccess: PUDS_ERROR_OK
11:36:26,054 [1] INFO PCUClient - UDS REQUEST   TPUDSMsg : SI:PUDS_SI_SecurityAccess, SA:F1, TA:01, RA:0x00, Result:PUDS_RESULT_N_OK - OK !
	LEN: 6, DATA: [27-01-F0-A1-B2-C3]
11:36:26,058 [1] INFO PCUClient - UDS RESPONSE  TPUDSMsg : SI:RESPONSE_PUDS_SI_SecurityAccess, SA:01, TA:F1, RA:0x00, Result:PUDS_RESULT_N_OK - OK !
	LEN: 2, DATA: [67-01]
11:36:26,061 [1] INFO PCUClient - --------------------------------------
11:36:26,062 [1] DEBUG PCUClient - *** UDS Service: CommunicationControl ***
11:36:26,062 [1] DEBUG PCUClient - Sends a Physical CommunicationControl Message: 
11:36:26,073 [1] DEBUG PCUClient -   UDS_SvcCommunicationControl: PUDS_ERROR_OK
11:36:26,073 [1] INFO PCUClient - UDS REQUEST   TPUDSMsg : SI:PUDS_SI_CommunicationControl, SA:F1, TA:01, RA:0x00, Result:PUDS_RESULT_N_OK - OK !
	LEN: 3, DATA: [28-00-F3]
11:36:26,075 [1] INFO PCUClient - UDS RESPONSE  TPUDSMsg : SI:RESPONSE_PUDS_SI_CommunicationControl, SA:01, TA:F1, RA:0x00, Result:PUDS_RESULT_N_OK - OK !
	LEN: 2, DATA: [68-00]
11:36:26,078 [1] INFO PCUClient - --------------------------------------
11:36:26,080 [1] DEBUG PCUClient - *** UDS Service: TesterPresent ***
11:36:26,080 [1] DEBUG PCUClient - Sends a Physical TesterPresent Message: 
11:36:26,088 [1] DEBUG PCUClient -   UDS_SvcTesterPresent: PUDS_ERROR_OK
11:36:26,088 [1] INFO PCUClient - UDS REQUEST   TPUDSMsg : SI:PUDS_SI_TesterPresent, SA:F1, TA:01, RA:0x00, Result:PUDS_RESULT_N_OK - OK !
	LEN: 2, DATA: [3E-00]
11:36:26,091 [1] INFO PCUClient - UDS RESPONSE  TPUDSMsg : SI:RESPONSE_PUDS_SI_TesterPresent, SA:01, TA:F1, RA:0x00, Result:PUDS_RESULT_N_OK - OK !
	LEN: 2, DATA: [7E-00]
11:36:26,096 [1] DEBUG PCUClient - Sends a Physical TesterPresent Message with no positive response :
11:36:26,147 [1] DEBUG PCUClient -   UDS_SvcTesterPresent: PUDS_ERROR_NO_MESSAGE
11:36:26,147 [1] INFO PCUClient - UDS REQUEST   TPUDSMsg : SI:PUDS_SI_TesterPresent, SA:F1, TA:01, RA:0x00, Result:PUDS_RESULT_N_OK - OK !
	LEN: 2, DATA: [3E-80]
11:36:26,151 [1] DEBUG PCUClient - Sends a Functional TesterPresent Message: 
11:36:26,158 [1] DEBUG PCUClient -   UDS_SvcTesterPresent: PUDS_ERROR_OK
11:36:26,158 [1] INFO PCUClient - UDS REQUEST   TPUDSMsg : SI:PUDS_SI_TesterPresent, SA:F1, TA:33, RA:0x00, Result:PUDS_RESULT_N_OK - OK !
	LEN: 2, DATA: [3E-00]
11:36:26,161 [1] INFO PCUClient - UDS RESPONSE  TPUDSMsg : SI:RESPONSE_PUDS_SI_TesterPresent, SA:01, TA:F1, RA:0x00, Result:PUDS_RESULT_N_OK - OK !
	LEN: 2, DATA: [7E-00]
11:36:26,164 [1] DEBUG PCUClient - Sends a Functional TesterPresent Message with no positive response :
11:36:26,303 [1] DEBUG PCUClient -   UDS_SvcTesterPresent: PUDS_ERROR_NO_MESSAGE
11:36:26,303 [1] INFO PCUClient - UDS REQUEST   TPUDSMsg : SI:PUDS_SI_TesterPresent, SA:F1, TA:33, RA:0x00, Result:PUDS_RESULT_N_OK - OK !
	LEN: 2, DATA: [3E-80]
11:36:26,306 [1] INFO PCUClient - --------------------------------------
11:36:26,311 [1] DEBUG PCUClient - *** UDS Service: SecuredDataTransmission ***
11:36:26,316 [1] DEBUG PCUClient - Sends a Physical SecuredDataTransmission Message: 
11:36:26,396 [1] DEBUG PCUClient -   UDS_SvcSecuredDataTransmission: PUDS_ERROR_OK
11:36:26,396 [1] INFO PCUClient - UDS REQUEST   TPUDSMsg : SI:PUDS_SI_SecuredDataTransmission, SA:F1, TA:01, RA:0x00, Result:PUDS_RESULT_N_OK - OK !
	LEN: 5, DATA: [84-F0-A1-B2-C3]
11:36:26,400 [1] INFO PCUClient - UDS RESPONSE  TPUDSMsg : SI:RESPONSE_PUDS_SI_SecuredDataTransmission, SA:01, TA:F1, RA:0x00, Result:PUDS_RESULT_N_OK - OK !
	LEN: 46, DATA: [C4-01-02-03-04-05-06-07-08-09-0A-0B-0C-0D-0E-0F-10-11-12-13-14-15-16-17-18-19-1A-1B-1C-1D-1E-1F-20-21-22-23-24-25-26-27-28-29-2A-2B-2C-2D]
11:36:26,409 [1] INFO PCUClient - --------------------------------------
11:36:26,411 [1] DEBUG PCUClient - *** UDS Service: ControlDTCSetting ***
11:36:26,412 [1] DEBUG PCUClient - Sends a Physical ControlDTCSetting Message: 
11:36:26,422 [1] DEBUG PCUClient -   UDS_SvcControlDTCSetting: PUDS_ERROR_OK
11:36:26,422 [1] INFO PCUClient - UDS REQUEST   TPUDSMsg : SI:PUDS_SI_ControlDTCSetting, SA:F1, TA:01, RA:0x00, Result:PUDS_RESULT_N_OK - OK !
	LEN: 5, DATA: [85-02-F1-A1-B2]
11:36:26,428 [1] INFO PCUClient - UDS RESPONSE  TPUDSMsg : SI:RESPONSE_PUDS_SI_ControlDTCSetting, SA:01, TA:F1, RA:0x00, Result:PUDS_RESULT_N_OK - OK !
	LEN: 2, DATA: [C5-02]
11:36:26,431 [1] INFO PCUClient - --------------------------------------
11:36:26,434 [1] DEBUG PCUClient - *** UDS Service: ResponseOnEvent ***
11:36:26,435 [1] DEBUG PCUClient - Sends a Physical ResponseOnEvent Message: 
11:36:26,446 [1] DEBUG PCUClient -   UDS_SvcResponseOnEvent: PUDS_ERROR_OK
11:36:26,446 [1] INFO PCUClient - UDS REQUEST   TPUDSMsg : SI:PUDS_SI_ResponseOnEvent, SA:F1, TA:01, RA:0x00, Result:PUDS_RESULT_N_OK - OK !
	LEN: 7, DATA: [86-01-08-08-19-01-01]
11:36:26,453 [1] INFO PCUClient - UDS RESPONSE  TPUDSMsg : SI:RESPONSE_PUDS_SI_ResponseOnEvent, SA:01, TA:F1, RA:0x00, Result:PUDS_RESULT_N_OK - OK !
	LEN: 4, DATA: [C6-01-00-08]
11:36:26,457 [1] INFO PCUClient - --------------------------------------
11:36:26,460 [1] DEBUG PCUClient - *** UDS Service: LinkControl ***
11:36:26,461 [1] DEBUG PCUClient - Sends a Physical LinkControl Message (Verify Fixed Baudrate): 
11:36:26,471 [1] DEBUG PCUClient -   UDS_SvcLinkControl: PUDS_ERROR_OK
11:36:26,471 [1] INFO PCUClient - UDS REQUEST   TPUDSMsg : SI:PUDS_SI_LinkControl, SA:F1, TA:01, RA:0x00, Result:PUDS_RESULT_N_OK - OK !
	LEN: 3, DATA: [87-01-11]
11:36:26,473 [1] INFO PCUClient - UDS RESPONSE  TPUDSMsg : SI:RESPONSE_PUDS_SI_LinkControl, SA:01, TA:F1, RA:0x00, Result:PUDS_RESULT_N_OK - OK !
	LEN: 2, DATA: [C7-01]
11:36:26,476 [1] DEBUG PCUClient - Sends a Physical LinkControl Message (Verify Specific Baudrate): 
11:36:26,485 [1] DEBUG PCUClient -   UDS_SvcLinkControl: PUDS_ERROR_OK
11:36:26,485 [1] INFO PCUClient - UDS REQUEST   TPUDSMsg : SI:PUDS_SI_LinkControl, SA:F1, TA:01, RA:0x00, Result:PUDS_RESULT_N_OK - OK !
	LEN: 5, DATA: [87-02-07-A1-20]
11:36:26,489 [1] INFO PCUClient - UDS RESPONSE  TPUDSMsg : SI:RESPONSE_PUDS_SI_LinkControl, SA:01, TA:F1, RA:0x00, Result:PUDS_RESULT_N_OK - OK !
	LEN: 2, DATA: [C7-02]
11:36:26,492 [1] DEBUG PCUClient - Sends a Physical LinkControl Message (Transition): 
11:36:26,500 [1] DEBUG PCUClient -   UDS_SvcLinkControl: PUDS_ERROR_OK
11:36:26,500 [1] INFO PCUClient - UDS REQUEST   TPUDSMsg : SI:PUDS_SI_LinkControl, SA:F1, TA:01, RA:0x00, Result:PUDS_RESULT_N_OK - OK !
	LEN: 2, DATA: [87-03]
11:36:26,504 [1] INFO PCUClient - UDS RESPONSE  TPUDSMsg : SI:RESPONSE_PUDS_SI_LinkControl, SA:01, TA:F1, RA:0x00, Result:PUDS_RESULT_N_OK - OK !
	LEN: 2, DATA: [C7-03]
11:36:26,508 [1] INFO PCUClient - --------------------------------------
11:36:26,509 [1] DEBUG PCUClient - *** UDS Service: ReadDataByIdentifier ***
11:36:26,510 [1] DEBUG PCUClient - Sends a Physical ReadDataByIdentifier Message: 
11:36:26,545 [1] DEBUG PCUClient -   UDS_SvcReadDataByIdentifier: PUDS_ERROR_OK
11:36:26,545 [1] INFO PCUClient - UDS REQUEST   TPUDSMsg : SI:PUDS_SI_ReadDataByIdentifier, SA:F1, TA:01, RA:0x00, Result:PUDS_RESULT_N_OK - OK !
	LEN: 5, DATA: [22-F1-86-F1-8B]
11:36:26,549 [1] INFO PCUClient - UDS RESPONSE  TPUDSMsg : SI:RESPONSE_PUDS_SI_ReadDataByIdentifier, SA:01, TA:F1, RA:0x00, Result:PUDS_RESULT_N_OK - OK !
	LEN: 15, DATA: [62-F1-86-41-42-43-44-45-F1-8B-41-42-43-44-45]
11:36:26,552 [1] INFO PCUClient - --------------------------------------
11:36:26,555 [1] DEBUG PCUClient - *** UDS Service: ReadMemoryByAddress ***
11:36:26,556 [1] DEBUG PCUClient - Sends a Physical ReadMemoryByAddress Message: 
11:36:26,590 [1] DEBUG PCUClient -   UDS_SvcReadMemoryByAddress: PUDS_ERROR_OK
11:36:26,590 [1] INFO PCUClient - UDS REQUEST   TPUDSMsg : SI:PUDS_SI_ReadMemoryByAddress, SA:F1, TA:01, RA:0x00, Result:PUDS_RESULT_N_OK - OK !
	LEN: 15, DATA: [23-3A-41-42-43-44-45-46-47-48-49-4A-31-32-33]
11:36:26,594 [1] INFO PCUClient - UDS RESPONSE  TPUDSMsg : SI:RESPONSE_PUDS_SI_ReadMemoryByAddress, SA:01, TA:F1, RA:0x00, Result:PUDS_RESULT_N_OK - OK !
	LEN: 5, DATA: [63-01-02-03-04]
11:36:26,596 [1] INFO PCUClient - --------------------------------------
11:36:26,598 [1] DEBUG PCUClient - *** UDS Service: ReadScalingDataByIdentifier ***
11:36:26,598 [1] DEBUG PCUClient - Sends a Physical ReadScalingDataByIdentifier Message: 
11:36:26,619 [1] DEBUG PCUClient -   UDS_SvcReadScalingDataByIdentifier: PUDS_ERROR_OK
11:36:26,619 [1] INFO PCUClient - UDS REQUEST   TPUDSMsg : SI:PUDS_SI_ReadScalingDataByIdentifier, SA:F1, TA:01, RA:0x00, Result:PUDS_RESULT_N_OK - OK !
	LEN: 3, DATA: [24-F1-83]
11:36:26,625 [1] INFO PCUClient - UDS RESPONSE  TPUDSMsg : SI:RESPONSE_PUDS_SI_ReadScalingDataByIdentifier, SA:01, TA:F1, RA:0x00, Result:PUDS_RESULT_N_OK - OK !
	LEN: 11, DATA: [64-F1-83-01-90-00-E0-4B-00-1E-A0]
11:36:26,630 [1] INFO PCUClient - --------------------------------------
11:36:26,632 [1] DEBUG PCUClient - *** UDS Service: ReadDataByPeriodicIdentifier ***
11:36:26,633 [1] DEBUG PCUClient - Sends a Physical ReadDataByPeriodicIdentifier Message: 
11:36:26,655 [1] DEBUG PCUClient -   UDS_SvcReadDataByPeriodicIdentifier: PUDS_ERROR_OK
11:36:26,655 [1] INFO PCUClient - UDS REQUEST   TPUDSMsg : SI:PUDS_SI_ReadDataByPeriodicIdentifier, SA:F1, TA:01, RA:0x00, Result:PUDS_RESULT_N_OK - OK !
	LEN: 12, DATA: [2A-02-41-42-43-44-45-46-47-48-49-4A]
11:36:26,658 [1] INFO PCUClient - UDS RESPONSE  TPUDSMsg : SI:RESPONSE_PUDS_SI_ReadDataByPeriodicIdentifier, SA:01, TA:F1, RA:0x00, Result:PUDS_RESULT_N_OK - OK !
	LEN: 1, DATA: [6A]
11:36:26,660 [1] INFO PCUClient - --------------------------------------
11:36:26,662 [1] DEBUG PCUClient - *** UDS Service: DynamicallyDefineDataIdentifier ***
11:36:26,662 [1] DEBUG PCUClient - Sends a Physical DynamicallyDefineDataIdentifierDBID Message: 
11:36:26,738 [1] DEBUG PCUClient -   UDS_SvcDynamicallyDefineDataIdentifierDBID: PUDS_ERROR_OK
11:36:26,738 [1] INFO PCUClient - UDS REQUEST   TPUDSMsg : SI:PUDS_SI_DynamicallyDefineDataIdentifier, SA:F1, TA:01, RA:0x00, Result:PUDS_RESULT_N_OK - OK !
	LEN: 44, DATA: [2C-01-F1-9B-F0-41-64-01-F1-42-65-02-F2-43-66-03-F3-44-67-04-F4-45-68-05-F5-46-69-06-F6-47-6A-07-F7-48-6B-08-F8-49-6C-09-F9-4A-6D-0A]
11:36:26,745 [1] INFO PCUClient - UDS RESPONSE  TPUDSMsg : SI:RESPONSE_PUDS_SI_DynamicallyDefineDataIdentifier, SA:01, TA:F1, RA:0x00, Result:PUDS_RESULT_N_OK - OK !
	LEN: 4, DATA: [6C-01-F1-9B]
11:36:26,749 [1] DEBUG PCUClient - Sends a Physical UDS_SvcDynamicallyDefineDataIdentifierDBMA Message: 
11:36:26,805 [1] DEBUG PCUClient -   UDS_SvcDynamicallyDefineDataIdentifierDBMA: PUDS_ERROR_OK
11:36:26,805 [1] INFO PCUClient - UDS REQUEST   TPUDSMsg : SI:PUDS_SI_DynamicallyDefineDataIdentifier, SA:F1, TA:01, RA:0x00, Result:PUDS_RESULT_N_OK - OK !
	LEN: 29, DATA: [2C-02-F1-9C-35-01-02-03-04-05-65-66-67-0B-0C-0D-0E-0F-6F-70-71-15-16-17-18-19-79-7A-7B]
11:36:26,808 [1] INFO PCUClient - UDS RESPONSE  TPUDSMsg : SI:RESPONSE_PUDS_SI_DynamicallyDefineDataIdentifier, SA:01, TA:F1, RA:0x00, Result:PUDS_RESULT_N_OK - OK !
	LEN: 4, DATA: [6C-02-F1-9C]
11:36:26,810 [1] DEBUG PCUClient - Sends a Physical UDS_SvcDynamicallyDefineDataIdentifierCDDDI Message: 
11:36:26,816 [1] DEBUG PCUClient -   UDS_SvcDynamicallyDefineDataIdentifierCDDDI: PUDS_ERROR_OK
11:36:26,816 [1] INFO PCUClient - UDS REQUEST   TPUDSMsg : SI:PUDS_SI_DynamicallyDefineDataIdentifier, SA:F1, TA:01, RA:0x00, Result:PUDS_RESULT_N_OK - OK !
	LEN: 4, DATA: [2C-03-F1-9C]
11:36:26,819 [1] INFO PCUClient - UDS RESPONSE  TPUDSMsg : SI:RESPONSE_PUDS_SI_DynamicallyDefineDataIdentifier, SA:01, TA:F1, RA:0x00, Result:PUDS_RESULT_N_OK - OK !
	LEN: 4, DATA: [6C-03-F1-9C]
11:36:26,822 [1] INFO PCUClient - --------------------------------------
11:36:26,826 [1] DEBUG PCUClient - *** UDS Service: WriteDataByIdentifier ***
11:36:26,828 [1] DEBUG PCUClient - Sends a Physical WriteDataByIdentifier Message: 
11:36:26,847 [1] DEBUG PCUClient -   UDS_SvcWriteDataByIdentifier: PUDS_ERROR_OK
11:36:26,847 [1] INFO PCUClient - UDS REQUEST   TPUDSMsg : SI:PUDS_SI_WriteDataByIdentifier, SA:F1, TA:01, RA:0x00, Result:PUDS_RESULT_N_OK - OK !
	LEN: 13, DATA: [2E-F1-84-41-42-43-44-45-46-47-48-49-4A]
11:36:26,850 [1] INFO PCUClient - UDS RESPONSE  TPUDSMsg : SI:RESPONSE_PUDS_SI_WriteDataByIdentifier, SA:01, TA:F1, RA:0x00, Result:PUDS_RESULT_N_OK - OK !
	LEN: 3, DATA: [6E-F1-84]
11:36:26,853 [1] INFO PCUClient - --------------------------------------
11:36:26,854 [1] DEBUG PCUClient - *** UDS Service: WriteMemoryByAddress ***
11:36:26,854 [1] DEBUG PCUClient - Sends a Physical WriteMemoryByAddress Message: 
11:36:26,969 [1] DEBUG PCUClient -   UDS_SvcWriteMemoryByAddress: PUDS_ERROR_OK
11:36:26,970 [1] INFO PCUClient - UDS REQUEST   TPUDSMsg : SI:PUDS_SI_WriteMemoryByAddress, SA:F1, TA:01, RA:0x00, Result:PUDS_RESULT_N_OK - OK !
	LEN: 60, DATA: [3D-35-41-42-43-44-45-0A-0B-0C-01-02-03-04-05-06-07-08-09-0A-0B-0C-0D-0E-0F-10-11-12-13-14-15-16-17-18-19-1A-1B-1C-1D-1E-1F-20-21-22-23-24-25-26-27-28-29-2A-2B-2C-2D-2E-2F-30-31-32]
11:36:26,974 [1] INFO PCUClient - UDS RESPONSE  TPUDSMsg : SI:RESPONSE_PUDS_SI_WriteMemoryByAddress, SA:01, TA:F1, RA:0x00, Result:PUDS_RESULT_N_OK - OK !
	LEN: 10, DATA: [7D-35-41-42-43-44-45-0A-0B-0C]
11:36:26,975 [1] INFO PCUClient - --------------------------------------
11:36:26,977 [1] DEBUG PCUClient - *** UDS Service: ClearDiagnosticInformation ***
11:36:26,978 [1] DEBUG PCUClient - Sends a Physical ClearDiagnosticInformation Message: 
11:36:26,988 [1] DEBUG PCUClient -   UDS_SvcClearDiagnosticInformation: PUDS_ERROR_OK
11:36:26,988 [1] INFO PCUClient - UDS REQUEST   TPUDSMsg : SI:PUDS_SI_ClearDiagnosticInformation, SA:F1, TA:01, RA:0x00, Result:PUDS_RESULT_N_OK - OK !
	LEN: 4, DATA: [14-F1-A2-B3]
11:36:26,991 [1] INFO PCUClient - UDS RESPONSE  TPUDSMsg : SI:RESPONSE_PUDS_SI_ClearDiagnosticInformation, SA:01, TA:F1, RA:0x00, Result:PUDS_RESULT_N_OK - OK !
	LEN: 1, DATA: [54]
11:36:26,993 [1] INFO PCUClient - --------------------------------------
11:36:26,995 [1] DEBUG PCUClient - *** UDS Service: ReadDTCInformation ***
11:36:26,995 [1] DEBUG PCUClient - Sends a Physical ReadDTCInformation Message: 
11:36:27,036 [1] DEBUG PCUClient -   UDS_SvcReadDTCInformation: PUDS_ERROR_OK
11:36:27,036 [1] INFO PCUClient - UDS REQUEST   TPUDSMsg : SI:PUDS_SI_ReadDTCInformation, SA:F1, TA:01, RA:0x00, Result:PUDS_RESULT_N_OK - OK !
	LEN: 3, DATA: [19-01-F1]
11:36:27,040 [1] INFO PCUClient - UDS RESPONSE  TPUDSMsg : SI:RESPONSE_PUDS_SI_ReadDTCInformation, SA:01, TA:F1, RA:0x00, Result:PUDS_RESULT_N_OK - OK !
	LEN: 26, DATA: [59-19-02-03-04-05-06-07-08-09-0A-0B-0C-0D-0E-0F-10-11-12-13-14-15-16-17-18-19]
11:36:27,042 [1] DEBUG PCUClient - Sends a Physical ReadDTCInformationRDTCSSBDTC Message: 
11:36:27,085 [1] DEBUG PCUClient -   ReadDTCInformationRDTCSSBDTC: PUDS_ERROR_OK
11:36:27,086 [1] INFO PCUClient - UDS REQUEST   TPUDSMsg : SI:PUDS_SI_ReadDTCInformation, SA:F1, TA:01, RA:0x00, Result:PUDS_RESULT_N_OK - OK !
	LEN: 6, DATA: [19-04-A1-B2-B3-12]
11:36:27,090 [1] INFO PCUClient - UDS RESPONSE  TPUDSMsg : SI:RESPONSE_PUDS_SI_ReadDTCInformation, SA:01, TA:F1, RA:0x00, Result:PUDS_RESULT_N_OK - OK !
	LEN: 26, DATA: [59-19-02-03-04-05-06-07-08-09-0A-0B-0C-0D-0E-0F-10-11-12-13-14-15-16-17-18-19]
11:36:27,092 [1] DEBUG PCUClient - Sends a Physical ReadDTCInformationRDTCSSBRN Message: 
11:36:27,137 [1] DEBUG PCUClient -   UDS_SvcReadDTCInformationRDTCSSBRN: PUDS_ERROR_OK
11:36:27,138 [1] INFO PCUClient - UDS REQUEST   TPUDSMsg : SI:PUDS_SI_ReadDTCInformation, SA:F1, TA:01, RA:0x00, Result:PUDS_RESULT_N_OK - OK !
	LEN: 3, DATA: [19-05-12]
11:36:27,140 [1] INFO PCUClient - UDS RESPONSE  TPUDSMsg : SI:RESPONSE_PUDS_SI_ReadDTCInformation, SA:01, TA:F1, RA:0x00, Result:PUDS_RESULT_N_OK - OK !
	LEN: 26, DATA: [59-19-02-03-04-05-06-07-08-09-0A-0B-0C-0D-0E-0F-10-11-12-13-14-15-16-17-18-19]
11:36:27,142 [1] DEBUG PCUClient - Sends a Physical ReadDTCInformationReportExtended Message: 
11:36:27,183 [1] DEBUG PCUClient -   UDS_SvcReadDTCInformationReportExtended: PUDS_ERROR_OK
11:36:27,184 [1] INFO PCUClient - UDS REQUEST   TPUDSMsg : SI:PUDS_SI_ReadDTCInformation, SA:F1, TA:01, RA:0x00, Result:PUDS_RESULT_N_OK - OK !
	LEN: 6, DATA: [19-06-A1-B2-B3-12]
11:36:27,189 [1] INFO PCUClient - UDS RESPONSE  TPUDSMsg : SI:RESPONSE_PUDS_SI_ReadDTCInformation, SA:01, TA:F1, RA:0x00, Result:PUDS_RESULT_N_OK - OK !
	LEN: 26, DATA: [59-19-02-03-04-05-06-07-08-09-0A-0B-0C-0D-0E-0F-10-11-12-13-14-15-16-17-18-19]
11:36:27,190 [1] DEBUG PCUClient - Sends a Physical ReadDTCInformationReportSeverity Message: 
11:36:27,233 [1] DEBUG PCUClient -   UDS_SvcReadDTCInformationReportSeverity: PUDS_ERROR_OK
11:36:27,234 [1] INFO PCUClient - UDS REQUEST   TPUDSMsg : SI:PUDS_SI_ReadDTCInformation, SA:F1, TA:01, RA:0x00, Result:PUDS_RESULT_N_OK - OK !
	LEN: 4, DATA: [19-07-F1-12]
11:36:27,239 [1] INFO PCUClient - UDS RESPONSE  TPUDSMsg : SI:RESPONSE_PUDS_SI_ReadDTCInformation, SA:01, TA:F1, RA:0x00, Result:PUDS_RESULT_N_OK - OK !
	LEN: 26, DATA: [59-19-02-03-04-05-06-07-08-09-0A-0B-0C-0D-0E-0F-10-11-12-13-14-15-16-17-18-19]
11:36:27,241 [1] DEBUG PCUClient - Sends a Physical ReadDTCInformationRSIODTC Message: 
11:36:27,287 [1] DEBUG PCUClient -   UDS_SvcReadDTCInformationRSIODTC: PUDS_ERROR_OK
11:36:27,287 [1] INFO PCUClient - UDS REQUEST   TPUDSMsg : SI:PUDS_SI_ReadDTCInformation, SA:F1, TA:01, RA:0x00, Result:PUDS_RESULT_N_OK - OK !
	LEN: 5, DATA: [19-09-A1-B2-B3]
11:36:27,294 [1] INFO PCUClient - UDS RESPONSE  TPUDSMsg : SI:RESPONSE_PUDS_SI_ReadDTCInformation, SA:01, TA:F1, RA:0x00, Result:PUDS_RESULT_N_OK - OK !
	LEN: 26, DATA: [59-19-02-03-04-05-06-07-08-09-0A-0B-0C-0D-0E-0F-10-11-12-13-14-15-16-17-18-19]
11:36:27,301 [1] DEBUG PCUClient - Sends a Physical ReadDTCInformationNoParam Message: 
11:36:27,350 [1] DEBUG PCUClient -   UDS_SvcReadDTCInformationNoParam: PUDS_ERROR_OK
11:36:27,351 [1] INFO PCUClient - UDS REQUEST   TPUDSMsg : SI:PUDS_SI_ReadDTCInformation, SA:F1, TA:01, RA:0x00, Result:PUDS_RESULT_N_OK - OK !
	LEN: 2, DATA: [19-0A]
11:36:27,358 [1] INFO PCUClient - UDS RESPONSE  TPUDSMsg : SI:RESPONSE_PUDS_SI_ReadDTCInformation, SA:01, TA:F1, RA:0x00, Result:PUDS_RESULT_N_OK - OK !
	LEN: 26, DATA: [59-19-02-03-04-05-06-07-08-09-0A-0B-0C-0D-0E-0F-10-11-12-13-14-15-16-17-18-19]
11:36:27,363 [1] INFO PCUClient - --------------------------------------
11:36:27,369 [1] DEBUG PCUClient - *** UDS Service: InputOutputControlByIdentifier ***
11:36:27,371 [1] DEBUG PCUClient - Sends a Physical InputOutputControlByIdentifier Message: 
11:36:27,406 [1] DEBUG PCUClient -   UDS_SvcInputOutputControlByIdentifier: PUDS_ERROR_OK
11:36:27,406 [1] INFO PCUClient - UDS REQUEST   TPUDSMsg : SI:PUDS_SI_InputOutputControlByIdentifier, SA:F1, TA:01, RA:0x00, Result:PUDS_RESULT_N_OK - OK !
	LEN: 18, DATA: [2F-F1-95-41-42-43-44-45-46-47-48-49-4A-0A-0B-0C-0D-0E]
11:36:27,412 [1] INFO PCUClient - UDS RESPONSE  TPUDSMsg : SI:RESPONSE_PUDS_SI_InputOutputControlByIdentifier, SA:01, TA:F1, RA:0x00, Result:PUDS_RESULT_N_OK - OK !
	LEN: 3, DATA: [6F-F1-95]
11:36:27,420 [1] INFO PCUClient - --------------------------------------
11:36:27,423 [1] DEBUG PCUClient - *** UDS Service: RoutineControl ***
11:36:27,425 [1] DEBUG PCUClient - Sends a Physical RoutineControl Message: 
11:36:27,458 [1] DEBUG PCUClient -   UDS_SvcRoutineControl: PUDS_ERROR_OK
11:36:27,458 [1] INFO PCUClient - UDS REQUEST   TPUDSMsg : SI:PUDS_SI_RoutineControl, SA:F1, TA:01, RA:0x00, Result:PUDS_RESULT_N_OK - OK !
	LEN: 14, DATA: [31-03-F1-A2-41-42-43-44-45-46-47-48-49-4A]
11:36:27,463 [1] INFO PCUClient - UDS RESPONSE  TPUDSMsg : SI:RESPONSE_PUDS_SI_RoutineControl, SA:01, TA:F1, RA:0x00, Result:PUDS_RESULT_N_OK - OK !
	LEN: 4, DATA: [71-03-F1-A2]
11:36:27,468 [1] INFO PCUClient - --------------------------------------
11:36:27,470 [1] DEBUG PCUClient - *** UDS Service: RequestDownload ***
11:36:27,471 [1] DEBUG PCUClient - Sends a Physical RequestDownload Message: 
11:36:27,579 [1] DEBUG PCUClient -   UDS_SvcRequestDownload: PUDS_ERROR_OK
11:36:27,579 [1] INFO PCUClient - UDS REQUEST   TPUDSMsg : SI:PUDS_SI_RequestDownload, SA:F1, TA:01, RA:0x00, Result:PUDS_RESULT_N_OK - OK !
	LEN: 26, DATA: [34-12-8F-41-42-43-44-45-46-47-48-49-4A-4B-4C-4D-4E-4F-0A-0B-0C-0D-0E-0F-10-11]
11:36:27,584 [1] INFO PCUClient - UDS RESPONSE  TPUDSMsg : SI:RESPONSE_PUDS_SI_RequestDownload, SA:01, TA:F1, RA:0x00, Result:PUDS_RESULT_N_OK - OK !
	LEN: 42, DATA: [74-F0-02-03-04-05-06-07-08-09-0A-0B-0C-0D-0E-0F-10-11-12-13-14-15-16-17-18-19-1A-1B-1C-1D-1E-1F-20-21-22-23-24-25-26-27-28-29]
11:36:27,591 [1] INFO PCUClient - --------------------------------------
11:36:27,593 [1] DEBUG PCUClient - *** UDS Service: RequestUpload ***
11:36:27,595 [1] DEBUG PCUClient - Sends a Physical RequestUpload Message: 
11:36:27,702 [1] DEBUG PCUClient -   UDS_SvcRequestUpload: PUDS_ERROR_OK
11:36:27,702 [1] INFO PCUClient - UDS REQUEST   TPUDSMsg : SI:PUDS_SI_RequestUpload, SA:F1, TA:01, RA:0x00, Result:PUDS_RESULT_N_OK - OK !
	LEN: 56, DATA: [35-12-05-41-42-43-44-45-46-47-48-49-4A-4B-4C-4D-4E-4F-50-51-52-53-54-55-0A-0B-0C-0D-0E-0F-10-11-12-13-14-15-16-17-18-19-1A-1B-1C-1D-1E-1F-20-21-22-23-24-25-26-27-28-29]
11:36:27,707 [1] INFO PCUClient - UDS RESPONSE  TPUDSMsg : SI:RESPONSE_PUDS_SI_RequestUpload, SA:01, TA:F1, RA:0x00, Result:PUDS_RESULT_N_OK - OK !
	LEN: 12, DATA: [75-F0-02-03-04-05-06-07-08-09-0A-0B]
11:36:27,708 [1] INFO PCUClient - --------------------------------------
11:36:27,710 [1] DEBUG PCUClient - *** UDS Service: TransferData ***
11:36:27,710 [1] DEBUG PCUClient - Sends a Physical TransferData Message: 
11:36:27,870 [1] DEBUG PCUClient -   UDS_SvcTransferData: PUDS_ERROR_OK
11:36:27,870 [1] INFO PCUClient - UDS REQUEST   TPUDSMsg : SI:PUDS_SI_TransferData, SA:F1, TA:01, RA:0x00, Result:PUDS_RESULT_N_OK - OK !
	LEN: 52, DATA: [36-01-41-42-43-44-45-46-47-48-49-4A-4B-4C-4D-4E-4F-50-51-52-53-54-55-56-57-58-59-5A-5B-5C-5D-5E-5F-60-61-62-63-64-65-66-67-68-69-6A-6B-6C-6D-6E-6F-70-71-72]
11:36:27,875 [1] INFO PCUClient - UDS RESPONSE  TPUDSMsg : SI:RESPONSE_PUDS_SI_TransferData, SA:01, TA:F1, RA:0x00, Result:PUDS_RESULT_N_OK - OK !
	LEN: 54, DATA: [76-01-02-03-04-05-06-07-08-09-0A-0B-0C-0D-0E-0F-10-11-12-13-14-15-16-17-18-19-1A-1B-1C-1D-1E-1F-20-21-22-23-24-25-26-27-28-29-2A-2B-2C-2D-2E-2F-30-31-32-33-34-35]
11:36:27,880 [1] INFO PCUClient - --------------------------------------
11:36:27,882 [1] DEBUG PCUClient - *** UDS Service: RequestTransferExit ***
11:36:27,884 [1] DEBUG PCUClient - Sends a Physical RequestTransferExit Message: 
11:36:27,961 [1] DEBUG PCUClient -   UDS_SvcRequestTransferExit: PUDS_ERROR_OK
11:36:27,962 [1] INFO PCUClient - UDS REQUEST   TPUDSMsg : SI:PUDS_SI_RequestTransferExit, SA:F1, TA:01, RA:0x00, Result:PUDS_RESULT_N_OK - OK !
	LEN: 21, DATA: [37-41-42-43-44-45-46-47-48-49-4A-4B-4C-4D-4E-4F-50-51-52-53-54]
11:36:27,965 [1] INFO PCUClient - UDS RESPONSE  TPUDSMsg : SI:RESPONSE_PUDS_SI_RequestTransferExit, SA:01, TA:F1, RA:0x00, Result:PUDS_RESULT_N_OK - OK !
	LEN: 22, DATA: [77-01-02-03-04-05-06-07-08-09-0A-0B-0C-0D-0E-0F-10-11-12-13-14-15]
11:36:27,968 [1] INFO PCUClient - --------------------------------------
11:36:27,969 [1] DEBUG PCUClient - *** UDS Service: TransferData with MAX_DATA ***
11:36:27,970 [1] DEBUG PCUClient - Sends a Physical TransferData Message (LEN=4093): 
11:36:40,175 [1] DEBUG PCUClient -   UDS_SvcTransferData: PUDS_ERROR_OK
11:36:40,176 [1] INFO PCUClient - UDS REQUEST   TPUDSMsg : SI:PUDS_SI_TransferData, SA:F1, TA:01, RA:0x00, Result:PUDS_RESULT_N_OK - OK !
	LEN: 4095, DATA: [36-01-41-42-43-44-45-46-47-48-49-4A-4B-4C-4D-4E-4F-50-51-52-53-54-55-56-57-58-59-5A-5B-5C-5D-5E-5F-60-61-62-63-64-65-66-67-68-69-6A-6B-6C-6D-6E-6F-70-71-72-73-74-75-76-77-78-79-7A-7B-7C-7D-7E-7F-80-81-82-83-84-85-86-87-88-89-8A-8B-8C-8D-8E-8F-90-91-92-93-94-95-96-97-98-99-9A-9B-9C-9D-9E-9F-A0-A1-A2-A3-A4-A5-A6-A7-A8-A9-AA-AB-AC-AD-AE-AF-B0-B1-B2-B3-B4-B5-B6-B7-B8-B9-BA-BB-BC-BD-BE-BF-C0-C1-C2-C3-C4-C5-C6-C7-C8-C9-CA-CB-CC-CD-CE-CF-D0-D1-D2-D3-D4-D5-D6-D7-D8-D9-DA-DB-DC-DD-DE-DF-E0-E1-E2-E3-E4-E5-E6-E7-E8-E9-EA-EB-EC-ED-EE-EF-F0-F1-F2-F3-F4-F5-F6-F7-F8-F9-FA-FB-FC-FD-FE-FF-00-01-02-03-04-05-06-07-08-09-0A-0B-0C-0D-0E-0F-10-11-12-13-14-15-16-17-18-19-1A-1B-1C-1D-1E-1F-20-21-22-23-24-25-26-27-28-29-2A-2B-2C-2D-2E-2F-30-31-32-33-34-35-36-37-38-39-3A-3B-3C-3D-3E-3F-40-41-42-43-44-45-46-47-48-49-4A-4B-4C-4D-4E-4F-50-51-52-53-54-55-56-57-58-59-5A-5B-5C-5D-5E-5F-60-61-62-63-64-65-66-67-68-69-6A-6B-6C-6D-6E-6F-70-71-72-73-74-75-76-77-78-79-7A-7B-7C-7D-7E-7F-80-81-82-83-84-85-86-87-88-89-8A-8B-8C-8D-8E-8F-90-91-92-93-94-95-96-97-98-99-9A-9B-9C-9D-9E-9F-A0-A1-A2-A3-A4-A5-A6-A7-A8-A9-AA-AB-AC-AD-AE-AF-B0-B1-B2-B3-B4-B5-B6-B7-B8-B9-BA-BB-BC-BD-BE-BF-C0-C1-C2-C3-C4-C5-C6-C7-C8-C9-CA-CB-CC-CD-CE-CF-D0-D1-D2-D3-D4-D5-D6-D7-D8-D9-DA-DB-DC-DD-DE-DF-E0-E1-E2-E3-E4-E5-E6-E7-E8-E9-EA-EB-EC-ED-EE-EF-F0-F1-F2-F3-F4-F5-F6-F7-F8-F9-FA-FB-FC-FD-FE-FF-00-01-02-03-04-05-06-07-08-09-0A-0B-0C-0D-0E-0F-10-11-12-13-14-15-16-17-18-19-1A-1B-1C-1D-1E-1F-20-21-22-23-24-25-26-27-28-29-2A-2B-2C-2D-2E-2F-30-31-32-33-34-35-36-37-38-39-3A-3B-3C-3D-3E-3F-40-41-42-43-44-45-46-47-48-49-4A-4B-4C-4D-4E-4F-50-51-52-53-54-55-56-57-58-59-5A-5B-5C-5D-5E-5F-60-61-62-63-64-65-66-67-68-69-6A-6B-6C-6D-6E-6F-70-71-72-73-74-75-76-77-78-79-7A-7B-7C-7D-7E-7F-80-81-82-83-84-85-86-87-88-89-8A-8B-8C-8D-8E-8F-90-91-92-93-94-95-96-97-98-99-9A-9B-9C-9D-9E-9F-A0-A1-A2-A3-A4-A5-A6-A7-A8-A9-AA-AB-AC-AD-AE-AF-B0-B1-B2-B3-B4-B5-B6-B7-B8-B9-BA-BB-BC-BD-BE-BF-C0-C1-C2-C3-C4-C5-C6-C7-C8-C9-CA-CB-CC-CD-CE-CF-D0-D1-D2-D3-D4-D5-D6-D7-D8-D9-DA-DB-DC-DD-DE-DF-E0-E1-E2-E3-E4-E5-E6-E7-E8-E9-EA-EB-EC-ED-EE-EF-F0-F1-F2-F3-F4-F5-F6-F7-F8-F9-FA-FB-FC-FD-FE-FF-00-01-02-03-04-05-06-07-08-09-0A-0B-0C-0D-0E-0F-10-11-12-13-14-15-16-17-18-19-1A-1B-1C-1D-1E-1F-20-21-22-23-24-25-26-27-28-29-2A-2B-2C-2D-2E-2F-30-31-32-33-34-35-36-37-38-39-3A-3B-3C-3D-3E-3F-40-41-42-43-44-45-46-47-48-49-4A-4B-4C-4D-4E-4F-50-51-52-53-54-55-56-57-58-59-5A-5B-5C-5D-5E-5F-60-61-62-63-64-65-66-67-68-69-6A-6B-6C-6D-6E-6F-70-71-72-73-74-75-76-77-78-79-7A-7B-7C-7D-7E-7F-80-81-82-83-84-85-86-87-88-89-8A-8B-8C-8D-8E-8F-90-91-92-93-94-95-96-97-98-99-9A-9B-9C-9D-9E-9F-A0-A1-A2-A3-A4-A5-A6-A7-A8-A9-AA-AB-AC-AD-AE-AF-B0-B1-B2-B3-B4-B5-B6-B7-B8-B9-BA-BB-BC-BD-BE-BF-C0-C1-C2-C3-C4-C5-C6-C7-C8-C9-CA-CB-CC-CD-CE-CF-D0-D1-D2-D3-D4-D5-D6-D7-D8-D9-DA-DB-DC-DD-DE-DF-E0-E1-E2-E3-E4-E5-E6-E7-E8-E9-EA-EB-EC-ED-EE-EF-F0-F1-F2-F3-F4-F5-F6-F7-F8-F9-FA-FB-FC-FD-FE-FF-00-01-02-03-04-05-06-07-08-09-0A-0B-0C-0D-0E-0F-10-11-12-13-14-15-16-17-18-19-1A-1B-1C-1D-1E-1F-20-21-22-23-24-25-26-27-28-29-2A-2B-2C-2D-2E-2F-30-31-32-33-34-35-36-37-38-39-3A-3B-3C-3D-3E-3F-40-41-42-43-44-45-46-47-48-49-4A-4B-4C-4D-4E-4F-50-51-52-53-54-55-56-57-58-59-5A-5B-5C-5D-5E-5F-60-61-62-63-64-65-66-67-68-69-6A-6B-6C-6D-6E-6F-70-71-72-73-74-75-76-77-78-79-7A-7B-7C-7D-7E-7F-80-81-82-83-84-85-86-87-88-89-8A-8B-8C-8D-8E-8F-90-91-92-93-94-95-96-97-98-99-9A-9B-9C-9D-9E-9F-A0-A1-A2-A3-A4-A5-A6-A7-A8-A9-AA-AB-AC-AD-AE-AF-B0-B1-B2-B3-B4-B5-B6-B7-B8-B9-BA-BB-BC-BD-BE-BF-C0-C1-C2-C3-C4-C5-C6-C7-C8-C9-CA-CB-CC-CD-CE-CF-D0-D1-D2-D3-D4-D5-D6-D7-D8-D9-DA-DB-DC-DD-DE-DF-E0-E1-E2-E3-E4-E5-E6-E7-E8-E9-EA-EB-EC-ED-EE-EF-F0-F1-F2-F3-F4-F5-F6-F7-F8-F9-FA-FB-FC-FD-FE-FF-00-01-02-03-04-05-06-07-08-09-0A-0B-0C-0D-0E-0F-10-11-12-13-14-15-16-17-18-19-1A-1B-1C-1D-1E-1F-20-21-22-23-24-25-26-27-28-29-2A-2B-2C-2D-2E-2F-30-31-32-33-34-35-36-37-38-39-3A-3B-3C-3D-3E-3F-40-41-42-43-44-45-46-47-48-49-4A-4B-4C-4D-4E-4F-50-51-52-53-54-55-56-57-58-59-5A-5B-5C-5D-5E-5F-60-61-62-63-64-65-66-67-68-69-6A-6B-6C-6D-6E-6F-70-71-72-73-74-75-76-77-78-79-7A-7B-7C-7D-7E-7F-80-81-82-83-84-85-86-87-88-89-8A-8B-8C-8D-8E-8F-90-91-92-93-94-95-96-97-98-99-9A-9B-9C-9D-9E-9F-A0-A1-A2-A3-A4-A5-A6-A7-A8-A9-AA-AB-AC-AD-AE-AF-B0-B1-B2-B3-B4-B5-B6-B7-B8-B9-BA-BB-BC-BD-BE-BF-C0-C1-C2-C3-C4-C5-C6-C7-C8-C9-CA-CB-CC-CD-CE-CF-D0-D1-D2-D3-D4-D5-D6-D7-D8-D9-DA-DB-DC-DD-DE-DF-E0-E1-E2-E3-E4-E5-E6-E7-E8-E9-EA-EB-EC-ED-EE-EF-F0-F1-F2-F3-F4-F5-F6-F7-F8-F9-FA-FB-FC-FD-FE-FF-00-01-02-03-04-05-06-07-08-09-0A-0B-0C-0D-0E-0F-10-11-12-13-14-15-16-17-18-19-1A-1B-1C-1D-1E-1F-20-21-22-23-24-25-26-27-28-29-2A-2B-2C-2D-2E-2F-30-31-32-33-34-35-36-37-38-39-3A-3B-3C-3D-3E-3F-40-41-42-43-44-45-46-47-48-49-4A-4B-4C-4D-4E-4F-50-51-52-53-54-55-56-57-58-59-5A-5B-5C-5D-5E-5F-60-61-62-63-64-65-66-67-68-69-6A-6B-6C-6D-6E-6F-70-71-72-73-74-75-76-77-78-79-7A-7B-7C-7D-7E-7F-80-81-82-83-84-85-86-87-88-89-8A-8B-8C-8D-8E-8F-90-91-92-93-94-95-96-97-98-99-9A-9B-9C-9D-9E-9F-A0-A1-A2-A3-A4-A5-A6-A7-A8-A9-AA-AB-AC-AD-AE-AF-B0-B1-B2-B3-B4-B5-B6-B7-B8-B9-BA-BB-BC-BD-BE-BF-C0-C1-C2-C3-C4-C5-C6-C7-C8-C9-CA-CB-CC-CD-CE-CF-D0-D1-D2-D3-D4-D5-D6-D7-D8-D9-DA-DB-DC-DD-DE-DF-E0-E1-E2-E3-E4-E5-E6-E7-E8-E9-EA-EB-EC-ED-EE-EF-F0-F1-F2-F3-F4-F5-F6-F7-F8-F9-FA-FB-FC-FD-FE-FF-00-01-02-03-04-05-06-07-08-09-0A-0B-0C-0D-0E-0F-10-11-12-13-14-15-16-17-18-19-1A-1B-1C-1D-1E-1F-20-21-22-23-24-25-26-27-28-29-2A-2B-2C-2D-2E-2F-30-31-32-33-34-35-36-37-38-39-3A-3B-3C-3D-3E-3F-40-41-42-43-44-45-46-47-48-49-4A-4B-4C-4D-4E-4F-50-51-52-53-54-55-56-57-58-59-5A-5B-5C-5D-5E-5F-60-61-62-63-64-65-66-67-68-69-6A-6B-6C-6D-6E-6F-70-71-72-73-74-75-76-77-78-79-7A-7B-7C-7D-7E-7F-80-81-82-83-84-85-86-87-88-89-8A-8B-8C-8D-8E-8F-90-91-92-93-94-95-96-97-98-99-9A-9B-9C-9D-9E-9F-A0-A1-A2-A3-A4-A5-A6-A7-A8-A9-AA-AB-AC-AD-AE-AF-B0-B1-B2-B3-B4-B5-B6-B7-B8-B9-BA-BB-BC-BD-BE-BF-C0-C1-C2-C3-C4-C5-C6-C7-C8-C9-CA-CB-CC-CD-CE-CF-D0-D1-D2-D3-D4-D5-D6-D7-D8-D9-DA-DB-DC-DD-DE-DF-E0-E1-E2-E3-E4-E5-E6-E7-E8-E9-EA-EB-EC-ED-EE-EF-F0-F1-F2-F3-F4-F5-F6-F7-F8-F9-FA-FB-FC-FD-FE-FF-00-01-02-03-04-05-06-07-08-09-0A-0B-0C-0D-0E-0F-10-11-12-13-14-15-16-17-18-19-1A-1B-1C-1D-1E-1F-20-21-22-23-24-25-26-27-28-29-2A-2B-2C-2D-2E-2F-30-31-32-33-34-35-36-37-38-39-3A-3B-3C-3D-3E-3F-40-41-42-43-44-45-46-47-48-49-4A-4B-4C-4D-4E-4F-50-51-52-53-54-55-56-57-58-59-5A-5B-5C-5D-5E-5F-60-61-62-63-64-65-66-67-68-69-6A-6B-6C-6D-6E-6F-70-71-72-73-74-75-76-77-78-79-7A-7B-7C-7D-7E-7F-80-81-82-83-84-85-86-87-88-89-8A-8B-8C-8D-8E-8F-90-91-92-93-94-95-96-97-98-99-9A-9B-9C-9D-9E-9F-A0-A1-A2-A3-A4-A5-A6-A7-A8-A9-AA-AB-AC-AD-AE-AF-B0-B1-B2-B3-B4-B5-B6-B7-B8-B9-BA-BB-BC-BD-BE-BF-C0-C1-C2-C3-C4-C5-C6-C7-C8-C9-CA-CB-CC-CD-CE-CF-D0-D1-D2-D3-D4-D5-D6-D7-D8-D9-DA-DB-DC-DD-DE-DF-E0-E1-E2-E3-E4-E5-E6-E7-E8-E9-EA-EB-EC-ED-EE-EF-F0-F1-F2-F3-F4-F5-F6-F7-F8-F9-FA-FB-FC-FD-FE-FF-00-01-02-03-04-05-06-07-08-09-0A-0B-0C-0D-0E-0F-10-11-12-13-14-15-16-17-18-19-1A-1B-1C-1D-1E-1F-20-21-22-23-24-25-26-27-28-29-2A-2B-2C-2D-2E-2F-30-31-32-33-34-35-36-37-38-39-3A-3B-3C-3D-3E-3F-40-41-42-43-44-45-46-47-48-49-4A-4B-4C-4D-4E-4F-50-51-52-53-54-55-56-57-58-59-5A-5B-5C-5D-5E-5F-60-61-62-63-64-65-66-67-68-69-6A-6B-6C-6D-6E-6F-70-71-72-73-74-75-76-77-78-79-7A-7B-7C-7D-7E-7F-80-81-82-83-84-85-86-87-88-89-8A-8B-8C-8D-8E-8F-90-91-92-93-94-95-96-97-98-99-9A-9B-9C-9D-9E-9F-A0-A1-A2-A3-A4-A5-A6-A7-A8-A9-AA-AB-AC-AD-AE-AF-B0-B1-B2-B3-B4-B5-B6-B7-B8-B9-BA-BB-BC-BD-BE-BF-C0-C1-C2-C3-C4-C5-C6-C7-C8-C9-CA-CB-CC-CD-CE-CF-D0-D1-D2-D3-D4-D5-D6-D7-D8-D9-DA-DB-DC-DD-DE-DF-E0-E1-E2-E3-E4-E5-E6-E7-E8-E9-EA-EB-EC-ED-EE-EF-F0-F1-F2-F3-F4-F5-F6-F7-F8-F9-FA-FB-FC-FD-FE-FF-00-01-02-03-04-05-06-07-08-09-0A-0B-0C-0D-0E-0F-10-11-12-13-14-15-16-17-18-19-1A-1B-1C-1D-1E-1F-20-21-22-23-24-25-26-27-28-29-2A-2B-2C-2D-2E-2F-30-31-32-33-34-35-36-37-38-39-3A-3B-3C-3D-3E-3F-40-41-42-43-44-45-46-47-48-49-4A-4B-4C-4D-4E-4F-50-51-52-53-54-55-56-57-58-59-5A-5B-5C-5D-5E-5F-60-61-62-63-64-65-66-67-68-69-6A-6B-6C-6D-6E-6F-70-71-72-73-74-75-76-77-78-79-7A-7B-7C-7D-7E-7F-80-81-82-83-84-85-86-87-88-89-8A-8B-8C-8D-8E-8F-90-91-92-93-94-95-96-97-98-99-9A-9B-9C-9D-9E-9F-A0-A1-A2-A3-A4-A5-A6-A7-A8-A9-AA-AB-AC-AD-AE-AF-B0-B1-B2-B3-B4-B5-B6-B7-B8-B9-BA-BB-BC-BD-BE-BF-C0-C1-C2-C3-C4-C5-C6-C7-C8-C9-CA-CB-CC-CD-CE-CF-D0-D1-D2-D3-D4-D5-D6-D7-D8-D9-DA-DB-DC-DD-DE-DF-E0-E1-E2-E3-E4-E5-E6-E7-E8-E9-EA-EB-EC-ED-EE-EF-F0-F1-F2-F3-F4-F5-F6-F7-F8-F9-FA-FB-FC-FD-FE-FF-00-01-02-03-04-05-06-07-08-09-0A-0B-0C-0D-0E-0F-10-11-12-13-14-15-16-17-18-19-1A-1B-1C-1D-1E-1F-20-21-22-23-24-25-26-27-28-29-2A-2B-2C-2D-2E-2F-30-31-32-33-34-35-36-37-38-39-3A-3B-3C-3D-3E-3F-40-41-42-43-44-45-46-47-48-49-4A-4B-4C-4D-4E-4F-50-51-52-53-54-55-56-57-58-59-5A-5B-5C-5D-5E-5F-60-61-62-63-64-65-66-67-68-69-6A-6B-6C-6D-6E-6F-70-71-72-73-74-75-76-77-78-79-7A-7B-7C-7D-7E-7F-80-81-82-83-84-85-86-87-88-89-8A-8B-8C-8D-8E-8F-90-91-92-93-94-95-96-97-98-99-9A-9B-9C-9D-9E-9F-A0-A1-A2-A3-A4-A5-A6-A7-A8-A9-AA-AB-AC-AD-AE-AF-B0-B1-B2-B3-B4-B5-B6-B7-B8-B9-BA-BB-BC-BD-BE-BF-C0-C1-C2-C3-C4-C5-C6-C7-C8-C9-CA-CB-CC-CD-CE-CF-D0-D1-D2-D3-D4-D5-D6-D7-D8-D9-DA-DB-DC-DD-DE-DF-E0-E1-E2-E3-E4-E5-E6-E7-E8-E9-EA-EB-EC-ED-EE-EF-F0-F1-F2-F3-F4-F5-F6-F7-F8-F9-FA-FB-FC-FD-FE-FF-00-01-02-03-04-05-06-07-08-09-0A-0B-0C-0D-0E-0F-10-11-12-13-14-15-16-17-18-19-1A-1B-1C-1D-1E-1F-20-21-22-23-24-25-26-27-28-29-2A-2B-2C-2D-2E-2F-30-31-32-33-34-35-36-37-38-39-3A-3B-3C-3D-3E-3F-40-41-42-43-44-45-46-47-48-49-4A-4B-4C-4D-4E-4F-50-51-52-53-54-55-56-57-58-59-5A-5B-5C-5D-5E-5F-60-61-62-63-64-65-66-67-68-69-6A-6B-6C-6D-6E-6F-70-71-72-73-74-75-76-77-78-79-7A-7B-7C-7D-7E-7F-80-81-82-83-84-85-86-87-88-89-8A-8B-8C-8D-8E-8F-90-91-92-93-94-95-96-97-98-99-9A-9B-9C-9D-9E-9F-A0-A1-A2-A3-A4-A5-A6-A7-A8-A9-AA-AB-AC-AD-AE-AF-B0-B1-B2-B3-B4-B5-B6-B7-B8-B9-BA-BB-BC-BD-BE-BF-C0-C1-C2-C3-C4-C5-C6-C7-C8-C9-CA-CB-CC-CD-CE-CF-D0-D1-D2-D3-D4-D5-D6-D7-D8-D9-DA-DB-DC-DD-DE-DF-E0-E1-E2-E3-E4-E5-E6-E7-E8-E9-EA-EB-EC-ED-EE-EF-F0-F1-F2-F3-F4-F5-F6-F7-F8-F9-FA-FB-FC-FD-FE-FF-00-01-02-03-04-05-06-07-08-09-0A-0B-0C-0D-0E-0F-10-11-12-13-14-15-16-17-18-19-1A-1B-1C-1D-1E-1F-20-21-22-23-24-25-26-27-28-29-2A-2B-2C-2D-2E-2F-30-31-32-33-34-35-36-37-38-39-3A-3B-3C-3D-3E-3F-40-41-42-43-44-45-46-47-48-49-4A-4B-4C-4D-4E-4F-50-51-52-53-54-55-56-57-58-59-5A-5B-5C-5D-5E-5F-60-61-62-63-64-65-66-67-68-69-6A-6B-6C-6D-6E-6F-70-71-72-73-74-75-76-77-78-79-7A-7B-7C-7D-7E-7F-80-81-82-83-84-85-86-87-88-89-8A-8B-8C-8D-8E-8F-90-91-92-93-94-95-96-97-98-99-9A-9B-9C-9D-9E-9F-A0-A1-A2-A3-A4-A5-A6-A7-A8-A9-AA-AB-AC-AD-AE-AF-B0-B1-B2-B3-B4-B5-B6-B7-B8-B9-BA-BB-BC-BD-BE-BF-C0-C1-C2-C3-C4-C5-C6-C7-C8-C9-CA-CB-CC-CD-CE-CF-D0-D1-D2-D3-D4-D5-D6-D7-D8-D9-DA-DB-DC-DD-DE-DF-E0-E1-E2-E3-E4-E5-E6-E7-E8-E9-EA-EB-EC-ED-EE-EF-F0-F1-F2-F3-F4-F5-F6-F7-F8-F9-FA-FB-FC-FD-FE-FF-00-01-02-03-04-05-06-07-08-09-0A-0B-0C-0D-0E-0F-10-11-12-13-14-15-16-17-18-19-1A-1B-1C-1D-1E-1F-20-21-22-23-24-25-26-27-28-29-2A-2B-2C-2D-2E-2F-30-31-32-33-34-35-36-37-38-39-3A-3B-3C-3D-3E-3F-40-41-42-43-44-45-46-47-48-49-4A-4B-4C-4D-4E-4F-50-51-52-53-54-55-56-57-58-59-5A-5B-5C-5D-5E-5F-60-61-62-63-64-65-66-67-68-69-6A-6B-6C-6D-6E-6F-70-71-72-73-74-75-76-77-78-79-7A-7B-7C-7D-7E-7F-80-81-82-83-84-85-86-87-88-89-8A-8B-8C-8D-8E-8F-90-91-92-93-94-95-96-97-98-99-9A-9B-9C-9D-9E-9F-A0-A1-A2-A3-A4-A5-A6-A7-A8-A9-AA-AB-AC-AD-AE-AF-B0-B1-B2-B3-B4-B5-B6-B7-B8-B9-BA-BB-BC-BD-BE-BF-C0-C1-C2-C3-C4-C5-C6-C7-C8-C9-CA-CB-CC-CD-CE-CF-D0-D1-D2-D3-D4-D5-D6-D7-D8-D9-DA-DB-DC-DD-DE-DF-E0-E1-E2-E3-E4-E5-E6-E7-E8-E9-EA-EB-EC-ED-EE-EF-F0-F1-F2-F3-F4-F5-F6-F7-F8-F9-FA-FB-FC-FD-FE-FF-00-01-02-03-04-05-06-07-08-09-0A-0B-0C-0D-0E-0F-10-11-12-13-14-15-16-17-18-19-1A-1B-1C-1D-1E-1F-20-21-22-23-24-25-26-27-28-29-2A-2B-2C-2D-2E-2F-30-31-32-33-34-35-36-37-38-39-3A-3B-3C-3D-3E-3F-40-41-42-43-44-45-46-47-48-49-4A-4B-4C-4D-4E-4F-50-51-52-53-54-55-56-57-58-59-5A-5B-5C-5D-5E-5F-60-61-62-63-64-65-66-67-68-69-6A-6B-6C-6D-6E-6F-70-71-72-73-74-75-76-77-78-79-7A-7B-7C-7D-7E-7F-80-81-82-83-84-85-86-87-88-89-8A-8B-8C-8D-8E-8F-90-91-92-93-94-95-96-97-98-99-9A-9B-9C-9D-9E-9F-A0-A1-A2-A3-A4-A5-A6-A7-A8-A9-AA-AB-AC-AD-AE-AF-B0-B1-B2-B3-B4-B5-B6-B7-B8-B9-BA-BB-BC-BD-BE-BF-C0-C1-C2-C3-C4-C5-C6-C7-C8-C9-CA-CB-CC-CD-CE-CF-D0-D1-D2-D3-D4-D5-D6-D7-D8-D9-DA-DB-DC-DD-DE-DF-E0-E1-E2-E3-E4-E5-E6-E7-E8-E9-EA-EB-EC-ED-EE-EF-F0-F1-F2-F3-F4-F5-F6-F7-F8-F9-FA-FB-FC-FD-FE-FF-00-01-02-03-04-05-06-07-08-09-0A-0B-0C-0D-0E-0F-10-11-12-13-14-15-16-17-18-19-1A-1B-1C-1D-1E-1F-20-21-22-23-24-25-26-27-28-29-2A-2B-2C-2D-2E-2F-30-31-32-33-34-35-36-37-38-39-3A-3B-3C-3D]
11:36:40,264 [1] INFO PCUClient - UDS RESPONSE  TPUDSMsg : SI:RESPONSE_PUDS_SI_TransferData, SA:01, TA:F1, RA:0x00, Result:PUDS_RESULT_N_OK - OK !
	LEN: 4095, DATA: [76-01-02-03-04-05-06-07-08-09-0A-0B-0C-0D-0E-0F-10-11-12-13-14-15-16-17-18-19-1A-1B-1C-1D-1E-1F-20-21-22-23-24-25-26-27-28-29-2A-2B-2C-2D-2E-2F-30-31-32-33-34-35-36-37-38-39-3A-3B-3C-3D-3E-3F-40-41-42-43-44-45-46-47-48-49-4A-4B-4C-4D-4E-4F-50-51-52-53-54-55-56-57-58-59-5A-5B-5C-5D-5E-5F-60-61-62-63-64-65-66-67-68-69-6A-6B-6C-6D-6E-6F-70-71-72-73-74-75-76-77-78-79-7A-7B-7C-7D-7E-7F-80-81-82-83-84-85-86-87-88-89-8A-8B-8C-8D-8E-8F-90-91-92-93-94-95-96-97-98-99-9A-9B-9C-9D-9E-9F-A0-A1-A2-A3-A4-A5-A6-A7-A8-A9-AA-AB-AC-AD-AE-AF-B0-B1-B2-B3-B4-B5-B6-B7-B8-B9-BA-BB-BC-BD-BE-BF-C0-C1-C2-C3-C4-C5-C6-C7-C8-C9-CA-CB-CC-CD-CE-CF-D0-D1-D2-D3-D4-D5-D6-D7-D8-D9-DA-DB-DC-DD-DE-DF-E0-E1-E2-E3-E4-E5-E6-E7-E8-E9-EA-EB-EC-ED-EE-EF-F0-F1-F2-F3-F4-F5-F6-F7-F8-F9-FA-FB-FC-FD-FE-FF-00-01-02-03-04-05-06-07-08-09-0A-0B-0C-0D-0E-0F-10-11-12-13-14-15-16-17-18-19-1A-1B-1C-1D-1E-1F-20-21-22-23-24-25-26-27-28-29-2A-2B-2C-2D-2E-2F-30-31-32-33-34-35-36-37-38-39-3A-3B-3C-3D-3E-3F-40-41-42-43-44-45-46-47-48-49-4A-4B-4C-4D-4E-4F-50-51-52-53-54-55-56-57-58-59-5A-5B-5C-5D-5E-5F-60-61-62-63-64-65-66-67-68-69-6A-6B-6C-6D-6E-6F-70-71-72-73-74-75-76-77-78-79-7A-7B-7C-7D-7E-7F-80-81-82-83-84-85-86-87-88-89-8A-8B-8C-8D-8E-8F-90-91-92-93-94-95-96-97-98-99-9A-9B-9C-9D-9E-9F-A0-A1-A2-A3-A4-A5-A6-A7-A8-A9-AA-AB-AC-AD-AE-AF-B0-B1-B2-B3-B4-B5-B6-B7-B8-B9-BA-BB-BC-BD-BE-BF-C0-C1-C2-C3-C4-C5-C6-C7-C8-C9-CA-CB-CC-CD-CE-CF-D0-D1-D2-D3-D4-D5-D6-D7-D8-D9-DA-DB-DC-DD-DE-DF-E0-E1-E2-E3-E4-E5-E6-E7-E8-E9-EA-EB-EC-ED-EE-EF-F0-F1-F2-F3-F4-F5-F6-F7-F8-F9-FA-FB-FC-FD-FE-FF-00-01-02-03-04-05-06-07-08-09-0A-0B-0C-0D-0E-0F-10-11-12-13-14-15-16-17-18-19-1A-1B-1C-1D-1E-1F-20-21-22-23-24-25-26-27-28-29-2A-2B-2C-2D-2E-2F-30-31-32-33-34-35-36-37-38-39-3A-3B-3C-3D-3E-3F-40-41-42-43-44-45-46-47-48-49-4A-4B-4C-4D-4E-4F-50-51-52-53-54-55-56-57-58-59-5A-5B-5C-5D-5E-5F-60-61-62-63-64-65-66-67-68-69-6A-6B-6C-6D-6E-6F-70-71-72-73-74-75-76-77-78-79-7A-7B-7C-7D-7E-7F-80-81-82-83-84-85-86-87-88-89-8A-8B-8C-8D-8E-8F-90-91-92-93-94-95-96-97-98-99-9A-9B-9C-9D-9E-9F-A0-A1-A2-A3-A4-A5-A6-A7-A8-A9-AA-AB-AC-AD-AE-AF-B0-B1-B2-B3-B4-B5-B6-B7-B8-B9-BA-BB-BC-BD-BE-BF-C0-C1-C2-C3-C4-C5-C6-C7-C8-C9-CA-CB-CC-CD-CE-CF-D0-D1-D2-D3-D4-D5-D6-D7-D8-D9-DA-DB-DC-DD-DE-DF-E0-E1-E2-E3-E4-E5-E6-E7-E8-E9-EA-EB-EC-ED-EE-EF-F0-F1-F2-F3-F4-F5-F6-F7-F8-F9-FA-FB-FC-FD-FE-FF-00-01-02-03-04-05-06-07-08-09-0A-0B-0C-0D-0E-0F-10-11-12-13-14-15-16-17-18-19-1A-1B-1C-1D-1E-1F-20-21-22-23-24-25-26-27-28-29-2A-2B-2C-2D-2E-2F-30-31-32-33-34-35-36-37-38-39-3A-3B-3C-3D-3E-3F-40-41-42-43-44-45-46-47-48-49-4A-4B-4C-4D-4E-4F-50-51-52-53-54-55-56-57-58-59-5A-5B-5C-5D-5E-5F-60-61-62-63-64-65-66-67-68-69-6A-6B-6C-6D-6E-6F-70-71-72-73-74-75-76-77-78-79-7A-7B-7C-7D-7E-7F-80-81-82-83-84-85-86-87-88-89-8A-8B-8C-8D-8E-8F-90-91-92-93-94-95-96-97-98-99-9A-9B-9C-9D-9E-9F-A0-A1-A2-A3-A4-A5-A6-A7-A8-A9-AA-AB-AC-AD-AE-AF-B0-B1-B2-B3-B4-B5-B6-B7-B8-B9-BA-BB-BC-BD-BE-BF-C0-C1-C2-C3-C4-C5-C6-C7-C8-C9-CA-CB-CC-CD-CE-CF-D0-D1-D2-D3-D4-D5-D6-D7-D8-D9-DA-DB-DC-DD-DE-DF-E0-E1-E2-E3-E4-E5-E6-E7-E8-E9-EA-EB-EC-ED-EE-EF-F0-F1-F2-F3-F4-F5-F6-F7-F8-F9-FA-FB-FC-FD-FE-FF-00-01-02-03-04-05-06-07-08-09-0A-0B-0C-0D-0E-0F-10-11-12-13-14-15-16-17-18-19-1A-1B-1C-1D-1E-1F-20-21-22-23-24-25-26-27-28-29-2A-2B-2C-2D-2E-2F-30-31-32-33-34-35-36-37-38-39-3A-3B-3C-3D-3E-3F-40-41-42-43-44-45-46-47-48-49-4A-4B-4C-4D-4E-4F-50-51-52-53-54-55-56-57-58-59-5A-5B-5C-5D-5E-5F-60-61-62-63-64-65-66-67-68-69-6A-6B-6C-6D-6E-6F-70-71-72-73-74-75-76-77-78-79-7A-7B-7C-7D-7E-7F-80-81-82-83-84-85-86-87-88-89-8A-8B-8C-8D-8E-8F-90-91-92-93-94-95-96-97-98-99-9A-9B-9C-9D-9E-9F-A0-A1-A2-A3-A4-A5-A6-A7-A8-A9-AA-AB-AC-AD-AE-AF-B0-B1-B2-B3-B4-B5-B6-B7-B8-B9-BA-BB-BC-BD-BE-BF-C0-C1-C2-C3-C4-C5-C6-C7-C8-C9-CA-CB-CC-CD-CE-CF-D0-D1-D2-D3-D4-D5-D6-D7-D8-D9-DA-DB-DC-DD-DE-DF-E0-E1-E2-E3-E4-E5-E6-E7-E8-E9-EA-EB-EC-ED-EE-EF-F0-F1-F2-F3-F4-F5-F6-F7-F8-F9-FA-FB-FC-FD-FE-FF-00-01-02-03-04-05-06-07-08-09-0A-0B-0C-0D-0E-0F-10-11-12-13-14-15-16-17-18-19-1A-1B-1C-1D-1E-1F-20-21-22-23-24-25-26-27-28-29-2A-2B-2C-2D-2E-2F-30-31-32-33-34-35-36-37-38-39-3A-3B-3C-3D-3E-3F-40-41-42-43-44-45-46-47-48-49-4A-4B-4C-4D-4E-4F-50-51-52-53-54-55-56-57-58-59-5A-5B-5C-5D-5E-5F-60-61-62-63-64-65-66-67-68-69-6A-6B-6C-6D-6E-6F-70-71-72-73-74-75-76-77-78-79-7A-7B-7C-7D-7E-7F-80-81-82-83-84-85-86-87-88-89-8A-8B-8C-8D-8E-8F-90-91-92-93-94-95-96-97-98-99-9A-9B-9C-9D-9E-9F-A0-A1-A2-A3-A4-A5-A6-A7-A8-A9-AA-AB-AC-AD-AE-AF-B0-B1-B2-B3-B4-B5-B6-B7-B8-B9-BA-BB-BC-BD-BE-BF-C0-C1-C2-C3-C4-C5-C6-C7-C8-C9-CA-CB-CC-CD-CE-CF-D0-D1-D2-D3-D4-D5-D6-D7-D8-D9-DA-DB-DC-DD-DE-DF-E0-E1-E2-E3-E4-E5-E6-E7-E8-E9-EA-EB-EC-ED-EE-EF-F0-F1-F2-F3-F4-F5-F6-F7-F8-F9-FA-FB-FC-FD-FE-FF-00-01-02-03-04-05-06-07-08-09-0A-0B-0C-0D-0E-0F-10-11-12-13-14-15-16-17-18-19-1A-1B-1C-1D-1E-1F-20-21-22-23-24-25-26-27-28-29-2A-2B-2C-2D-2E-2F-30-31-32-33-34-35-36-37-38-39-3A-3B-3C-3D-3E-3F-40-41-42-43-44-45-46-47-48-49-4A-4B-4C-4D-4E-4F-50-51-52-53-54-55-56-57-58-59-5A-5B-5C-5D-5E-5F-60-61-62-63-64-65-66-67-68-69-6A-6B-6C-6D-6E-6F-70-71-72-73-74-75-76-77-78-79-7A-7B-7C-7D-7E-7F-80-81-82-83-84-85-86-87-88-89-8A-8B-8C-8D-8E-8F-90-91-92-93-94-95-96-97-98-99-9A-9B-9C-9D-9E-9F-A0-A1-A2-A3-A4-A5-A6-A7-A8-A9-AA-AB-AC-AD-AE-AF-B0-B1-B2-B3-B4-B5-B6-B7-B8-B9-BA-BB-BC-BD-BE-BF-C0-C1-C2-C3-C4-C5-C6-C7-C8-C9-CA-CB-CC-CD-CE-CF-D0-D1-D2-D3-D4-D5-D6-D7-D8-D9-DA-DB-DC-DD-DE-DF-E0-E1-E2-E3-E4-E5-E6-E7-E8-E9-EA-EB-EC-ED-EE-EF-F0-F1-F2-F3-F4-F5-F6-F7-F8-F9-FA-FB-FC-FD-FE-FF-00-01-02-03-04-05-06-07-08-09-0A-0B-0C-0D-0E-0F-10-11-12-13-14-15-16-17-18-19-1A-1B-1C-1D-1E-1F-20-21-22-23-24-25-26-27-28-29-2A-2B-2C-2D-2E-2F-30-31-32-33-34-35-36-37-38-39-3A-3B-3C-3D-3E-3F-40-41-42-43-44-45-46-47-48-49-4A-4B-4C-4D-4E-4F-50-51-52-53-54-55-56-57-58-59-5A-5B-5C-5D-5E-5F-60-61-62-63-64-65-66-67-68-69-6A-6B-6C-6D-6E-6F-70-71-72-73-74-75-76-77-78-79-7A-7B-7C-7D-7E-7F-80-81-82-83-84-85-86-87-88-89-8A-8B-8C-8D-8E-8F-90-91-92-93-94-95-96-97-98-99-9A-9B-9C-9D-9E-9F-A0-A1-A2-A3-A4-A5-A6-A7-A8-A9-AA-AB-AC-AD-AE-AF-B0-B1-B2-B3-B4-B5-B6-B7-B8-B9-BA-BB-BC-BD-BE-BF-C0-C1-C2-C3-C4-C5-C6-C7-C8-C9-CA-CB-CC-CD-CE-CF-D0-D1-D2-D3-D4-D5-D6-D7-D8-D9-DA-DB-DC-DD-DE-DF-E0-E1-E2-E3-E4-E5-E6-E7-E8-E9-EA-EB-EC-ED-EE-EF-F0-F1-F2-F3-F4-F5-F6-F7-F8-F9-FA-FB-FC-FD-FE-FF-00-01-02-03-04-05-06-07-08-09-0A-0B-0C-0D-0E-0F-10-11-12-13-14-15-16-17-18-19-1A-1B-1C-1D-1E-1F-20-21-22-23-24-25-26-27-28-29-2A-2B-2C-2D-2E-2F-30-31-32-33-34-35-36-37-38-39-3A-3B-3C-3D-3E-3F-40-41-42-43-44-45-46-47-48-49-4A-4B-4C-4D-4E-4F-50-51-52-53-54-55-56-57-58-59-5A-5B-5C-5D-5E-5F-60-61-62-63-64-65-66-67-68-69-6A-6B-6C-6D-6E-6F-70-71-72-73-74-75-76-77-78-79-7A-7B-7C-7D-7E-7F-80-81-82-83-84-85-86-87-88-89-8A-8B-8C-8D-8E-8F-90-91-92-93-94-95-96-97-98-99-9A-9B-9C-9D-9E-9F-A0-A1-A2-A3-A4-A5-A6-A7-A8-A9-AA-AB-AC-AD-AE-AF-B0-B1-B2-B3-B4-B5-B6-B7-B8-B9-BA-BB-BC-BD-BE-BF-C0-C1-C2-C3-C4-C5-C6-C7-C8-C9-CA-CB-CC-CD-CE-CF-D0-D1-D2-D3-D4-D5-D6-D7-D8-D9-DA-DB-DC-DD-DE-DF-E0-E1-E2-E3-E4-E5-E6-E7-E8-E9-EA-EB-EC-ED-EE-EF-F0-F1-F2-F3-F4-F5-F6-F7-F8-F9-FA-FB-FC-FD-FE-FF-00-01-02-03-04-05-06-07-08-09-0A-0B-0C-0D-0E-0F-10-11-12-13-14-15-16-17-18-19-1A-1B-1C-1D-1E-1F-20-21-22-23-24-25-26-27-28-29-2A-2B-2C-2D-2E-2F-30-31-32-33-34-35-36-37-38-39-3A-3B-3C-3D-3E-3F-40-41-42-43-44-45-46-47-48-49-4A-4B-4C-4D-4E-4F-50-51-52-53-54-55-56-57-58-59-5A-5B-5C-5D-5E-5F-60-61-62-63-64-65-66-67-68-69-6A-6B-6C-6D-6E-6F-70-71-72-73-74-75-76-77-78-79-7A-7B-7C-7D-7E-7F-80-81-82-83-84-85-86-87-88-89-8A-8B-8C-8D-8E-8F-90-91-92-93-94-95-96-97-98-99-9A-9B-9C-9D-9E-9F-A0-A1-A2-A3-A4-A5-A6-A7-A8-A9-AA-AB-AC-AD-AE-AF-B0-B1-B2-B3-B4-B5-B6-B7-B8-B9-BA-BB-BC-BD-BE-BF-C0-C1-C2-C3-C4-C5-C6-C7-C8-C9-CA-CB-CC-CD-CE-CF-D0-D1-D2-D3-D4-D5-D6-D7-D8-D9-DA-DB-DC-DD-DE-DF-E0-E1-E2-E3-E4-E5-E6-E7-E8-E9-EA-EB-EC-ED-EE-EF-F0-F1-F2-F3-F4-F5-F6-F7-F8-F9-FA-FB-FC-FD-FE-FF-00-01-02-03-04-05-06-07-08-09-0A-0B-0C-0D-0E-0F-10-11-12-13-14-15-16-17-18-19-1A-1B-1C-1D-1E-1F-20-21-22-23-24-25-26-27-28-29-2A-2B-2C-2D-2E-2F-30-31-32-33-34-35-36-37-38-39-3A-3B-3C-3D-3E-3F-40-41-42-43-44-45-46-47-48-49-4A-4B-4C-4D-4E-4F-50-51-52-53-54-55-56-57-58-59-5A-5B-5C-5D-5E-5F-60-61-62-63-64-65-66-67-68-69-6A-6B-6C-6D-6E-6F-70-71-72-73-74-75-76-77-78-79-7A-7B-7C-7D-7E-7F-80-81-82-83-84-85-86-87-88-89-8A-8B-8C-8D-8E-8F-90-91-92-93-94-95-96-97-98-99-9A-9B-9C-9D-9E-9F-A0-A1-A2-A3-A4-A5-A6-A7-A8-A9-AA-AB-AC-AD-AE-AF-B0-B1-B2-B3-B4-B5-B6-B7-B8-B9-BA-BB-BC-BD-BE-BF-C0-C1-C2-C3-C4-C5-C6-C7-C8-C9-CA-CB-CC-CD-CE-CF-D0-D1-D2-D3-D4-D5-D6-D7-D8-D9-DA-DB-DC-DD-DE-DF-E0-E1-E2-E3-E4-E5-E6-E7-E8-E9-EA-EB-EC-ED-EE-EF-F0-F1-F2-F3-F4-F5-F6-F7-F8-F9-FA-FB-FC-FD-FE-FF-00-01-02-03-04-05-06-07-08-09-0A-0B-0C-0D-0E-0F-10-11-12-13-14-15-16-17-18-19-1A-1B-1C-1D-1E-1F-20-21-22-23-24-25-26-27-28-29-2A-2B-2C-2D-2E-2F-30-31-32-33-34-35-36-37-38-39-3A-3B-3C-3D-3E-3F-40-41-42-43-44-45-46-47-48-49-4A-4B-4C-4D-4E-4F-50-51-52-53-54-55-56-57-58-59-5A-5B-5C-5D-5E-5F-60-61-62-63-64-65-66-67-68-69-6A-6B-6C-6D-6E-6F-70-71-72-73-74-75-76-77-78-79-7A-7B-7C-7D-7E-7F-80-81-82-83-84-85-86-87-88-89-8A-8B-8C-8D-8E-8F-90-91-92-93-94-95-96-97-98-99-9A-9B-9C-9D-9E-9F-A0-A1-A2-A3-A4-A5-A6-A7-A8-A9-AA-AB-AC-AD-AE-AF-B0-B1-B2-B3-B4-B5-B6-B7-B8-B9-BA-BB-BC-BD-BE-BF-C0-C1-C2-C3-C4-C5-C6-C7-C8-C9-CA-CB-CC-CD-CE-CF-D0-D1-D2-D3-D4-D5-D6-D7-D8-D9-DA-DB-DC-DD-DE-DF-E0-E1-E2-E3-E4-E5-E6-E7-E8-E9-EA-EB-EC-ED-EE-EF-F0-F1-F2-F3-F4-F5-F6-F7-F8-F9-FA-FB-FC-FD-FE-FF-00-01-02-03-04-05-06-07-08-09-0A-0B-0C-0D-0E-0F-10-11-12-13-14-15-16-17-18-19-1A-1B-1C-1D-1E-1F-20-21-22-23-24-25-26-27-28-29-2A-2B-2C-2D-2E-2F-30-31-32-33-34-35-36-37-38-39-3A-3B-3C-3D-3E-3F-40-41-42-43-44-45-46-47-48-49-4A-4B-4C-4D-4E-4F-50-51-52-53-54-55-56-57-58-59-5A-5B-5C-5D-5E-5F-60-61-62-63-64-65-66-67-68-69-6A-6B-6C-6D-6E-6F-70-71-72-73-74-75-76-77-78-79-7A-7B-7C-7D-7E-7F-80-81-82-83-84-85-86-87-88-89-8A-8B-8C-8D-8E-8F-90-91-92-93-94-95-96-97-98-99-9A-9B-9C-9D-9E-9F-A0-A1-A2-A3-A4-A5-A6-A7-A8-A9-AA-AB-AC-AD-AE-AF-B0-B1-B2-B3-B4-B5-B6-B7-B8-B9-BA-BB-BC-BD-BE-BF-C0-C1-C2-C3-C4-C5-C6-C7-C8-C9-CA-CB-CC-CD-CE-CF-D0-D1-D2-D3-D4-D5-D6-D7-D8-D9-DA-DB-DC-DD-DE-DF-E0-E1-E2-E3-E4-E5-E6-E7-E8-E9-EA-EB-EC-ED-EE-EF-F0-F1-F2-F3-F4-F5-F6-F7-F8-F9-FA-FB-FC-FD-FE-FF-00-01-02-03-04-05-06-07-08-09-0A-0B-0C-0D-0E-0F-10-11-12-13-14-15-16-17-18-19-1A-1B-1C-1D-1E-1F-20-21-22-23-24-25-26-27-28-29-2A-2B-2C-2D-2E-2F-30-31-32-33-34-35-36-37-38-39-3A-3B-3C-3D-3E-3F-40-41-42-43-44-45-46-47-48-49-4A-4B-4C-4D-4E-4F-50-51-52-53-54-55-56-57-58-59-5A-5B-5C-5D-5E-5F-60-61-62-63-64-65-66-67-68-69-6A-6B-6C-6D-6E-6F-70-71-72-73-74-75-76-77-78-79-7A-7B-7C-7D-7E-7F-80-81-82-83-84-85-86-87-88-89-8A-8B-8C-8D-8E-8F-90-91-92-93-94-95-96-97-98-99-9A-9B-9C-9D-9E-9F-A0-A1-A2-A3-A4-A5-A6-A7-A8-A9-AA-AB-AC-AD-AE-AF-B0-B1-B2-B3-B4-B5-B6-B7-B8-B9-BA-BB-BC-BD-BE-BF-C0-C1-C2-C3-C4-C5-C6-C7-C8-C9-CA-CB-CC-CD-CE-CF-D0-D1-D2-D3-D4-D5-D6-D7-D8-D9-DA-DB-DC-DD-DE-DF-E0-E1-E2-E3-E4-E5-E6-E7-E8-E9-EA-EB-EC-ED-EE-EF-F0-F1-F2-F3-F4-F5-F6-F7-F8-F9-FA-FB-FC-FD-FE-FF-00-01-02-03-04-05-06-07-08-09-0A-0B-0C-0D-0E-0F-10-11-12-13-14-15-16-17-18-19-1A-1B-1C-1D-1E-1F-20-21-22-23-24-25-26-27-28-29-2A-2B-2C-2D-2E-2F-30-31-32-33-34-35-36-37-38-39-3A-3B-3C-3D-3E-3F-40-41-42-43-44-45-46-47-48-49-4A-4B-4C-4D-4E-4F-50-51-52-53-54-55-56-57-58-59-5A-5B-5C-5D-5E-5F-60-61-62-63-64-65-66-67-68-69-6A-6B-6C-6D-6E-6F-70-71-72-73-74-75-76-77-78-79-7A-7B-7C-7D-7E-7F-80-81-82-83-84-85-86-87-88-89-8A-8B-8C-8D-8E-8F-90-91-92-93-94-95-96-97-98-99-9A-9B-9C-9D-9E-9F-A0-A1-A2-A3-A4-A5-A6-A7-A8-A9-AA-AB-AC-AD-AE-AF-B0-B1-B2-B3-B4-B5-B6-B7-B8-B9-BA-BB-BC-BD-BE-BF-C0-C1-C2-C3-C4-C5-C6-C7-C8-C9-CA-CB-CC-CD-CE-CF-D0-D1-D2-D3-D4-D5-D6-D7-D8-D9-DA-DB-DC-DD-DE-DF-E0-E1-E2-E3-E4-E5-E6-E7-E8-E9-EA-EB-EC-ED-EE-EF-F0-F1-F2-F3-F4-F5-F6-F7-F8-F9-FA-FB-FC-FD-FE-FF-00-01-02-03-04-05-06-07-08-09-0A-0B-0C-0D-0E-0F-10-11-12-13-14-15-16-17-18-19-1A-1B-1C-1D-1E-1F-20-21-22-23-24-25-26-27-28-29-2A-2B-2C-2D-2E-2F-30-31-32-33-34-35-36-37-38-39-3A-3B-3C-3D-3E-3F-40-41-42-43-44-45-46-47-48-49-4A-4B-4C-4D-4E-4F-50-51-52-53-54-55-56-57-58-59-5A-5B-5C-5D-5E-5F-60-61-62-63-64-65-66-67-68-69-6A-6B-6C-6D-6E-6F-70-71-72-73-74-75-76-77-78-79-7A-7B-7C-7D-7E-7F-80-81-82-83-84-85-86-87-88-89-8A-8B-8C-8D-8E-8F-90-91-92-93-94-95-96-97-98-99-9A-9B-9C-9D-9E-9F-A0-A1-A2-A3-A4-A5-A6-A7-A8-A9-AA-AB-AC-AD-AE-AF-B0-B1-B2-B3-B4-B5-B6-B7-B8-B9-BA-BB-BC-BD-BE-BF-C0-C1-C2-C3-C4-C5-C6-C7-C8-C9-CA-CB-CC-CD-CE-CF-D0-D1-D2-D3-D4-D5-D6-D7-D8-D9-DA-DB-DC-DD-DE-DF-E0-E1-E2-E3-E4-E5-E6-E7-E8-E9-EA-EB-EC-ED-EE-EF-F0-F1-F2-F3-F4-F5-F6-F7-F8-F9-FA-FB-FC-FD-FE]
11:36:40,309 [1] INFO PCUClient - --------------------------------------
11:36:40,311 [1] DEBUG PCUClient - *** UDS Service: TransferData with Functional Message***
11:36:40,311 [1] DEBUG PCUClient - Sends a Functional TransferData Message: 
11:36:51,558 [1] DEBUG PCUClient -   UDS_SvcTransferData: PUDS_ERROR_OK
11:36:51,559 [1] INFO PCUClient - UDS REQUEST   TPUDSMsg : SI:PUDS_SI_TransferData, SA:F1, TA:33, RA:0x00, Result:PUDS_RESULT_N_OK - OK !
	LEN: 7, DATA: [36-01-41-42-43-44-45]
11:36:51,562 [1] DEBUG PCUClient -  Received 1 UDS responses:
11:36:51,564 [1] INFO PCUClient - UDS RESPONSE  TPUDSMsg : SI:RESPONSE_PUDS_SI_TransferData, SA:01, TA:F1, RA:0x00, Result:PUDS_RESULT_N_OK - OK !
	LEN: 4095, DATA: [76-01-02-03-04-05-06-07-08-09-0A-0B-0C-0D-0E-0F-10-11-12-13-14-15-16-17-18-19-1A-1B-1C-1D-1E-1F-20-21-22-23-24-25-26-27-28-29-2A-2B-2C-2D-2E-2F-30-31-32-33-34-35-36-37-38-39-3A-3B-3C-3D-3E-3F-40-41-42-43-44-45-46-47-48-49-4A-4B-4C-4D-4E-4F-50-51-52-53-54-55-56-57-58-59-5A-5B-5C-5D-5E-5F-60-61-62-63-64-65-66-67-68-69-6A-6B-6C-6D-6E-6F-70-71-72-73-74-75-76-77-78-79-7A-7B-7C-7D-7E-7F-80-81-82-83-84-85-86-87-88-89-8A-8B-8C-8D-8E-8F-90-91-92-93-94-95-96-97-98-99-9A-9B-9C-9D-9E-9F-A0-A1-A2-A3-A4-A5-A6-A7-A8-A9-AA-AB-AC-AD-AE-AF-B0-B1-B2-B3-B4-B5-B6-B7-B8-B9-BA-BB-BC-BD-BE-BF-C0-C1-C2-C3-C4-C5-C6-C7-C8-C9-CA-CB-CC-CD-CE-CF-D0-D1-D2-D3-D4-D5-D6-D7-D8-D9-DA-DB-DC-DD-DE-DF-E0-E1-E2-E3-E4-E5-E6-E7-E8-E9-EA-EB-EC-ED-EE-EF-F0-F1-F2-F3-F4-F5-F6-F7-F8-F9-FA-FB-FC-FD-FE-FF-00-01-02-03-04-05-06-07-08-09-0A-0B-0C-0D-0E-0F-10-11-12-13-14-15-16-17-18-19-1A-1B-1C-1D-1E-1F-20-21-22-23-24-25-26-27-28-29-2A-2B-2C-2D-2E-2F-30-31-32-33-34-35-36-37-38-39-3A-3B-3C-3D-3E-3F-40-41-42-43-44-45-46-47-48-49-4A-4B-4C-4D-4E-4F-50-51-52-53-54-55-56-57-58-59-5A-5B-5C-5D-5E-5F-60-61-62-63-64-65-66-67-68-69-6A-6B-6C-6D-6E-6F-70-71-72-73-74-75-76-77-78-79-7A-7B-7C-7D-7E-7F-80-81-82-83-84-85-86-87-88-89-8A-8B-8C-8D-8E-8F-90-91-92-93-94-95-96-97-98-99-9A-9B-9C-9D-9E-9F-A0-A1-A2-A3-A4-A5-A6-A7-A8-A9-AA-AB-AC-AD-AE-AF-B0-B1-B2-B3-B4-B5-B6-B7-B8-B9-BA-BB-BC-BD-BE-BF-C0-C1-C2-C3-C4-C5-C6-C7-C8-C9-CA-CB-CC-CD-CE-CF-D0-D1-D2-D3-D4-D5-D6-D7-D8-D9-DA-DB-DC-DD-DE-DF-E0-E1-E2-E3-E4-E5-E6-E7-E8-E9-EA-EB-EC-ED-EE-EF-F0-F1-F2-F3-F4-F5-F6-F7-F8-F9-FA-FB-FC-FD-FE-FF-00-01-02-03-04-05-06-07-08-09-0A-0B-0C-0D-0E-0F-10-11-12-13-14-15-16-17-18-19-1A-1B-1C-1D-1E-1F-20-21-22-23-24-25-26-27-28-29-2A-2B-2C-2D-2E-2F-30-31-32-33-34-35-36-37-38-39-3A-3B-3C-3D-3E-3F-40-41-42-43-44-45-46-47-48-49-4A-4B-4C-4D-4E-4F-50-51-52-53-54-55-56-57-58-59-5A-5B-5C-5D-5E-5F-60-61-62-63-64-65-66-67-68-69-6A-6B-6C-6D-6E-6F-70-71-72-73-74-75-76-77-78-79-7A-7B-7C-7D-7E-7F-80-81-82-83-84-85-86-87-88-89-8A-8B-8C-8D-8E-8F-90-91-92-93-94-95-96-97-98-99-9A-9B-9C-9D-9E-9F-A0-A1-A2-A3-A4-A5-A6-A7-A8-A9-AA-AB-AC-AD-AE-AF-B0-B1-B2-B3-B4-B5-B6-B7-B8-B9-BA-BB-BC-BD-BE-BF-C0-C1-C2-C3-C4-C5-C6-C7-C8-C9-CA-CB-CC-CD-CE-CF-D0-D1-D2-D3-D4-D5-D6-D7-D8-D9-DA-DB-DC-DD-DE-DF-E0-E1-E2-E3-E4-E5-E6-E7-E8-E9-EA-EB-EC-ED-EE-EF-F0-F1-F2-F3-F4-F5-F6-F7-F8-F9-FA-FB-FC-FD-FE-FF-00-01-02-03-04-05-06-07-08-09-0A-0B-0C-0D-0E-0F-10-11-12-13-14-15-16-17-18-19-1A-1B-1C-1D-1E-1F-20-21-22-23-24-25-26-27-28-29-2A-2B-2C-2D-2E-2F-30-31-32-33-34-35-36-37-38-39-3A-3B-3C-3D-3E-3F-40-41-42-43-44-45-46-47-48-49-4A-4B-4C-4D-4E-4F-50-51-52-53-54-55-56-57-58-59-5A-5B-5C-5D-5E-5F-60-61-62-63-64-65-66-67-68-69-6A-6B-6C-6D-6E-6F-70-71-72-73-74-75-76-77-78-79-7A-7B-7C-7D-7E-7F-80-81-82-83-84-85-86-87-88-89-8A-8B-8C-8D-8E-8F-90-91-92-93-94-95-96-97-98-99-9A-9B-9C-9D-9E-9F-A0-A1-A2-A3-A4-A5-A6-A7-A8-A9-AA-AB-AC-AD-AE-AF-B0-B1-B2-B3-B4-B5-B6-B7-B8-B9-BA-BB-BC-BD-BE-BF-C0-C1-C2-C3-C4-C5-C6-C7-C8-C9-CA-CB-CC-CD-CE-CF-D0-D1-D2-D3-D4-D5-D6-D7-D8-D9-DA-DB-DC-DD-DE-DF-E0-E1-E2-E3-E4-E5-E6-E7-E8-E9-EA-EB-EC-ED-EE-EF-F0-F1-F2-F3-F4-F5-F6-F7-F8-F9-FA-FB-FC-FD-FE-FF-00-01-02-03-04-05-06-07-08-09-0A-0B-0C-0D-0E-0F-10-11-12-13-14-15-16-17-18-19-1A-1B-1C-1D-1E-1F-20-21-22-23-24-25-26-27-28-29-2A-2B-2C-2D-2E-2F-30-31-32-33-34-35-36-37-38-39-3A-3B-3C-3D-3E-3F-40-41-42-43-44-45-46-47-48-49-4A-4B-4C-4D-4E-4F-50-51-52-53-54-55-56-57-58-59-5A-5B-5C-5D-5E-5F-60-61-62-63-64-65-66-67-68-69-6A-6B-6C-6D-6E-6F-70-71-72-73-74-75-76-77-78-79-7A-7B-7C-7D-7E-7F-80-81-82-83-84-85-86-87-88-89-8A-8B-8C-8D-8E-8F-90-91-92-93-94-95-96-97-98-99-9A-9B-9C-9D-9E-9F-A0-A1-A2-A3-A4-A5-A6-A7-A8-A9-AA-AB-AC-AD-AE-AF-B0-B1-B2-B3-B4-B5-B6-B7-B8-B9-BA-BB-BC-BD-BE-BF-C0-C1-C2-C3-C4-C5-C6-C7-C8-C9-CA-CB-CC-CD-CE-CF-D0-D1-D2-D3-D4-D5-D6-D7-D8-D9-DA-DB-DC-DD-DE-DF-E0-E1-E2-E3-E4-E5-E6-E7-E8-E9-EA-EB-EC-ED-EE-EF-F0-F1-F2-F3-F4-F5-F6-F7-F8-F9-FA-FB-FC-FD-FE-FF-00-01-02-03-04-05-06-07-08-09-0A-0B-0C-0D-0E-0F-10-11-12-13-14-15-16-17-18-19-1A-1B-1C-1D-1E-1F-20-21-22-23-24-25-26-27-28-29-2A-2B-2C-2D-2E-2F-30-31-32-33-34-35-36-37-38-39-3A-3B-3C-3D-3E-3F-40-41-42-43-44-45-46-47-48-49-4A-4B-4C-4D-4E-4F-50-51-52-53-54-55-56-57-58-59-5A-5B-5C-5D-5E-5F-60-61-62-63-64-65-66-67-68-69-6A-6B-6C-6D-6E-6F-70-71-72-73-74-75-76-77-78-79-7A-7B-7C-7D-7E-7F-80-81-82-83-84-85-86-87-88-89-8A-8B-8C-8D-8E-8F-90-91-92-93-94-95-96-97-98-99-9A-9B-9C-9D-9E-9F-A0-A1-A2-A3-A4-A5-A6-A7-A8-A9-AA-AB-AC-AD-AE-AF-B0-B1-B2-B3-B4-B5-B6-B7-B8-B9-BA-BB-BC-BD-BE-BF-C0-C1-C2-C3-C4-C5-C6-C7-C8-C9-CA-CB-CC-CD-CE-CF-D0-D1-D2-D3-D4-D5-D6-D7-D8-D9-DA-DB-DC-DD-DE-DF-E0-E1-E2-E3-E4-E5-E6-E7-E8-E9-EA-EB-EC-ED-EE-EF-F0-F1-F2-F3-F4-F5-F6-F7-F8-F9-FA-FB-FC-FD-FE-FF-00-01-02-03-04-05-06-07-08-09-0A-0B-0C-0D-0E-0F-10-11-12-13-14-15-16-17-18-19-1A-1B-1C-1D-1E-1F-20-21-22-23-24-25-26-27-28-29-2A-2B-2C-2D-2E-2F-30-31-32-33-34-35-36-37-38-39-3A-3B-3C-3D-3E-3F-40-41-42-43-44-45-46-47-48-49-4A-4B-4C-4D-4E-4F-50-51-52-53-54-55-56-57-58-59-5A-5B-5C-5D-5E-5F-60-61-62-63-64-65-66-67-68-69-6A-6B-6C-6D-6E-6F-70-71-72-73-74-75-76-77-78-79-7A-7B-7C-7D-7E-7F-80-81-82-83-84-85-86-87-88-89-8A-8B-8C-8D-8E-8F-90-91-92-93-94-95-96-97-98-99-9A-9B-9C-9D-9E-9F-A0-A1-A2-A3-A4-A5-A6-A7-A8-A9-AA-AB-AC-AD-AE-AF-B0-B1-B2-B3-B4-B5-B6-B7-B8-B9-BA-BB-BC-BD-BE-BF-C0-C1-C2-C3-C4-C5-C6-C7-C8-C9-CA-CB-CC-CD-CE-CF-D0-D1-D2-D3-D4-D5-D6-D7-D8-D9-DA-DB-DC-DD-DE-DF-E0-E1-E2-E3-E4-E5-E6-E7-E8-E9-EA-EB-EC-ED-EE-EF-F0-F1-F2-F3-F4-F5-F6-F7-F8-F9-FA-FB-FC-FD-FE-FF-00-01-02-03-04-05-06-07-08-09-0A-0B-0C-0D-0E-0F-10-11-12-13-14-15-16-17-18-19-1A-1B-1C-1D-1E-1F-20-21-22-23-24-25-26-27-28-29-2A-2B-2C-2D-2E-2F-30-31-32-33-34-35-36-37-38-39-3A-3B-3C-3D-3E-3F-40-41-42-43-44-45-46-47-48-49-4A-4B-4C-4D-4E-4F-50-51-52-53-54-55-56-57-58-59-5A-5B-5C-5D-5E-5F-60-61-62-63-64-65-66-67-68-69-6A-6B-6C-6D-6E-6F-70-71-72-73-74-75-76-77-78-79-7A-7B-7C-7D-7E-7F-80-81-82-83-84-85-86-87-88-89-8A-8B-8C-8D-8E-8F-90-91-92-93-94-95-96-97-98-99-9A-9B-9C-9D-9E-9F-A0-A1-A2-A3-A4-A5-A6-A7-A8-A9-AA-AB-AC-AD-AE-AF-B0-B1-B2-B3-B4-B5-B6-B7-B8-B9-BA-BB-BC-BD-BE-BF-C0-C1-C2-C3-C4-C5-C6-C7-C8-C9-CA-CB-CC-CD-CE-CF-D0-D1-D2-D3-D4-D5-D6-D7-D8-D9-DA-DB-DC-DD-DE-DF-E0-E1-E2-E3-E4-E5-E6-E7-E8-E9-EA-EB-EC-ED-EE-EF-F0-F1-F2-F3-F4-F5-F6-F7-F8-F9-FA-FB-FC-FD-FE-FF-00-01-02-03-04-05-06-07-08-09-0A-0B-0C-0D-0E-0F-10-11-12-13-14-15-16-17-18-19-1A-1B-1C-1D-1E-1F-20-21-22-23-24-25-26-27-28-29-2A-2B-2C-2D-2E-2F-30-31-32-33-34-35-36-37-38-39-3A-3B-3C-3D-3E-3F-40-41-42-43-44-45-46-47-48-49-4A-4B-4C-4D-4E-4F-50-51-52-53-54-55-56-57-58-59-5A-5B-5C-5D-5E-5F-60-61-62-63-64-65-66-67-68-69-6A-6B-6C-6D-6E-6F-70-71-72-73-74-75-76-77-78-79-7A-7B-7C-7D-7E-7F-80-81-82-83-84-85-86-87-88-89-8A-8B-8C-8D-8E-8F-90-91-92-93-94-95-96-97-98-99-9A-9B-9C-9D-9E-9F-A0-A1-A2-A3-A4-A5-A6-A7-A8-A9-AA-AB-AC-AD-AE-AF-B0-B1-B2-B3-B4-B5-B6-B7-B8-B9-BA-BB-BC-BD-BE-BF-C0-C1-C2-C3-C4-C5-C6-C7-C8-C9-CA-CB-CC-CD-CE-CF-D0-D1-D2-D3-D4-D5-D6-D7-D8-D9-DA-DB-DC-DD-DE-DF-E0-E1-E2-E3-E4-E5-E6-E7-E8-E9-EA-EB-EC-ED-EE-EF-F0-F1-F2-F3-F4-F5-F6-F7-F8-F9-FA-FB-FC-FD-FE-FF-00-01-02-03-04-05-06-07-08-09-0A-0B-0C-0D-0E-0F-10-11-12-13-14-15-16-17-18-19-1A-1B-1C-1D-1E-1F-20-21-22-23-24-25-26-27-28-29-2A-2B-2C-2D-2E-2F-30-31-32-33-34-35-36-37-38-39-3A-3B-3C-3D-3E-3F-40-41-42-43-44-45-46-47-48-49-4A-4B-4C-4D-4E-4F-50-51-52-53-54-55-56-57-58-59-5A-5B-5C-5D-5E-5F-60-61-62-63-64-65-66-67-68-69-6A-6B-6C-6D-6E-6F-70-71-72-73-74-75-76-77-78-79-7A-7B-7C-7D-7E-7F-80-81-82-83-84-85-86-87-88-89-8A-8B-8C-8D-8E-8F-90-91-92-93-94-95-96-97-98-99-9A-9B-9C-9D-9E-9F-A0-A1-A2-A3-A4-A5-A6-A7-A8-A9-AA-AB-AC-AD-AE-AF-B0-B1-B2-B3-B4-B5-B6-B7-B8-B9-BA-BB-BC-BD-BE-BF-C0-C1-C2-C3-C4-C5-C6-C7-C8-C9-CA-CB-CC-CD-CE-CF-D0-D1-D2-D3-D4-D5-D6-D7-D8-D9-DA-DB-DC-DD-DE-DF-E0-E1-E2-E3-E4-E5-E6-E7-E8-E9-EA-EB-EC-ED-EE-EF-F0-F1-F2-F3-F4-F5-F6-F7-F8-F9-FA-FB-FC-FD-FE-FF-00-01-02-03-04-05-06-07-08-09-0A-0B-0C-0D-0E-0F-10-11-12-13-14-15-16-17-18-19-1A-1B-1C-1D-1E-1F-20-21-22-23-24-25-26-27-28-29-2A-2B-2C-2D-2E-2F-30-31-32-33-34-35-36-37-38-39-3A-3B-3C-3D-3E-3F-40-41-42-43-44-45-46-47-48-49-4A-4B-4C-4D-4E-4F-50-51-52-53-54-55-56-57-58-59-5A-5B-5C-5D-5E-5F-60-61-62-63-64-65-66-67-68-69-6A-6B-6C-6D-6E-6F-70-71-72-73-74-75-76-77-78-79-7A-7B-7C-7D-7E-7F-80-81-82-83-84-85-86-87-88-89-8A-8B-8C-8D-8E-8F-90-91-92-93-94-95-96-97-98-99-9A-9B-9C-9D-9E-9F-A0-A1-A2-A3-A4-A5-A6-A7-A8-A9-AA-AB-AC-AD-AE-AF-B0-B1-B2-B3-B4-B5-B6-B7-B8-B9-BA-BB-BC-BD-BE-BF-C0-C1-C2-C3-C4-C5-C6-C7-C8-C9-CA-CB-CC-CD-CE-CF-D0-D1-D2-D3-D4-D5-D6-D7-D8-D9-DA-DB-DC-DD-DE-DF-E0-E1-E2-E3-E4-E5-E6-E7-E8-E9-EA-EB-EC-ED-EE-EF-F0-F1-F2-F3-F4-F5-F6-F7-F8-F9-FA-FB-FC-FD-FE-FF-00-01-02-03-04-05-06-07-08-09-0A-0B-0C-0D-0E-0F-10-11-12-13-14-15-16-17-18-19-1A-1B-1C-1D-1E-1F-20-21-22-23-24-25-26-27-28-29-2A-2B-2C-2D-2E-2F-30-31-32-33-34-35-36-37-38-39-3A-3B-3C-3D-3E-3F-40-41-42-43-44-45-46-47-48-49-4A-4B-4C-4D-4E-4F-50-51-52-53-54-55-56-57-58-59-5A-5B-5C-5D-5E-5F-60-61-62-63-64-65-66-67-68-69-6A-6B-6C-6D-6E-6F-70-71-72-73-74-75-76-77-78-79-7A-7B-7C-7D-7E-7F-80-81-82-83-84-85-86-87-88-89-8A-8B-8C-8D-8E-8F-90-91-92-93-94-95-96-97-98-99-9A-9B-9C-9D-9E-9F-A0-A1-A2-A3-A4-A5-A6-A7-A8-A9-AA-AB-AC-AD-AE-AF-B0-B1-B2-B3-B4-B5-B6-B7-B8-B9-BA-BB-BC-BD-BE-BF-C0-C1-C2-C3-C4-C5-C6-C7-C8-C9-CA-CB-CC-CD-CE-CF-D0-D1-D2-D3-D4-D5-D6-D7-D8-D9-DA-DB-DC-DD-DE-DF-E0-E1-E2-E3-E4-E5-E6-E7-E8-E9-EA-EB-EC-ED-EE-EF-F0-F1-F2-F3-F4-F5-F6-F7-F8-F9-FA-FB-FC-FD-FE-FF-00-01-02-03-04-05-06-07-08-09-0A-0B-0C-0D-0E-0F-10-11-12-13-14-15-16-17-18-19-1A-1B-1C-1D-1E-1F-20-21-22-23-24-25-26-27-28-29-2A-2B-2C-2D-2E-2F-30-31-32-33-34-35-36-37-38-39-3A-3B-3C-3D-3E-3F-40-41-42-43-44-45-46-47-48-49-4A-4B-4C-4D-4E-4F-50-51-52-53-54-55-56-57-58-59-5A-5B-5C-5D-5E-5F-60-61-62-63-64-65-66-67-68-69-6A-6B-6C-6D-6E-6F-70-71-72-73-74-75-76-77-78-79-7A-7B-7C-7D-7E-7F-80-81-82-83-84-85-86-87-88-89-8A-8B-8C-8D-8E-8F-90-91-92-93-94-95-96-97-98-99-9A-9B-9C-9D-9E-9F-A0-A1-A2-A3-A4-A5-A6-A7-A8-A9-AA-AB-AC-AD-AE-AF-B0-B1-B2-B3-B4-B5-B6-B7-B8-B9-BA-BB-BC-BD-BE-BF-C0-C1-C2-C3-C4-C5-C6-C7-C8-C9-CA-CB-CC-CD-CE-CF-D0-D1-D2-D3-D4-D5-D6-D7-D8-D9-DA-DB-DC-DD-DE-DF-E0-E1-E2-E3-E4-E5-E6-E7-E8-E9-EA-EB-EC-ED-EE-EF-F0-F1-F2-F3-F4-F5-F6-F7-F8-F9-FA-FB-FC-FD-FE-FF-00-01-02-03-04-05-06-07-08-09-0A-0B-0C-0D-0E-0F-10-11-12-13-14-15-16-17-18-19-1A-1B-1C-1D-1E-1F-20-21-22-23-24-25-26-27-28-29-2A-2B-2C-2D-2E-2F-30-31-32-33-34-35-36-37-38-39-3A-3B-3C-3D-3E-3F-40-41-42-43-44-45-46-47-48-49-4A-4B-4C-4D-4E-4F-50-51-52-53-54-55-56-57-58-59-5A-5B-5C-5D-5E-5F-60-61-62-63-64-65-66-67-68-69-6A-6B-6C-6D-6E-6F-70-71-72-73-74-75-76-77-78-79-7A-7B-7C-7D-7E-7F-80-81-82-83-84-85-86-87-88-89-8A-8B-8C-8D-8E-8F-90-91-92-93-94-95-96-97-98-99-9A-9B-9C-9D-9E-9F-A0-A1-A2-A3-A4-A5-A6-A7-A8-A9-AA-AB-AC-AD-AE-AF-B0-B1-B2-B3-B4-B5-B6-B7-B8-B9-BA-BB-BC-BD-BE-BF-C0-C1-C2-C3-C4-C5-C6-C7-C8-C9-CA-CB-CC-CD-CE-CF-D0-D1-D2-D3-D4-D5-D6-D7-D8-D9-DA-DB-DC-DD-DE-DF-E0-E1-E2-E3-E4-E5-E6-E7-E8-E9-EA-EB-EC-ED-EE-EF-F0-F1-F2-F3-F4-F5-F6-F7-F8-F9-FA-FB-FC-FD-FE-FF-00-01-02-03-04-05-06-07-08-09-0A-0B-0C-0D-0E-0F-10-11-12-13-14-15-16-17-18-19-1A-1B-1C-1D-1E-1F-20-21-22-23-24-25-26-27-28-29-2A-2B-2C-2D-2E-2F-30-31-32-33-34-35-36-37-38-39-3A-3B-3C-3D-3E-3F-40-41-42-43-44-45-46-47-48-49-4A-4B-4C-4D-4E-4F-50-51-52-53-54-55-56-57-58-59-5A-5B-5C-5D-5E-5F-60-61-62-63-64-65-66-67-68-69-6A-6B-6C-6D-6E-6F-70-71-72-73-74-75-76-77-78-79-7A-7B-7C-7D-7E-7F-80-81-82-83-84-85-86-87-88-89-8A-8B-8C-8D-8E-8F-90-91-92-93-94-95-96-97-98-99-9A-9B-9C-9D-9E-9F-A0-A1-A2-A3-A4-A5-A6-A7-A8-A9-AA-AB-AC-AD-AE-AF-B0-B1-B2-B3-B4-B5-B6-B7-B8-B9-BA-BB-BC-BD-BE-BF-C0-C1-C2-C3-C4-C5-C6-C7-C8-C9-CA-CB-CC-CD-CE-CF-D0-D1-D2-D3-D4-D5-D6-D7-D8-D9-DA-DB-DC-DD-DE-DF-E0-E1-E2-E3-E4-E5-E6-E7-E8-E9-EA-EB-EC-ED-EE-EF-F0-F1-F2-F3-F4-F5-F6-F7-F8-F9-FA-FB-FC-FD-FE-FF-00-01-02-03-04-05-06-07-08-09-0A-0B-0C-0D-0E-0F-10-11-12-13-14-15-16-17-18-19-1A-1B-1C-1D-1E-1F-20-21-22-23-24-25-26-27-28-29-2A-2B-2C-2D-2E-2F-30-31-32-33-34-35-36-37-38-39-3A-3B-3C-3D-3E-3F-40-41-42-43-44-45-46-47-48-49-4A-4B-4C-4D-4E-4F-50-51-52-53-54-55-56-57-58-59-5A-5B-5C-5D-5E-5F-60-61-62-63-64-65-66-67-68-69-6A-6B-6C-6D-6E-6F-70-71-72-73-74-75-76-77-78-79-7A-7B-7C-7D-7E-7F-80-81-82-83-84-85-86-87-88-89-8A-8B-8C-8D-8E-8F-90-91-92-93-94-95-96-97-98-99-9A-9B-9C-9D-9E-9F-A0-A1-A2-A3-A4-A5-A6-A7-A8-A9-AA-AB-AC-AD-AE-AF-B0-B1-B2-B3-B4-B5-B6-B7-B8-B9-BA-BB-BC-BD-BE-BF-C0-C1-C2-C3-C4-C5-C6-C7-C8-C9-CA-CB-CC-CD-CE-CF-D0-D1-D2-D3-D4-D5-D6-D7-D8-D9-DA-DB-DC-DD-DE-DF-E0-E1-E2-E3-E4-E5-E6-E7-E8-E9-EA-EB-EC-ED-EE-EF-F0-F1-F2-F3-F4-F5-F6-F7-F8-F9-FA-FB-FC-FD-FE]
11:36:51,650 [1] INFO PCUClient - --------------------------------------
11:36:51,652 [1] DEBUG PCUClient - *** UDS Service with Event: TesterPresent ***
11:36:51,653 [1] DEBUG PCUClient - Sends a Physical TesterPresent Message: 
11:36:51,655 [1] DEBUG PCUClient -   UDS_SvcTesterPresent: PUDS_ERROR_OK
11:36:51,661 [1] INFO PCUClient - UDS REQUEST   TPUDSMsg : SI:PUDS_SI_TesterPresent, SA:F1, TA:01, RA:0x00, Result:PUDS_RESULT_N_OK - OK !
	LEN: 2, DATA: [3E-00]
11:36:51,665 [1] INFO PCUClient - UDS RESPONSE  TPUDSMsg : SI:RESPONSE_PUDS_SI_TesterPresent, SA:01, TA:F1, RA:0x00, Result:PUDS_RESULT_N_OK - OK !
	LEN: 2, DATA: [7E-00]
11:36:51,677 [1] INFO PCUClient - --------------------------------------
11:36:51,679 [1] DEBUG PCUClient - ALL Transmissions succeeded !
11:36:51,680 [1] DEBUG PCUClient - Press <Enter> to quit...
