11:36:15,097 [1] INFO PCUServer - Starting UDS Server Test
11:36:15,127 [1] DEBUG PCUServer - PCAN-UDS API Version : 1.3.4.63
11:36:15,281 [1] INFO PCUServer - Initialize UDS: PUDS_ERROR_OK (chan. 0x52)
11:36:15,282 [1] DEBUG PCUServer - Set ServerAddress: PUDS_ERROR_OK
11:36:15,282 [1] DEBUG PCUServer - ServerAddress = 0x1
11:36:15,282 [1] DEBUG PCUServer - Set Filtered Address: PUDS_ERROR_OK
11:36:17,931 [1] INFO PCUServer - UDS REQUEST   TPUDSMsg : SI:PUDS_SI_DiagnosticSessionControl, SA:F1, TA:01, RA:0x00, Result:PUDS_RESULT_N_OK - OK !
	LEN: 2, DATA: [10-01]
11:36:17,934 [1] DEBUG PCUServer - 
   ...Transmitting response: PUDS_ERROR_OK

11:36:17,940 [1] INFO PCUServer - UDS RESPONSE  TPUDSMsg : SI:RESPONSE_PUDS_SI_DiagnosticSessionControl, SA:01, TA:F1, RA:0x00, Result:PUDS_RESULT_N_OK - OK !
	LEN: 6, DATA: [50-01-00-10-03-E8]
11:36:17,944 [1] INFO PCUServer - UDS REQUEST   TPUDSMsg : SI:PUDS_SI_DiagnosticSessionControl, SA:F1, TA:01, RA:0x00, Result:PUDS_RESULT_N_OK - OK !
	LEN: 2, DATA: [10-02]
11:36:17,944 [1] DEBUG PCUServer - 
   ...Transmitting response: PUDS_ERROR_OK

11:36:17,946 [1] INFO PCUServer - UDS RESPONSE  TPUDSMsg : SI:RESPONSE_PUDS_SI_DiagnosticSessionControl, SA:01, TA:F1, RA:0x00, Result:PUDS_RESULT_N_OK - OK !
	LEN: 6, DATA: [50-02-00-10-03-E8]
11:36:19,953 [1] INFO PCUServer - UDS REQUEST   TPUDSMsg : SI:PUDS_SI_TesterPresent, SA:F1, TA:01, RA:0x00, Result:PUDS_RESULT_N_OK - OK !
	LEN: 2, DATA: [3E-80]
11:36:19,954 [1] DEBUG PCUServer -    ...Skipping response...
11:36:21,953 [1] INFO PCUServer - UDS REQUEST   TPUDSMsg : SI:PUDS_SI_TesterPresent, SA:F1, TA:01, RA:0x00, Result:PUDS_RESULT_N_OK - OK !
	LEN: 2, DATA: [3E-80]
11:36:21,954 [1] DEBUG PCUServer -    ...Skipping response...
11:36:22,006 [1] INFO PCUServer - UDS REQUEST   TPUDSMsg : SI:PUDS_SI_DiagnosticSessionControl, SA:F1, TA:01, RA:0x00, Result:PUDS_RESULT_N_OK - OK !
	LEN: 2, DATA: [10-01]
11:36:22,009 [1] DEBUG PCUServer - 
   ...Transmitting response: PUDS_ERROR_OK

11:36:22,013 [1] INFO PCUServer - UDS RESPONSE  TPUDSMsg : SI:RESPONSE_PUDS_SI_DiagnosticSessionControl, SA:01, TA:F1, RA:0x00, Result:PUDS_RESULT_N_OK - OK !
	LEN: 6, DATA: [50-01-00-10-03-E8]
11:36:26,029 [1] INFO PCUServer - UDS REQUEST   TPUDSMsg : SI:PUDS_SI_ECUReset, SA:F1, TA:01, RA:0x00, Result:PUDS_RESULT_N_OK - OK !
	LEN: 2, DATA: [11-03]
11:36:26,031 [1] DEBUG PCUServer - 
   ...Transmitting response: PUDS_ERROR_OK

11:36:26,038 [1] INFO PCUServer - UDS RESPONSE  TPUDSMsg : SI:RESPONSE_PUDS_SI_ECUReset, SA:01, TA:F1, RA:0x00, Result:PUDS_RESULT_N_OK - OK !
	LEN: 2, DATA: [51-03]
11:36:26,050 [1] INFO PCUServer - UDS REQUEST   TPUDSMsg : SI:PUDS_SI_SecurityAccess, SA:F1, TA:01, RA:0x00, Result:PUDS_RESULT_N_OK - OK !
	LEN: 6, DATA: [27-01-F0-A1-B2-C3]
11:36:26,051 [1] DEBUG PCUServer - 
   ...Transmitting response: PUDS_ERROR_OK

11:36:26,056 [1] INFO PCUServer - UDS RESPONSE  TPUDSMsg : SI:RESPONSE_PUDS_SI_SecurityAccess, SA:01, TA:F1, RA:0x00, Result:PUDS_RESULT_N_OK - OK !
	LEN: 2, DATA: [67-01]
11:36:26,068 [1] INFO PCUServer - UDS REQUEST   TPUDSMsg : SI:PUDS_SI_CommunicationControl, SA:F1, TA:01, RA:0x00, Result:PUDS_RESULT_N_OK - OK !
	LEN: 3, DATA: [28-00-F3]
11:36:26,069 [1] DEBUG PCUServer - 
   ...Transmitting response: PUDS_ERROR_OK

11:36:26,074 [1] INFO PCUServer - UDS RESPONSE  TPUDSMsg : SI:RESPONSE_PUDS_SI_CommunicationControl, SA:01, TA:F1, RA:0x00, Result:PUDS_RESULT_N_OK - OK !
	LEN: 2, DATA: [68-00]
11:36:26,084 [1] INFO PCUServer - UDS REQUEST   TPUDSMsg : SI:PUDS_SI_TesterPresent, SA:F1, TA:01, RA:0x00, Result:PUDS_RESULT_N_OK - OK !
	LEN: 2, DATA: [3E-00]
11:36:26,086 [1] DEBUG PCUServer - 
   ...Transmitting response: PUDS_ERROR_OK

11:36:26,092 [1] INFO PCUServer - UDS RESPONSE  TPUDSMsg : SI:RESPONSE_PUDS_SI_TesterPresent, SA:01, TA:F1, RA:0x00, Result:PUDS_RESULT_N_OK - OK !
	LEN: 2, DATA: [7E-00]
11:36:26,102 [1] INFO PCUServer - UDS REQUEST   TPUDSMsg : SI:PUDS_SI_TesterPresent, SA:F1, TA:01, RA:0x00, Result:PUDS_RESULT_N_OK - OK !
	LEN: 2, DATA: [3E-80]
11:36:26,104 [1] DEBUG PCUServer -    ...Skipping response...
11:36:26,154 [1] INFO PCUServer - UDS REQUEST   TPUDSMsg : SI:PUDS_SI_TesterPresent, SA:F1, TA:33, RA:0x00, Result:PUDS_RESULT_N_OK - OK !
	LEN: 2, DATA: [3E-00]
11:36:26,156 [1] DEBUG PCUServer - 
   ...Transmitting response: PUDS_ERROR_OK

11:36:26,161 [1] INFO PCUServer - UDS RESPONSE  TPUDSMsg : SI:RESPONSE_PUDS_SI_TesterPresent, SA:01, TA:F1, RA:0x00, Result:PUDS_RESULT_N_OK - OK !
	LEN: 2, DATA: [7E-00]
11:36:26,206 [1] INFO PCUServer - UDS REQUEST   TPUDSMsg : SI:PUDS_SI_TesterPresent, SA:F1, TA:33, RA:0x00, Result:PUDS_RESULT_N_OK - OK !
	LEN: 2, DATA: [3E-80]
11:36:26,209 [1] DEBUG PCUServer -    ...Skipping response...
11:36:26,325 [1] INFO PCUServer - UDS REQUEST   TPUDSMsg : SI:PUDS_SI_SecuredDataTransmission, SA:F1, TA:01, RA:0x00, Result:PUDS_RESULT_N_OK - OK !
	LEN: 5, DATA: [84-F0-A1-B2-C3]
11:36:26,328 [1] DEBUG PCUServer - 
   ...Transmitting response: PUDS_ERROR_OK

11:36:26,337 [1] DEBUG PCUServer - PENDING UDS message from 0x01 (to 0xf1, with RA 0x00) -> LEN=46 ...
11:36:26,396 [1] INFO PCUServer - UDS RESPONSE  TPUDSMsg : SI:RESPONSE_PUDS_SI_SecuredDataTransmission, SA:01, TA:F1, RA:0x00, Result:PUDS_RESULT_N_OK - OK !
	LEN: 46, DATA: [C4-01-02-03-04-05-06-07-08-09-0A-0B-0C-0D-0E-0F-10-11-12-13-14-15-16-17-18-19-1A-1B-1C-1D-1E-1F-20-21-22-23-24-25-26-27-28-29-2A-2B-2C-2D]
11:36:26,416 [1] INFO PCUServer - UDS REQUEST   TPUDSMsg : SI:PUDS_SI_ControlDTCSetting, SA:F1, TA:01, RA:0x00, Result:PUDS_RESULT_N_OK - OK !
	LEN: 5, DATA: [85-02-F1-A1-B2]
11:36:26,419 [1] DEBUG PCUServer - 
   ...Transmitting response: PUDS_ERROR_OK

11:36:26,424 [1] INFO PCUServer - UDS RESPONSE  TPUDSMsg : SI:RESPONSE_PUDS_SI_ControlDTCSetting, SA:01, TA:F1, RA:0x00, Result:PUDS_RESULT_N_OK - OK !
	LEN: 2, DATA: [C5-02]
11:36:26,441 [1] INFO PCUServer - UDS REQUEST   TPUDSMsg : SI:PUDS_SI_ResponseOnEvent, SA:F1, TA:01, RA:0x00, Result:PUDS_RESULT_N_OK - OK !
	LEN: 7, DATA: [86-01-08-08-19-01-01]
11:36:26,443 [1] DEBUG PCUServer - 
   ...Transmitting response: PUDS_ERROR_OK

11:36:26,450 [1] INFO PCUServer - UDS RESPONSE  TPUDSMsg : SI:RESPONSE_PUDS_SI_ResponseOnEvent, SA:01, TA:F1, RA:0x00, Result:PUDS_RESULT_N_OK - OK !
	LEN: 4, DATA: [C6-01-00-08]
11:36:26,467 [1] INFO PCUServer - UDS REQUEST   TPUDSMsg : SI:PUDS_SI_LinkControl, SA:F1, TA:01, RA:0x00, Result:PUDS_RESULT_N_OK - OK !
	LEN: 3, DATA: [87-01-11]
11:36:26,469 [1] DEBUG PCUServer - 
   ...Transmitting response: PUDS_ERROR_OK

11:36:26,473 [1] INFO PCUServer - UDS RESPONSE  TPUDSMsg : SI:RESPONSE_PUDS_SI_LinkControl, SA:01, TA:F1, RA:0x00, Result:PUDS_RESULT_N_OK - OK !
	LEN: 2, DATA: [C7-01]
11:36:26,481 [1] INFO PCUServer - UDS REQUEST   TPUDSMsg : SI:PUDS_SI_LinkControl, SA:F1, TA:01, RA:0x00, Result:PUDS_RESULT_N_OK - OK !
	LEN: 5, DATA: [87-02-07-A1-20]
11:36:26,482 [1] DEBUG PCUServer - 
   ...Transmitting response: PUDS_ERROR_OK

11:36:26,490 [1] INFO PCUServer - UDS RESPONSE  TPUDSMsg : SI:RESPONSE_PUDS_SI_LinkControl, SA:01, TA:F1, RA:0x00, Result:PUDS_RESULT_N_OK - OK !
	LEN: 2, DATA: [C7-02]
11:36:26,496 [1] INFO PCUServer - UDS REQUEST   TPUDSMsg : SI:PUDS_SI_LinkControl, SA:F1, TA:01, RA:0x00, Result:PUDS_RESULT_N_OK - OK !
	LEN: 2, DATA: [87-03]
11:36:26,497 [1] DEBUG PCUServer - 
   ...Transmitting response: PUDS_ERROR_OK

11:36:26,503 [1] INFO PCUServer - UDS RESPONSE  TPUDSMsg : SI:RESPONSE_PUDS_SI_LinkControl, SA:01, TA:F1, RA:0x00, Result:PUDS_RESULT_N_OK - OK !
	LEN: 2, DATA: [C7-03]
11:36:26,515 [1] INFO PCUServer - UDS REQUEST   TPUDSMsg : SI:PUDS_SI_ReadDataByIdentifier, SA:F1, TA:01, RA:0x00, Result:PUDS_RESULT_N_OK - OK !
	LEN: 5, DATA: [22-F1-86-F1-8B]
11:36:26,519 [1] DEBUG PCUServer - 
   ...Transmitting response: PUDS_ERROR_OK

11:36:26,525 [1] DEBUG PCUServer - PENDING UDS message from 0x01 (to 0xf1, with RA 0x00) -> LEN=15 ...
11:36:26,545 [1] INFO PCUServer - UDS RESPONSE  TPUDSMsg : SI:RESPONSE_PUDS_SI_ReadDataByIdentifier, SA:01, TA:F1, RA:0x00, Result:PUDS_RESULT_N_OK - OK !
	LEN: 15, DATA: [62-F1-86-41-42-43-44-45-F1-8B-41-42-43-44-45]
11:36:26,563 [1] DEBUG PCUServer - PENDING UDS message from 0xf1 (to 0x01, with RA 0x00) -> LEN=15 ...
11:36:26,585 [1] INFO PCUServer - UDS REQUEST   TPUDSMsg : SI:PUDS_SI_ReadMemoryByAddress, SA:F1, TA:01, RA:0x00, Result:PUDS_RESULT_N_OK - OK !
	LEN: 15, DATA: [23-3A-41-42-43-44-45-46-47-48-49-4A-31-32-33]
11:36:26,587 [1] DEBUG PCUServer - 
   ...Transmitting response: PUDS_ERROR_OK

11:36:26,592 [1] INFO PCUServer - UDS RESPONSE  TPUDSMsg : SI:RESPONSE_PUDS_SI_ReadMemoryByAddress, SA:01, TA:F1, RA:0x00, Result:PUDS_RESULT_N_OK - OK !
	LEN: 5, DATA: [63-01-02-03-04]
11:36:26,604 [1] INFO PCUServer - UDS REQUEST   TPUDSMsg : SI:PUDS_SI_ReadScalingDataByIdentifier, SA:F1, TA:01, RA:0x00, Result:PUDS_RESULT_N_OK - OK !
	LEN: 3, DATA: [24-F1-83]
11:36:26,605 [1] DEBUG PCUServer - 
   ...Transmitting response: PUDS_ERROR_OK

11:36:26,609 [1] DEBUG PCUServer - PENDING UDS message from 0x01 (to 0xf1, with RA 0x00) -> LEN=11 ...
11:36:26,619 [1] INFO PCUServer - UDS RESPONSE  TPUDSMsg : SI:RESPONSE_PUDS_SI_ReadScalingDataByIdentifier, SA:01, TA:F1, RA:0x00, Result:PUDS_RESULT_N_OK - OK !
	LEN: 11, DATA: [64-F1-83-01-90-00-E0-4B-00-1E-A0]
11:36:26,638 [1] DEBUG PCUServer - PENDING UDS message from 0xf1 (to 0x01, with RA 0x00) -> LEN=12 ...
11:36:26,650 [1] INFO PCUServer - UDS REQUEST   TPUDSMsg : SI:PUDS_SI_ReadDataByPeriodicIdentifier, SA:F1, TA:01, RA:0x00, Result:PUDS_RESULT_N_OK - OK !
	LEN: 12, DATA: [2A-02-41-42-43-44-45-46-47-48-49-4A]
11:36:26,652 [1] DEBUG PCUServer - 
   ...Transmitting response: PUDS_ERROR_OK

11:36:26,656 [1] INFO PCUServer - UDS RESPONSE  TPUDSMsg : SI:RESPONSE_PUDS_SI_ReadDataByPeriodicIdentifier, SA:01, TA:F1, RA:0x00, Result:PUDS_RESULT_N_OK - OK !
	LEN: 1, DATA: [6A]
11:36:26,667 [1] DEBUG PCUServer - PENDING UDS message from 0xf1 (to 0x01, with RA 0x00) -> LEN=44 ...
11:36:26,731 [1] INFO PCUServer - UDS REQUEST   TPUDSMsg : SI:PUDS_SI_DynamicallyDefineDataIdentifier, SA:F1, TA:01, RA:0x00, Result:PUDS_RESULT_N_OK - OK !
	LEN: 44, DATA: [2C-01-F1-9B-F0-41-64-01-F1-42-65-02-F2-43-66-03-F3-44-67-04-F4-45-68-05-F5-46-69-06-F6-47-6A-07-F7-48-6B-08-F8-49-6C-09-F9-4A-6D-0A]
11:36:26,736 [1] DEBUG PCUServer - 
   ...Transmitting response: PUDS_ERROR_OK

11:36:26,742 [1] INFO PCUServer - UDS RESPONSE  TPUDSMsg : SI:RESPONSE_PUDS_SI_DynamicallyDefineDataIdentifier, SA:01, TA:F1, RA:0x00, Result:PUDS_RESULT_N_OK - OK !
	LEN: 4, DATA: [6C-01-F1-9B]
11:36:26,755 [1] DEBUG PCUServer - PENDING UDS message from 0xf1 (to 0x01, with RA 0x00) -> LEN=29 ...
11:36:26,800 [1] INFO PCUServer - UDS REQUEST   TPUDSMsg : SI:PUDS_SI_DynamicallyDefineDataIdentifier, SA:F1, TA:01, RA:0x00, Result:PUDS_RESULT_N_OK - OK !
	LEN: 29, DATA: [2C-02-F1-9C-35-01-02-03-04-05-65-66-67-0B-0C-0D-0E-0F-6F-70-71-15-16-17-18-19-79-7A-7B]
11:36:26,802 [1] DEBUG PCUServer - 
   ...Transmitting response: PUDS_ERROR_OK

11:36:26,806 [1] INFO PCUServer - UDS RESPONSE  TPUDSMsg : SI:RESPONSE_PUDS_SI_DynamicallyDefineDataIdentifier, SA:01, TA:F1, RA:0x00, Result:PUDS_RESULT_N_OK - OK !
	LEN: 4, DATA: [6C-02-F1-9C]
11:36:26,811 [1] INFO PCUServer - UDS REQUEST   TPUDSMsg : SI:PUDS_SI_DynamicallyDefineDataIdentifier, SA:F1, TA:01, RA:0x00, Result:PUDS_RESULT_N_OK - OK !
	LEN: 4, DATA: [2C-03-F1-9C]
11:36:26,813 [1] DEBUG PCUServer - 
   ...Transmitting response: PUDS_ERROR_OK

11:36:26,816 [1] INFO PCUServer - UDS RESPONSE  TPUDSMsg : SI:RESPONSE_PUDS_SI_DynamicallyDefineDataIdentifier, SA:01, TA:F1, RA:0x00, Result:PUDS_RESULT_N_OK - OK !
	LEN: 4, DATA: [6C-03-F1-9C]
11:36:26,832 [1] DEBUG PCUServer - PENDING UDS message from 0xf1 (to 0x01, with RA 0x00) -> LEN=13 ...
11:36:26,843 [1] INFO PCUServer - UDS REQUEST   TPUDSMsg : SI:PUDS_SI_WriteDataByIdentifier, SA:F1, TA:01, RA:0x00, Result:PUDS_RESULT_N_OK - OK !
	LEN: 13, DATA: [2E-F1-84-41-42-43-44-45-46-47-48-49-4A]
11:36:26,844 [1] DEBUG PCUServer - 
   ...Transmitting response: PUDS_ERROR_OK

11:36:26,849 [1] INFO PCUServer - UDS RESPONSE  TPUDSMsg : SI:RESPONSE_PUDS_SI_WriteDataByIdentifier, SA:01, TA:F1, RA:0x00, Result:PUDS_RESULT_N_OK - OK !
	LEN: 3, DATA: [6E-F1-84]
11:36:26,859 [1] DEBUG PCUServer - PENDING UDS message from 0xf1 (to 0x01, with RA 0x00) -> LEN=60 ...
11:36:26,946 [1] INFO PCUServer - UDS REQUEST   TPUDSMsg : SI:PUDS_SI_WriteMemoryByAddress, SA:F1, TA:01, RA:0x00, Result:PUDS_RESULT_N_OK - OK !
	LEN: 60, DATA: [3D-35-41-42-43-44-45-0A-0B-0C-01-02-03-04-05-06-07-08-09-0A-0B-0C-0D-0E-0F-10-11-12-13-14-15-16-17-18-19-1A-1B-1C-1D-1E-1F-20-21-22-23-24-25-26-27-28-29-2A-2B-2C-2D-2E-2F-30-31-32]
11:36:26,954 [1] DEBUG PCUServer - 
   ...Transmitting response: PUDS_ERROR_OK

11:36:26,958 [1] DEBUG PCUServer - PENDING UDS message from 0x01 (to 0xf1, with RA 0x00) -> LEN=10 ...
11:36:26,968 [1] INFO PCUServer - UDS RESPONSE  TPUDSMsg : SI:RESPONSE_PUDS_SI_WriteMemoryByAddress, SA:01, TA:F1, RA:0x00, Result:PUDS_RESULT_N_OK - OK !
	LEN: 10, DATA: [7D-35-41-42-43-44-45-0A-0B-0C]
11:36:26,983 [1] INFO PCUServer - UDS REQUEST   TPUDSMsg : SI:PUDS_SI_ClearDiagnosticInformation, SA:F1, TA:01, RA:0x00, Result:PUDS_RESULT_N_OK - OK !
	LEN: 4, DATA: [14-F1-A2-B3]
11:36:26,985 [1] DEBUG PCUServer - 
   ...Transmitting response: PUDS_ERROR_OK

11:36:26,989 [1] INFO PCUServer - UDS RESPONSE  TPUDSMsg : SI:RESPONSE_PUDS_SI_ClearDiagnosticInformation, SA:01, TA:F1, RA:0x00, Result:PUDS_RESULT_N_OK - OK !
	LEN: 1, DATA: [54]
11:36:26,997 [1] INFO PCUServer - UDS REQUEST   TPUDSMsg : SI:PUDS_SI_ReadDTCInformation, SA:F1, TA:01, RA:0x00, Result:PUDS_RESULT_N_OK - OK !
	LEN: 3, DATA: [19-01-F1]
11:36:26,998 [1] DEBUG PCUServer - 
   ...Transmitting response: PUDS_ERROR_OK

11:36:27,002 [1] DEBUG PCUServer - PENDING UDS message from 0x01 (to 0xf1, with RA 0x00) -> LEN=26 ...
11:36:27,036 [1] INFO PCUServer - UDS RESPONSE  TPUDSMsg : SI:RESPONSE_PUDS_SI_ReadDTCInformation, SA:01, TA:F1, RA:0x00, Result:PUDS_RESULT_N_OK - OK !
	LEN: 26, DATA: [59-19-02-03-04-05-06-07-08-09-0A-0B-0C-0D-0E-0F-10-11-12-13-14-15-16-17-18-19]
11:36:27,048 [1] INFO PCUServer - UDS REQUEST   TPUDSMsg : SI:PUDS_SI_ReadDTCInformation, SA:F1, TA:01, RA:0x00, Result:PUDS_RESULT_N_OK - OK !
	LEN: 6, DATA: [19-04-A1-B2-B3-12]
11:36:27,049 [1] DEBUG PCUServer - 
   ...Transmitting response: PUDS_ERROR_OK

11:36:27,054 [1] DEBUG PCUServer - PENDING UDS message from 0x01 (to 0xf1, with RA 0x00) -> LEN=26 ...
11:36:27,086 [1] INFO PCUServer - UDS RESPONSE  TPUDSMsg : SI:RESPONSE_PUDS_SI_ReadDTCInformation, SA:01, TA:F1, RA:0x00, Result:PUDS_RESULT_N_OK - OK !
	LEN: 26, DATA: [59-19-02-03-04-05-06-07-08-09-0A-0B-0C-0D-0E-0F-10-11-12-13-14-15-16-17-18-19]
11:36:27,098 [1] INFO PCUServer - UDS REQUEST   TPUDSMsg : SI:PUDS_SI_ReadDTCInformation, SA:F1, TA:01, RA:0x00, Result:PUDS_RESULT_N_OK - OK !
	LEN: 3, DATA: [19-05-12]
11:36:27,100 [1] DEBUG PCUServer - 
   ...Transmitting response: PUDS_ERROR_OK

11:36:27,104 [1] DEBUG PCUServer - PENDING UDS message from 0x01 (to 0xf1, with RA 0x00) -> LEN=26 ...
11:36:27,137 [1] INFO PCUServer - UDS RESPONSE  TPUDSMsg : SI:RESPONSE_PUDS_SI_ReadDTCInformation, SA:01, TA:F1, RA:0x00, Result:PUDS_RESULT_N_OK - OK !
	LEN: 26, DATA: [59-19-02-03-04-05-06-07-08-09-0A-0B-0C-0D-0E-0F-10-11-12-13-14-15-16-17-18-19]
11:36:27,146 [1] INFO PCUServer - UDS REQUEST   TPUDSMsg : SI:PUDS_SI_ReadDTCInformation, SA:F1, TA:01, RA:0x00, Result:PUDS_RESULT_N_OK - OK !
	LEN: 6, DATA: [19-06-A1-B2-B3-12]
11:36:27,147 [1] DEBUG PCUServer - 
   ...Transmitting response: PUDS_ERROR_OK

11:36:27,152 [1] DEBUG PCUServer - PENDING UDS message from 0x01 (to 0xf1, with RA 0x00) -> LEN=26 ...
11:36:27,183 [1] INFO PCUServer - UDS RESPONSE  TPUDSMsg : SI:RESPONSE_PUDS_SI_ReadDTCInformation, SA:01, TA:F1, RA:0x00, Result:PUDS_RESULT_N_OK - OK !
	LEN: 26, DATA: [59-19-02-03-04-05-06-07-08-09-0A-0B-0C-0D-0E-0F-10-11-12-13-14-15-16-17-18-19]
11:36:27,195 [1] INFO PCUServer - UDS REQUEST   TPUDSMsg : SI:PUDS_SI_ReadDTCInformation, SA:F1, TA:01, RA:0x00, Result:PUDS_RESULT_N_OK - OK !
	LEN: 4, DATA: [19-07-F1-12]
11:36:27,196 [1] DEBUG PCUServer - 
   ...Transmitting response: PUDS_ERROR_OK

11:36:27,200 [1] DEBUG PCUServer - PENDING UDS message from 0x01 (to 0xf1, with RA 0x00) -> LEN=26 ...
11:36:27,233 [1] INFO PCUServer - UDS RESPONSE  TPUDSMsg : SI:RESPONSE_PUDS_SI_ReadDTCInformation, SA:01, TA:F1, RA:0x00, Result:PUDS_RESULT_N_OK - OK !
	LEN: 26, DATA: [59-19-02-03-04-05-06-07-08-09-0A-0B-0C-0D-0E-0F-10-11-12-13-14-15-16-17-18-19]
11:36:27,248 [1] INFO PCUServer - UDS REQUEST   TPUDSMsg : SI:PUDS_SI_ReadDTCInformation, SA:F1, TA:01, RA:0x00, Result:PUDS_RESULT_N_OK - OK !
	LEN: 5, DATA: [19-09-A1-B2-B3]
11:36:27,250 [1] DEBUG PCUServer - 
   ...Transmitting response: PUDS_ERROR_OK

11:36:27,257 [1] DEBUG PCUServer - PENDING UDS message from 0x01 (to 0xf1, with RA 0x00) -> LEN=26 ...
11:36:27,286 [1] INFO PCUServer - UDS RESPONSE  TPUDSMsg : SI:RESPONSE_PUDS_SI_ReadDTCInformation, SA:01, TA:F1, RA:0x00, Result:PUDS_RESULT_N_OK - OK !
	LEN: 26, DATA: [59-19-02-03-04-05-06-07-08-09-0A-0B-0C-0D-0E-0F-10-11-12-13-14-15-16-17-18-19]
11:36:27,309 [1] INFO PCUServer - UDS REQUEST   TPUDSMsg : SI:PUDS_SI_ReadDTCInformation, SA:F1, TA:01, RA:0x00, Result:PUDS_RESULT_N_OK - OK !
	LEN: 2, DATA: [19-0A]
11:36:27,313 [1] DEBUG PCUServer - 
   ...Transmitting response: PUDS_ERROR_OK

11:36:27,324 [1] DEBUG PCUServer - PENDING UDS message from 0x01 (to 0xf1, with RA 0x00) -> LEN=26 ...
11:36:27,350 [1] INFO PCUServer - UDS RESPONSE  TPUDSMsg : SI:RESPONSE_PUDS_SI_ReadDTCInformation, SA:01, TA:F1, RA:0x00, Result:PUDS_RESULT_N_OK - OK !
	LEN: 26, DATA: [59-19-02-03-04-05-06-07-08-09-0A-0B-0C-0D-0E-0F-10-11-12-13-14-15-16-17-18-19]
11:36:27,377 [1] DEBUG PCUServer - PENDING UDS message from 0xf1 (to 0x01, with RA 0x00) -> LEN=18 ...
11:36:27,400 [1] INFO PCUServer - UDS REQUEST   TPUDSMsg : SI:PUDS_SI_InputOutputControlByIdentifier, SA:F1, TA:01, RA:0x00, Result:PUDS_RESULT_N_OK - OK !
	LEN: 18, DATA: [2F-F1-95-41-42-43-44-45-46-47-48-49-4A-0A-0B-0C-0D-0E]
11:36:27,404 [1] DEBUG PCUServer - 
   ...Transmitting response: PUDS_ERROR_OK

11:36:27,411 [1] INFO PCUServer - UDS RESPONSE  TPUDSMsg : SI:RESPONSE_PUDS_SI_InputOutputControlByIdentifier, SA:01, TA:F1, RA:0x00, Result:PUDS_RESULT_N_OK - OK !
	LEN: 3, DATA: [6F-F1-95]
11:36:27,431 [1] DEBUG PCUServer - PENDING UDS message from 0xf1 (to 0x01, with RA 0x00) -> LEN=14 ...
11:36:27,453 [1] INFO PCUServer - UDS REQUEST   TPUDSMsg : SI:PUDS_SI_RoutineControl, SA:F1, TA:01, RA:0x00, Result:PUDS_RESULT_N_OK - OK !
	LEN: 14, DATA: [31-03-F1-A2-41-42-43-44-45-46-47-48-49-4A]
11:36:27,455 [1] DEBUG PCUServer - 
   ...Transmitting response: PUDS_ERROR_OK

11:36:27,461 [1] INFO PCUServer - UDS RESPONSE  TPUDSMsg : SI:RESPONSE_PUDS_SI_RoutineControl, SA:01, TA:F1, RA:0x00, Result:PUDS_RESULT_N_OK - OK !
	LEN: 4, DATA: [71-03-F1-A2]
11:36:27,476 [1] DEBUG PCUServer - PENDING UDS message from 0xf1 (to 0x01, with RA 0x00) -> LEN=26 ...
11:36:27,509 [1] INFO PCUServer - UDS REQUEST   TPUDSMsg : SI:PUDS_SI_RequestDownload, SA:F1, TA:01, RA:0x00, Result:PUDS_RESULT_N_OK - OK !
	LEN: 26, DATA: [34-12-8F-41-42-43-44-45-46-47-48-49-4A-4B-4C-4D-4E-4F-0A-0B-0C-0D-0E-0F-10-11]
11:36:27,511 [1] DEBUG PCUServer - 
   ...Transmitting response: PUDS_ERROR_OK

11:36:27,517 [1] DEBUG PCUServer - PENDING UDS message from 0x01 (to 0xf1, with RA 0x00) -> LEN=42 ...
11:36:27,579 [1] INFO PCUServer - UDS RESPONSE  TPUDSMsg : SI:RESPONSE_PUDS_SI_RequestDownload, SA:01, TA:F1, RA:0x00, Result:PUDS_RESULT_N_OK - OK !
	LEN: 42, DATA: [74-F0-02-03-04-05-06-07-08-09-0A-0B-0C-0D-0E-0F-10-11-12-13-14-15-16-17-18-19-1A-1B-1C-1D-1E-1F-20-21-22-23-24-25-26-27-28-29]
11:36:27,600 [1] DEBUG PCUServer - PENDING UDS message from 0xf1 (to 0x01, with RA 0x00) -> LEN=56 ...
11:36:27,687 [1] INFO PCUServer - UDS REQUEST   TPUDSMsg : SI:PUDS_SI_RequestUpload, SA:F1, TA:01, RA:0x00, Result:PUDS_RESULT_N_OK - OK !
	LEN: 56, DATA: [35-12-05-41-42-43-44-45-46-47-48-49-4A-4B-4C-4D-4E-4F-50-51-52-53-54-55-0A-0B-0C-0D-0E-0F-10-11-12-13-14-15-16-17-18-19-1A-1B-1C-1D-1E-1F-20-21-22-23-24-25-26-27-28-29]
11:36:27,688 [1] DEBUG PCUServer - 
   ...Transmitting response: PUDS_ERROR_OK

11:36:27,691 [1] DEBUG PCUServer - PENDING UDS message from 0x01 (to 0xf1, with RA 0x00) -> LEN=12 ...
11:36:27,703 [1] INFO PCUServer - UDS RESPONSE  TPUDSMsg : SI:RESPONSE_PUDS_SI_RequestUpload, SA:01, TA:F1, RA:0x00, Result:PUDS_RESULT_N_OK - OK !
	LEN: 12, DATA: [75-F0-02-03-04-05-06-07-08-09-0A-0B]
11:36:27,714 [1] DEBUG PCUServer - PENDING UDS message from 0xf1 (to 0x01, with RA 0x00) -> LEN=52 ...
11:36:27,790 [1] INFO PCUServer - UDS REQUEST   TPUDSMsg : SI:PUDS_SI_TransferData, SA:F1, TA:01, RA:0x00, Result:PUDS_RESULT_N_OK - OK !
	LEN: 52, DATA: [36-01-41-42-43-44-45-46-47-48-49-4A-4B-4C-4D-4E-4F-50-51-52-53-54-55-56-57-58-59-5A-5B-5C-5D-5E-5F-60-61-62-63-64-65-66-67-68-69-6A-6B-6C-6D-6E-6F-70-71-72]
11:36:27,792 [1] DEBUG PCUServer - 
   ...Transmitting response: PUDS_ERROR_OK

11:36:27,796 [1] DEBUG PCUServer - PENDING UDS message from 0x01 (to 0xf1, with RA 0x00) -> LEN=54 ...
11:36:27,870 [1] INFO PCUServer - UDS RESPONSE  TPUDSMsg : SI:RESPONSE_PUDS_SI_TransferData, SA:01, TA:F1, RA:0x00, Result:PUDS_RESULT_N_OK - OK !
	LEN: 54, DATA: [76-01-02-03-04-05-06-07-08-09-0A-0B-0C-0D-0E-0F-10-11-12-13-14-15-16-17-18-19-1A-1B-1C-1D-1E-1F-20-21-22-23-24-25-26-27-28-29-2A-2B-2C-2D-2E-2F-30-31-32-33-34-35]
11:36:27,889 [1] DEBUG PCUServer - PENDING UDS message from 0xf1 (to 0x01, with RA 0x00) -> LEN=21 ...
11:36:27,922 [1] INFO PCUServer - UDS REQUEST   TPUDSMsg : SI:PUDS_SI_RequestTransferExit, SA:F1, TA:01, RA:0x00, Result:PUDS_RESULT_N_OK - OK !
	LEN: 21, DATA: [37-41-42-43-44-45-46-47-48-49-4A-4B-4C-4D-4E-4F-50-51-52-53-54]
11:36:27,925 [1] DEBUG PCUServer - 
   ...Transmitting response: PUDS_ERROR_OK

11:36:27,931 [1] DEBUG PCUServer - PENDING UDS message from 0x01 (to 0xf1, with RA 0x00) -> LEN=22 ...
11:36:27,960 [1] INFO PCUServer - UDS RESPONSE  TPUDSMsg : SI:RESPONSE_PUDS_SI_RequestTransferExit, SA:01, TA:F1, RA:0x00, Result:PUDS_RESULT_N_OK - OK !
	LEN: 22, DATA: [77-01-02-03-04-05-06-07-08-09-0A-0B-0C-0D-0E-0F-10-11-12-13-14-15]
11:36:27,974 [1] DEBUG PCUServer - PENDING UDS message from 0xf1 (to 0x01, with RA 0x00) -> LEN=4095 ...
11:36:34,226 [1] INFO PCUServer - UDS REQUEST   TPUDSMsg : SI:PUDS_SI_TransferData, SA:F1, TA:01, RA:0x00, Result:PUDS_RESULT_N_OK - OK !
	LEN: 4095, DATA: [36-01-41-42-43-44-45-46-47-48-49-4A-4B-4C-4D-4E-4F-50-51-52-53-54-55-56-57-58-59-5A-5B-5C-5D-5E-5F-60-61-62-63-64-65-66-67-68-69-6A-6B-6C-6D-6E-6F-70-71-72-73-74-75-76-77-78-79-7A-7B-7C-7D-7E-7F-80-81-82-83-84-85-86-87-88-89-8A-8B-8C-8D-8E-8F-90-91-92-93-94-95-96-97-98-99-9A-9B-9C-9D-9E-9F-A0-A1-A2-A3-A4-A5-A6-A7-A8-A9-AA-AB-AC-AD-AE-AF-B0-B1-B2-B3-B4-B5-B6-B7-B8-B9-BA-BB-BC-BD-BE-BF-C0-C1-C2-C3-C4-C5-C6-C7-C8-C9-CA-CB-CC-CD-CE-CF-D0-D1-D2-D3-D4-D5-D6-D7-D8-D9-DA-DB-DC-DD-DE-DF-E0-E1-E2-E3-E4-E5-E6-E7-E8-E9-EA-EB-EC-ED-EE-EF-F0-F1-F2-F3-F4-F5-F6-F7-F8-F9-FA-FB-FC-FD-FE-FF-00-01-02-03-04-05-06-07-08-09-0A-0B-0C-0D-0E-0F-10-11-12-13-14-15-16-17-18-19-1A-1B-1C-1D-1E-1F-20-21-22-23-24-25-26-27-28-29-2A-2B-2C-2D-2E-2F-30-31-32-33-34-35-36-37-38-39-3A-3B-3C-3D-3E-3F-40-41-42-43-44-45-46-47-48-49-4A-4B-4C-4D-4E-4F-50-51-52-53-54-55-56-57-58-59-5A-5B-5C-5D-5E-5F-60-61-62-63-64-65-66-67-68-69-6A-6B-6C-6D-6E-6F-70-71-72-73-74-75-76-77-78-79-7A-7B-7C-7D-7E-7F-80-81-82-83-84-85-86-87-88-89-8A-8B-8C-8D-8E-8F-90-91-92-93-94-95-96-97-98-99-9A-9B-9C-9D-9E-9F-A0-A1-A2-A3-A4-A5-A6-A7-A8-A9-AA-AB-AC-AD-AE-AF-B0-B1-B2-B3-B4-B5-B6-B7-B8-B9-BA-BB-BC-BD-BE-BF-C0-C1-C2-C3-C4-C5-C6-C7-C8-C9-CA-CB-CC-CD-CE-CF-D0-D1-D2-D3-D4-D5-D6-D7-D8-D9-DA-DB-DC-DD-DE-DF-E0-E1-E2-E3-E4-E5-E6-E7-E8-E9-EA-EB-EC-ED-EE-EF-F0-F1-F2-F3-F4-F5-F6-F7-F8-F9-FA-FB-FC-FD-FE-FF-00-01-02-03-04-05-06-07-08-09-0A-0B-0C-0D-0E-0F-10-11-12-13-14-15-16-17-18-19-1A-1B-1C-1D-1E-1F-20-21-22-23-24-25-26-27-28-29-2A-2B-2C-2D-2E-2F-30-31-32-33-34-35-36-37-38-39-3A-3B-3C-3D-3E-3F-40-41-42-43-44-45-46-47-48-49-4A-4B-4C-4D-4E-4F-50-51-52-53-54-55-56-57-58-59-5A-5B-5C-5D-5E-5F-60-61-62-63-64-65-66-67-68-69-6A-6B-6C-6D-6E-6F-70-71-72-73-74-75-76-77-78-79-7A-7B-7C-7D-7E-7F-80-81-82-83-84-85-86-87-88-89-8A-8B-8C-8D-8E-8F-90-91-92-93-94-95-96-97-98-99-9A-9B-9C-9D-9E-9F-A0-A1-A2-A3-A4-A5-A6-A7-A8-A9-AA-AB-AC-AD-AE-AF-B0-B1-B2-B3-B4-B5-B6-B7-B8-B9-BA-BB-BC-BD-BE-BF-C0-C1-C2-C3-C4-C5-C6-C7-C8-C9-CA-CB-CC-CD-CE-CF-D0-D1-D2-D3-D4-D5-D6-D7-D8-D9-DA-DB-DC-DD-DE-DF-E0-E1-E2-E3-E4-E5-E6-E7-E8-E9-EA-EB-EC-ED-EE-EF-F0-F1-F2-F3-F4-F5-F6-F7-F8-F9-FA-FB-FC-FD-FE-FF-00-01-02-03-04-05-06-07-08-09-0A-0B-0C-0D-0E-0F-10-11-12-13-14-15-16-17-18-19-1A-1B-1C-1D-1E-1F-20-21-22-23-24-25-26-27-28-29-2A-2B-2C-2D-2E-2F-30-31-32-33-34-35-36-37-38-39-3A-3B-3C-3D-3E-3F-40-41-42-43-44-45-46-47-48-49-4A-4B-4C-4D-4E-4F-50-51-52-53-54-55-56-57-58-59-5A-5B-5C-5D-5E-5F-60-61-62-63-64-65-66-67-68-69-6A-6B-6C-6D-6E-6F-70-71-72-73-74-75-76-77-78-79-7A-7B-7C-7D-7E-7F-80-81-82-83-84-85-86-87-88-89-8A-8B-8C-8D-8E-8F-90-91-92-93-94-95-96-97-98-99-9A-9B-9C-9D-9E-9F-A0-A1-A2-A3-A4-A5-A6-A7-A8-A9-AA-AB-AC-AD-AE-AF-B0-B1-B2-B3-B4-B5-B6-B7-B8-B9-BA-BB-BC-BD-BE-BF-C0-C1-C2-C3-C4-C5-C6-C7-C8-C9-CA-CB-CC-CD-CE-CF-D0-D1-D2-D3-D4-D5-D6-D7-D8-D9-DA-DB-DC-DD-DE-DF-E0-E1-E2-E3-E4-E5-E6-E7-E8-E9-EA-EB-EC-ED-EE-EF-F0-F1-F2-F3-F4-F5-F6-F7-F8-F9-FA-FB-FC-FD-FE-FF-00-01-02-03-04-05-06-07-08-09-0A-0B-0C-0D-0E-0F-10-11-12-13-14-15-16-17-18-19-1A-1B-1C-1D-1E-1F-20-21-22-23-24-25-26-27-28-29-2A-2B-2C-2D-2E-2F-30-31-32-33-34-35-36-37-38-39-3A-3B-3C-3D-3E-3F-40-41-42-43-44-45-46-47-48-49-4A-4B-4C-4D-4E-4F-50-51-52-53-54-55-56-57-58-59-5A-5B-5C-5D-5E-5F-60-61-62-63-64-65-66-67-68-69-6A-6B-6C-6D-6E-6F-70-71-72-73-74-75-76-77-78-79-7A-7B-7C-7D-7E-7F-80-81-82-83-84-85-86-87-88-89-8A-8B-8C-8D-8E-8F-90-91-92-93-94-95-96-97-98-99-9A-9B-9C-9D-9E-9F-A0-A1-A2-A3-A4-A5-A6-A7-A8-A9-AA-AB-AC-AD-AE-AF-B0-B1-B2-B3-B4-B5-B6-B7-B8-B9-BA-BB-BC-BD-BE-BF-C0-C1-C2-C3-C4-C5-C6-C7-C8-C9-CA-CB-CC-CD-CE-CF-D0-D1-D2-D3-D4-D5-D6-D7-D8-D9-DA-DB-DC-DD-DE-DF-E0-E1-E2-E3-E4-E5-E6-E7-E8-E9-EA-EB-EC-ED-EE-EF-F0-F1-F2-F3-F4-F5-F6-F7-F8-F9-FA-FB-FC-FD-FE-FF-00-01-02-03-04-05-06-07-08-09-0A-0B-0C-0D-0E-0F-10-11-12-13-14-15-16-17-18-19-1A-1B-1C-1D-1E-1F-20-21-22-23-24-25-26-27-28-29-2A-2B-2C-2D-2E-2F-30-31-32-33-34-35-36-37-38-39-3A-3B-3C-3D-3E-3F-40-41-42-43-44-45-46-47-48-49-4A-4B-4C-4D-4E-4F-50-51-52-53-54-55-56-57-58-59-5A-5B-5C-5D-5E-5F-60-61-62-63-64-65-66-67-68-69-6A-6B-6C-6D-6E-6F-70-71-72-73-74-75-76-77-78-79-7A-7B-7C-7D-7E-7F-80-81-82-83-84-85-86-87-88-89-8A-8B-8C-8D-8E-8F-90-91-92-93-94-95-96-97-98-99-9A-9B-9C-9D-9E-9F-A0-A1-A2-A3-A4-A5-A6-A7-A8-A9-AA-AB-AC-AD-AE-AF-B0-B1-B2-B3-B4-B5-B6-B7-B8-B9-BA-BB-BC-BD-BE-BF-C0-C1-C2-C3-C4-C5-C6-C7-C8-C9-CA-CB-CC-CD-CE-CF-D0-D1-D2-D3-D4-D5-D6-D7-D8-D9-DA-DB-DC-DD-DE-DF-E0-E1-E2-E3-E4-E5-E6-E7-E8-E9-EA-EB-EC-ED-EE-EF-F0-F1-F2-F3-F4-F5-F6-F7-F8-F9-FA-FB-FC-FD-FE-FF-00-01-02-03-04-05-06-07-08-09-0A-0B-0C-0D-0E-0F-10-11-12-13-14-15-16-17-18-19-1A-1B-1C-1D-1E-1F-20-21-22-23-24-25-26-27-28-29-2A-2B-2C-2D-2E-2F-30-31-32-33-34-35-36-37-38-39-3A-3B-3C-3D-3E-3F-40-41-42-43-44-45-46-47-48-49-4A-4B-4C-4D-4E-4F-50-51-52-53-54-55-56-57-58-59-5A-5B-5C-5D-5E-5F-60-61-62-63-64-65-66-67-68-69-6A-6B-6C-6D-6E-6F-70-71-72-73-74-75-76-77-78-79-7A-7B-7C-7D-7E-7F-80-81-82-83-84-85-86-87-88-89-8A-8B-8C-8D-8E-8F-90-91-92-93-94-95-96-97-98-99-9A-9B-9C-9D-9E-9F-A0-A1-A2-A3-A4-A5-A6-A7-A8-A9-AA-AB-AC-AD-AE-AF-B0-B1-B2-B3-B4-B5-B6-B7-B8-B9-BA-BB-BC-BD-BE-BF-C0-C1-C2-C3-C4-C5-C6-C7-C8-C9-CA-CB-CC-CD-CE-CF-D0-D1-D2-D3-D4-D5-D6-D7-D8-D9-DA-DB-DC-DD-DE-DF-E0-E1-E2-E3-E4-E5-E6-E7-E8-E9-EA-EB-EC-ED-EE-EF-F0-F1-F2-F3-F4-F5-F6-F7-F8-F9-FA-FB-FC-FD-FE-FF-00-01-02-03-04-05-06-07-08-09-0A-0B-0C-0D-0E-0F-10-11-12-13-14-15-16-17-18-19-1A-1B-1C-1D-1E-1F-20-21-22-23-24-25-26-27-28-29-2A-2B-2C-2D-2E-2F-30-31-32-33-34-35-36-37-38-39-3A-3B-3C-3D-3E-3F-40-41-42-43-44-45-46-47-48-49-4A-4B-4C-4D-4E-4F-50-51-52-53-54-55-56-57-58-59-5A-5B-5C-5D-5E-5F-60-61-62-63-64-65-66-67-68-69-6A-6B-6C-6D-6E-6F-70-71-72-73-74-75-76-77-78-79-7A-7B-7C-7D-7E-7F-80-81-82-83-84-85-86-87-88-89-8A-8B-8C-8D-8E-8F-90-91-92-93-94-95-96-97-98-99-9A-9B-9C-9D-9E-9F-A0-A1-A2-A3-A4-A5-A6-A7-A8-A9-AA-AB-AC-AD-AE-AF-B0-B1-B2-B3-B4-B5-B6-B7-B8-B9-BA-BB-BC-BD-BE-BF-C0-C1-C2-C3-C4-C5-C6-C7-C8-C9-CA-CB-CC-CD-CE-CF-D0-D1-D2-D3-D4-D5-D6-D7-D8-D9-DA-DB-DC-DD-DE-DF-E0-E1-E2-E3-E4-E5-E6-E7-E8-E9-EA-EB-EC-ED-EE-EF-F0-F1-F2-F3-F4-F5-F6-F7-F8-F9-FA-FB-FC-FD-FE-FF-00-01-02-03-04-05-06-07-08-09-0A-0B-0C-0D-0E-0F-10-11-12-13-14-15-16-17-18-19-1A-1B-1C-1D-1E-1F-20-21-22-23-24-25-26-27-28-29-2A-2B-2C-2D-2E-2F-30-31-32-33-34-35-36-37-38-39-3A-3B-3C-3D-3E-3F-40-41-42-43-44-45-46-47-48-49-4A-4B-4C-4D-4E-4F-50-51-52-53-54-55-56-57-58-59-5A-5B-5C-5D-5E-5F-60-61-62-63-64-65-66-67-68-69-6A-6B-6C-6D-6E-6F-70-71-72-73-74-75-76-77-78-79-7A-7B-7C-7D-7E-7F-80-81-82-83-84-85-86-87-88-89-8A-8B-8C-8D-8E-8F-90-91-92-93-94-95-96-97-98-99-9A-9B-9C-9D-9E-9F-A0-A1-A2-A3-A4-A5-A6-A7-A8-A9-AA-AB-AC-AD-AE-AF-B0-B1-B2-B3-B4-B5-B6-B7-B8-B9-BA-BB-BC-BD-BE-BF-C0-C1-C2-C3-C4-C5-C6-C7-C8-C9-CA-CB-CC-CD-CE-CF-D0-D1-D2-D3-D4-D5-D6-D7-D8-D9-DA-DB-DC-DD-DE-DF-E0-E1-E2-E3-E4-E5-E6-E7-E8-E9-EA-EB-EC-ED-EE-EF-F0-F1-F2-F3-F4-F5-F6-F7-F8-F9-FA-FB-FC-FD-FE-FF-00-01-02-03-04-05-06-07-08-09-0A-0B-0C-0D-0E-0F-10-11-12-13-14-15-16-17-18-19-1A-1B-1C-1D-1E-1F-20-21-22-23-24-25-26-27-28-29-2A-2B-2C-2D-2E-2F-30-31-32-33-34-35-36-37-38-39-3A-3B-3C-3D-3E-3F-40-41-42-43-44-45-46-47-48-49-4A-4B-4C-4D-4E-4F-50-51-52-53-54-55-56-57-58-59-5A-5B-5C-5D-5E-5F-60-61-62-63-64-65-66-67-68-69-6A-6B-6C-6D-6E-6F-70-71-72-73-74-75-76-77-78-79-7A-7B-7C-7D-7E-7F-80-81-82-83-84-85-86-87-88-89-8A-8B-8C-8D-8E-8F-90-91-92-93-94-95-96-97-98-99-9A-9B-9C-9D-9E-9F-A0-A1-A2-A3-A4-A5-A6-A7-A8-A9-AA-AB-AC-AD-AE-AF-B0-B1-B2-B3-B4-B5-B6-B7-B8-B9-BA-BB-BC-BD-BE-BF-C0-C1-C2-C3-C4-C5-C6-C7-C8-C9-CA-CB-CC-CD-CE-CF-D0-D1-D2-D3-D4-D5-D6-D7-D8-D9-DA-DB-DC-DD-DE-DF-E0-E1-E2-E3-E4-E5-E6-E7-E8-E9-EA-EB-EC-ED-EE-EF-F0-F1-F2-F3-F4-F5-F6-F7-F8-F9-FA-FB-FC-FD-FE-FF-00-01-02-03-04-05-06-07-08-09-0A-0B-0C-0D-0E-0F-10-11-12-13-14-15-16-17-18-19-1A-1B-1C-1D-1E-1F-20-21-22-23-24-25-26-27-28-29-2A-2B-2C-2D-2E-2F-30-31-32-33-34-35-36-37-38-39-3A-3B-3C-3D-3E-3F-40-41-42-43-44-45-46-47-48-49-4A-4B-4C-4D-4E-4F-50-51-52-53-54-55-56-57-58-59-5A-5B-5C-5D-5E-5F-60-61-62-63-64-65-66-67-68-69-6A-6B-6C-6D-6E-6F-70-71-72-73-74-75-76-77-78-79-7A-7B-7C-7D-7E-7F-80-81-82-83-84-85-86-87-88-89-8A-8B-8C-8D-8E-8F-90-91-92-93-94-95-96-97-98-99-9A-9B-9C-9D-9E-9F-A0-A1-A2-A3-A4-A5-A6-A7-A8-A9-AA-AB-AC-AD-AE-AF-B0-B1-B2-B3-B4-B5-B6-B7-B8-B9-BA-BB-BC-BD-BE-BF-C0-C1-C2-C3-C4-C5-C6-C7-C8-C9-CA-CB-CC-CD-CE-CF-D0-D1-D2-D3-D4-D5-D6-D7-D8-D9-DA-DB-DC-DD-DE-DF-E0-E1-E2-E3-E4-E5-E6-E7-E8-E9-EA-EB-EC-ED-EE-EF-F0-F1-F2-F3-F4-F5-F6-F7-F8-F9-FA-FB-FC-FD-FE-FF-00-01-02-03-04-05-06-07-08-09-0A-0B-0C-0D-0E-0F-10-11-12-13-14-15-16-17-18-19-1A-1B-1C-1D-1E-1F-20-21-22-23-24-25-26-27-28-29-2A-2B-2C-2D-2E-2F-30-31-32-33-34-35-36-37-38-39-3A-3B-3C-3D-3E-3F-40-41-42-43-44-45-46-47-48-49-4A-4B-4C-4D-4E-4F-50-51-52-53-54-55-56-57-58-59-5A-5B-5C-5D-5E-5F-60-61-62-63-64-65-66-67-68-69-6A-6B-6C-6D-6E-6F-70-71-72-73-74-75-76-77-78-79-7A-7B-7C-7D-7E-7F-80-81-82-83-84-85-86-87-88-89-8A-8B-8C-8D-8E-8F-90-91-92-93-94-95-96-97-98-99-9A-9B-9C-9D-9E-9F-A0-A1-A2-A3-A4-A5-A6-A7-A8-A9-AA-AB-AC-AD-AE-AF-B0-B1-B2-B3-B4-B5-B6-B7-B8-B9-BA-BB-BC-BD-BE-BF-C0-C1-C2-C3-C4-C5-C6-C7-C8-C9-CA-CB-CC-CD-CE-CF-D0-D1-D2-D3-D4-D5-D6-D7-D8-D9-DA-DB-DC-DD-DE-DF-E0-E1-E2-E3-E4-E5-E6-E7-E8-E9-EA-EB-EC-ED-EE-EF-F0-F1-F2-F3-F4-F5-F6-F7-F8-F9-FA-FB-FC-FD-FE-FF-00-01-02-03-04-05-06-07-08-09-0A-0B-0C-0D-0E-0F-10-11-12-13-14-15-16-17-18-19-1A-1B-1C-1D-1E-1F-20-21-22-23-24-25-26-27-28-29-2A-2B-2C-2D-2E-2F-30-31-32-33-34-35-36-37-38-39-3A-3B-3C-3D-3E-3F-40-41-42-43-44-45-46-47-48-49-4A-4B-4C-4D-4E-4F-50-51-52-53-54-55-56-57-58-59-5A-5B-5C-5D-5E-5F-60-61-62-63-64-65-66-67-68-69-6A-6B-6C-6D-6E-6F-70-71-72-73-74-75-76-77-78-79-7A-7B-7C-7D-7E-7F-80-81-82-83-84-85-86-87-88-89-8A-8B-8C-8D-8E-8F-90-91-92-93-94-95-96-97-98-99-9A-9B-9C-9D-9E-9F-A0-A1-A2-A3-A4-A5-A6-A7-A8-A9-AA-AB-AC-AD-AE-AF-B0-B1-B2-B3-B4-B5-B6-B7-B8-B9-BA-BB-BC-BD-BE-BF-C0-C1-C2-C3-C4-C5-C6-C7-C8-C9-CA-CB-CC-CD-CE-CF-D0-D1-D2-D3-D4-D5-D6-D7-D8-D9-DA-DB-DC-DD-DE-DF-E0-E1-E2-E3-E4-E5-E6-E7-E8-E9-EA-EB-EC-ED-EE-EF-F0-F1-F2-F3-F4-F5-F6-F7-F8-F9-FA-FB-FC-FD-FE-FF-00-01-02-03-04-05-06-07-08-09-0A-0B-0C-0D-0E-0F-10-11-12-13-14-15-16-17-18-19-1A-1B-1C-1D-1E-1F-20-21-22-23-24-25-26-27-28-29-2A-2B-2C-2D-2E-2F-30-31-32-33-34-35-36-37-38-39-3A-3B-3C-3D-3E-3F-40-41-42-43-44-45-46-47-48-49-4A-4B-4C-4D-4E-4F-50-51-52-53-54-55-56-57-58-59-5A-5B-5C-5D-5E-5F-60-61-62-63-64-65-66-67-68-69-6A-6B-6C-6D-6E-6F-70-71-72-73-74-75-76-77-78-79-7A-7B-7C-7D-7E-7F-80-81-82-83-84-85-86-87-88-89-8A-8B-8C-8D-8E-8F-90-91-92-93-94-95-96-97-98-99-9A-9B-9C-9D-9E-9F-A0-A1-A2-A3-A4-A5-A6-A7-A8-A9-AA-AB-AC-AD-AE-AF-B0-B1-B2-B3-B4-B5-B6-B7-B8-B9-BA-BB-BC-BD-BE-BF-C0-C1-C2-C3-C4-C5-C6-C7-C8-C9-CA-CB-CC-CD-CE-CF-D0-D1-D2-D3-D4-D5-D6-D7-D8-D9-DA-DB-DC-DD-DE-DF-E0-E1-E2-E3-E4-E5-E6-E7-E8-E9-EA-EB-EC-ED-EE-EF-F0-F1-F2-F3-F4-F5-F6-F7-F8-F9-FA-FB-FC-FD-FE-FF-00-01-02-03-04-05-06-07-08-09-0A-0B-0C-0D-0E-0F-10-11-12-13-14-15-16-17-18-19-1A-1B-1C-1D-1E-1F-20-21-22-23-24-25-26-27-28-29-2A-2B-2C-2D-2E-2F-30-31-32-33-34-35-36-37-38-39-3A-3B-3C-3D-3E-3F-40-41-42-43-44-45-46-47-48-49-4A-4B-4C-4D-4E-4F-50-51-52-53-54-55-56-57-58-59-5A-5B-5C-5D-5E-5F-60-61-62-63-64-65-66-67-68-69-6A-6B-6C-6D-6E-6F-70-71-72-73-74-75-76-77-78-79-7A-7B-7C-7D-7E-7F-80-81-82-83-84-85-86-87-88-89-8A-8B-8C-8D-8E-8F-90-91-92-93-94-95-96-97-98-99-9A-9B-9C-9D-9E-9F-A0-A1-A2-A3-A4-A5-A6-A7-A8-A9-AA-AB-AC-AD-AE-AF-B0-B1-B2-B3-B4-B5-B6-B7-B8-B9-BA-BB-BC-BD-BE-BF-C0-C1-C2-C3-C4-C5-C6-C7-C8-C9-CA-CB-CC-CD-CE-CF-D0-D1-D2-D3-D4-D5-D6-D7-D8-D9-DA-DB-DC-DD-DE-DF-E0-E1-E2-E3-E4-E5-E6-E7-E8-E9-EA-EB-EC-ED-EE-EF-F0-F1-F2-F3-F4-F5-F6-F7-F8-F9-FA-FB-FC-FD-FE-FF-00-01-02-03-04-05-06-07-08-09-0A-0B-0C-0D-0E-0F-10-11-12-13-14-15-16-17-18-19-1A-1B-1C-1D-1E-1F-20-21-22-23-24-25-26-27-28-29-2A-2B-2C-2D-2E-2F-30-31-32-33-34-35-36-37-38-39-3A-3B-3C-3D-3E-3F-40-41-42-43-44-45-46-47-48-49-4A-4B-4C-4D-4E-4F-50-51-52-53-54-55-56-57-58-59-5A-5B-5C-5D-5E-5F-60-61-62-63-64-65-66-67-68-69-6A-6B-6C-6D-6E-6F-70-71-72-73-74-75-76-77-78-79-7A-7B-7C-7D-7E-7F-80-81-82-83-84-85-86-87-88-89-8A-8B-8C-8D-8E-8F-90-91-92-93-94-95-96-97-98-99-9A-9B-9C-9D-9E-9F-A0-A1-A2-A3-A4-A5-A6-A7-A8-A9-AA-AB-AC-AD-AE-AF-B0-B1-B2-B3-B4-B5-B6-B7-B8-B9-BA-BB-BC-BD-BE-BF-C0-C1-C2-C3-C4-C5-C6-C7-C8-C9-CA-CB-CC-CD-CE-CF-D0-D1-D2-D3-D4-D5-D6-D7-D8-D9-DA-DB-DC-DD-DE-DF-E0-E1-E2-E3-E4-E5-E6-E7-E8-E9-EA-EB-EC-ED-EE-EF-F0-F1-F2-F3-F4-F5-F6-F7-F8-F9-FA-FB-FC-FD-FE-FF-00-01-02-03-04-05-06-07-08-09-0A-0B-0C-0D-0E-0F-10-11-12-13-14-15-16-17-18-19-1A-1B-1C-1D-1E-1F-20-21-22-23-24-25-26-27-28-29-2A-2B-2C-2D-2E-2F-30-31-32-33-34-35-36-37-38-39-3A-3B-3C-3D]
11:36:34,286 [1] DEBUG PCUServer - 
   ...Transmitting response: PUDS_ERROR_OK

11:36:34,290 [1] DEBUG PCUServer - PENDING UDS message from 0x01 (to 0xf1, with RA 0x00) -> LEN=4095 ...
11:36:40,175 [1] INFO PCUServer - UDS RESPONSE  TPUDSMsg : SI:RESPONSE_PUDS_SI_TransferData, SA:01, TA:F1, RA:0x00, Result:PUDS_RESULT_N_OK - OK !
	LEN: 4095, DATA: [76-01-02-03-04-05-06-07-08-09-0A-0B-0C-0D-0E-0F-10-11-12-13-14-15-16-17-18-19-1A-1B-1C-1D-1E-1F-20-21-22-23-24-25-26-27-28-29-2A-2B-2C-2D-2E-2F-30-31-32-33-34-35-36-37-38-39-3A-3B-3C-3D-3E-3F-40-41-42-43-44-45-46-47-48-49-4A-4B-4C-4D-4E-4F-50-51-52-53-54-55-56-57-58-59-5A-5B-5C-5D-5E-5F-60-61-62-63-64-65-66-67-68-69-6A-6B-6C-6D-6E-6F-70-71-72-73-74-75-76-77-78-79-7A-7B-7C-7D-7E-7F-80-81-82-83-84-85-86-87-88-89-8A-8B-8C-8D-8E-8F-90-91-92-93-94-95-96-97-98-99-9A-9B-9C-9D-9E-9F-A0-A1-A2-A3-A4-A5-A6-A7-A8-A9-AA-AB-AC-AD-AE-AF-B0-B1-B2-B3-B4-B5-B6-B7-B8-B9-BA-BB-BC-BD-BE-BF-C0-C1-C2-C3-C4-C5-C6-C7-C8-C9-CA-CB-CC-CD-CE-CF-D0-D1-D2-D3-D4-D5-D6-D7-D8-D9-DA-DB-DC-DD-DE-DF-E0-E1-E2-E3-E4-E5-E6-E7-E8-E9-EA-EB-EC-ED-EE-EF-F0-F1-F2-F3-F4-F5-F6-F7-F8-F9-FA-FB-FC-FD-FE-FF-00-01-02-03-04-05-06-07-08-09-0A-0B-0C-0D-0E-0F-10-11-12-13-14-15-16-17-18-19-1A-1B-1C-1D-1E-1F-20-21-22-23-24-25-26-27-28-29-2A-2B-2C-2D-2E-2F-30-31-32-33-34-35-36-37-38-39-3A-3B-3C-3D-3E-3F-40-41-42-43-44-45-46-47-48-49-4A-4B-4C-4D-4E-4F-50-51-52-53-54-55-56-57-58-59-5A-5B-5C-5D-5E-5F-60-61-62-63-64-65-66-67-68-69-6A-6B-6C-6D-6E-6F-70-71-72-73-74-75-76-77-78-79-7A-7B-7C-7D-7E-7F-80-81-82-83-84-85-86-87-88-89-8A-8B-8C-8D-8E-8F-90-91-92-93-94-95-96-97-98-99-9A-9B-9C-9D-9E-9F-A0-A1-A2-A3-A4-A5-A6-A7-A8-A9-AA-AB-AC-AD-AE-AF-B0-B1-B2-B3-B4-B5-B6-B7-B8-B9-BA-BB-BC-BD-BE-BF-C0-C1-C2-C3-C4-C5-C6-C7-C8-C9-CA-CB-CC-CD-CE-CF-D0-D1-D2-D3-D4-D5-D6-D7-D8-D9-DA-DB-DC-DD-DE-DF-E0-E1-E2-E3-E4-E5-E6-E7-E8-E9-EA-EB-EC-ED-EE-EF-F0-F1-F2-F3-F4-F5-F6-F7-F8-F9-FA-FB-FC-FD-FE-FF-00-01-02-03-04-05-06-07-08-09-0A-0B-0C-0D-0E-0F-10-11-12-13-14-15-16-17-18-19-1A-1B-1C-1D-1E-1F-20-21-22-23-24-25-26-27-28-29-2A-2B-2C-2D-2E-2F-30-31-32-33-34-35-36-37-38-39-3A-3B-3C-3D-3E-3F-40-41-42-43-44-45-46-47-48-49-4A-4B-4C-4D-4E-4F-50-51-52-53-54-55-56-57-58-59-5A-5B-5C-5D-5E-5F-60-61-62-63-64-65-66-67-68-69-6A-6B-6C-6D-6E-6F-70-71-72-73-74-75-76-77-78-79-7A-7B-7C-7D-7E-7F-80-81-82-83-84-85-86-87-88-89-8A-8B-8C-8D-8E-8F-90-91-92-93-94-95-96-97-98-99-9A-9B-9C-9D-9E-9F-A0-A1-A2-A3-A4-A5-A6-A7-A8-A9-AA-AB-AC-AD-AE-AF-B0-B1-B2-B3-B4-B5-B6-B7-B8-B9-BA-BB-BC-BD-BE-BF-C0-C1-C2-C3-C4-C5-C6-C7-C8-C9-CA-CB-CC-CD-CE-CF-D0-D1-D2-D3-D4-D5-D6-D7-D8-D9-DA-DB-DC-DD-DE-DF-E0-E1-E2-E3-E4-E5-E6-E7-E8-E9-EA-EB-EC-ED-EE-EF-F0-F1-F2-F3-F4-F5-F6-F7-F8-F9-FA-FB-FC-FD-FE-FF-00-01-02-03-04-05-06-07-08-09-0A-0B-0C-0D-0E-0F-10-11-12-13-14-15-16-17-18-19-1A-1B-1C-1D-1E-1F-20-21-22-23-24-25-26-27-28-29-2A-2B-2C-2D-2E-2F-30-31-32-33-34-35-36-37-38-39-3A-3B-3C-3D-3E-3F-40-41-42-43-44-45-46-47-48-49-4A-4B-4C-4D-4E-4F-50-51-52-53-54-55-56-57-58-59-5A-5B-5C-5D-5E-5F-60-61-62-63-64-65-66-67-68-69-6A-6B-6C-6D-6E-6F-70-71-72-73-74-75-76-77-78-79-7A-7B-7C-7D-7E-7F-80-81-82-83-84-85-86-87-88-89-8A-8B-8C-8D-8E-8F-90-91-92-93-94-95-96-97-98-99-9A-9B-9C-9D-9E-9F-A0-A1-A2-A3-A4-A5-A6-A7-A8-A9-AA-AB-AC-AD-AE-AF-B0-B1-B2-B3-B4-B5-B6-B7-B8-B9-BA-BB-BC-BD-BE-BF-C0-C1-C2-C3-C4-C5-C6-C7-C8-C9-CA-CB-CC-CD-CE-CF-D0-D1-D2-D3-D4-D5-D6-D7-D8-D9-DA-DB-DC-DD-DE-DF-E0-E1-E2-E3-E4-E5-E6-E7-E8-E9-EA-EB-EC-ED-EE-EF-F0-F1-F2-F3-F4-F5-F6-F7-F8-F9-FA-FB-FC-FD-FE-FF-00-01-02-03-04-05-06-07-08-09-0A-0B-0C-0D-0E-0F-10-11-12-13-14-15-16-17-18-19-1A-1B-1C-1D-1E-1F-20-21-22-23-24-25-26-27-28-29-2A-2B-2C-2D-2E-2F-30-31-32-33-34-35-36-37-38-39-3A-3B-3C-3D-3E-3F-40-41-42-43-44-45-46-47-48-49-4A-4B-4C-4D-4E-4F-50-51-52-53-54-55-56-57-58-59-5A-5B-5C-5D-5E-5F-60-61-62-63-64-65-66-67-68-69-6A-6B-6C-6D-6E-6F-70-71-72-73-74-75-76-77-78-79-7A-7B-7C-7D-7E-7F-80-81-82-83-84-85-86-87-88-89-8A-8B-8C-8D-8E-8F-90-91-92-93-94-95-96-97-98-99-9A-9B-9C-9D-9E-9F-A0-A1-A2-A3-A4-A5-A6-A7-A8-A9-AA-AB-AC-AD-AE-AF-B0-B1-B2-B3-B4-B5-B6-B7-B8-B9-BA-BB-BC-BD-BE-BF-C0-C1-C2-C3-C4-C5-C6-C7-C8-C9-CA-CB-CC-CD-CE-CF-D0-D1-D2-D3-D4-D5-D6-D7-D8-D9-DA-DB-DC-DD-DE-DF-E0-E1-E2-E3-E4-E5-E6-E7-E8-E9-EA-EB-EC-ED-EE-EF-F0-F1-F2-F3-F4-F5-F6-F7-F8-F9-FA-FB-FC-FD-FE-FF-00-01-02-03-04-05-06-07-08-09-0A-0B-0C-0D-0E-0F-10-11-12-13-14-15-16-17-18-19-1A-1B-1C-1D-1E-1F-20-21-22-23-24-25-26-27-28-29-2A-2B-2C-2D-2E-2F-30-31-32-33-34-35-36-37-38-39-3A-3B-3C-3D-3E-3F-40-41-42-43-44-45-46-47-48-49-4A-4B-4C-4D-4E-4F-50-51-52-53-54-55-56-57-58-59-5A-5B-5C-5D-5E-5F-60-61-62-63-64-65-66-67-68-69-6A-6B-6C-6D-6E-6F-70-71-72-73-74-75-76-77-78-79-7A-7B-7C-7D-7E-7F-80-81-82-83-84-85-86-87-88-89-8A-8B-8C-8D-8E-8F-90-91-92-93-94-95-96-97-98-99-9A-9B-9C-9D-9E-9F-A0-A1-A2-A3-A4-A5-A6-A7-A8-A9-AA-AB-AC-AD-AE-AF-B0-B1-B2-B3-B4-B5-B6-B7-B8-B9-BA-BB-BC-BD-BE-BF-C0-C1-C2-C3-C4-C5-C6-C7-C8-C9-CA-CB-CC-CD-CE-CF-D0-D1-D2-D3-D4-D5-D6-D7-D8-D9-DA-DB-DC-DD-DE-DF-E0-E1-E2-E3-E4-E5-E6-E7-E8-E9-EA-EB-EC-ED-EE-EF-F0-F1-F2-F3-F4-F5-F6-F7-F8-F9-FA-FB-FC-FD-FE-FF-00-01-02-03-04-05-06-07-08-09-0A-0B-0C-0D-0E-0F-10-11-12-13-14-15-16-17-18-19-1A-1B-1C-1D-1E-1F-20-21-22-23-24-25-26-27-28-29-2A-2B-2C-2D-2E-2F-30-31-32-33-34-35-36-37-38-39-3A-3B-3C-3D-3E-3F-40-41-42-43-44-45-46-47-48-49-4A-4B-4C-4D-4E-4F-50-51-52-53-54-55-56-57-58-59-5A-5B-5C-5D-5E-5F-60-61-62-63-64-65-66-67-68-69-6A-6B-6C-6D-6E-6F-70-71-72-73-74-75-76-77-78-79-7A-7B-7C-7D-7E-7F-80-81-82-83-84-85-86-87-88-89-8A-8B-8C-8D-8E-8F-90-91-92-93-94-95-96-97-98-99-9A-9B-9C-9D-9E-9F-A0-A1-A2-A3-A4-A5-A6-A7-A8-A9-AA-AB-AC-AD-AE-AF-B0-B1-B2-B3-B4-B5-B6-B7-B8-B9-BA-BB-BC-BD-BE-BF-C0-C1-C2-C3-C4-C5-C6-C7-C8-C9-CA-CB-CC-CD-CE-CF-D0-D1-D2-D3-D4-D5-D6-D7-D8-D9-DA-DB-DC-DD-DE-DF-E0-E1-E2-E3-E4-E5-E6-E7-E8-E9-EA-EB-EC-ED-EE-EF-F0-F1-F2-F3-F4-F5-F6-F7-F8-F9-FA-FB-FC-FD-FE-FF-00-01-02-03-04-05-06-07-08-09-0A-0B-0C-0D-0E-0F-10-11-12-13-14-15-16-17-18-19-1A-1B-1C-1D-1E-1F-20-21-22-23-24-25-26-27-28-29-2A-2B-2C-2D-2E-2F-30-31-32-33-34-35-36-37-38-39-3A-3B-3C-3D-3E-3F-40-41-42-43-44-45-46-47-48-49-4A-4B-4C-4D-4E-4F-50-51-52-53-54-55-56-57-58-59-5A-5B-5C-5D-5E-5F-60-61-62-63-64-65-66-67-68-69-6A-6B-6C-6D-6E-6F-70-71-72-73-74-75-76-77-78-79-7A-7B-7C-7D-7E-7F-80-81-82-83-84-85-86-87-88-89-8A-8B-8C-8D-8E-8F-90-91-92-93-94-95-96-97-98-99-9A-9B-9C-9D-9E-9F-A0-A1-A2-A3-A4-A5-A6-A7-A8-A9-AA-AB-AC-AD-AE-AF-B0-B1-B2-B3-B4-B5-B6-B7-B8-B9-BA-BB-BC-BD-BE-BF-C0-C1-C2-C3-C4-C5-C6-C7-C8-C9-CA-CB-CC-CD-CE-CF-D0-D1-D2-D3-D4-D5-D6-D7-D8-D9-DA-DB-DC-DD-DE-DF-E0-E1-E2-E3-E4-E5-E6-E7-E8-E9-EA-EB-EC-ED-EE-EF-F0-F1-F2-F3-F4-F5-F6-F7-F8-F9-FA-FB-FC-FD-FE-FF-00-01-02-03-04-05-06-07-08-09-0A-0B-0C-0D-0E-0F-10-11-12-13-14-15-16-17-18-19-1A-1B-1C-1D-1E-1F-20-21-22-23-24-25-26-27-28-29-2A-2B-2C-2D-2E-2F-30-31-32-33-34-35-36-37-38-39-3A-3B-3C-3D-3E-3F-40-41-42-43-44-45-46-47-48-49-4A-4B-4C-4D-4E-4F-50-51-52-53-54-55-56-57-58-59-5A-5B-5C-5D-5E-5F-60-61-62-63-64-65-66-67-68-69-6A-6B-6C-6D-6E-6F-70-71-72-73-74-75-76-77-78-79-7A-7B-7C-7D-7E-7F-80-81-82-83-84-85-86-87-88-89-8A-8B-8C-8D-8E-8F-90-91-92-93-94-95-96-97-98-99-9A-9B-9C-9D-9E-9F-A0-A1-A2-A3-A4-A5-A6-A7-A8-A9-AA-AB-AC-AD-AE-AF-B0-B1-B2-B3-B4-B5-B6-B7-B8-B9-BA-BB-BC-BD-BE-BF-C0-C1-C2-C3-C4-C5-C6-C7-C8-C9-CA-CB-CC-CD-CE-CF-D0-D1-D2-D3-D4-D5-D6-D7-D8-D9-DA-DB-DC-DD-DE-DF-E0-E1-E2-E3-E4-E5-E6-E7-E8-E9-EA-EB-EC-ED-EE-EF-F0-F1-F2-F3-F4-F5-F6-F7-F8-F9-FA-FB-FC-FD-FE-FF-00-01-02-03-04-05-06-07-08-09-0A-0B-0C-0D-0E-0F-10-11-12-13-14-15-16-17-18-19-1A-1B-1C-1D-1E-1F-20-21-22-23-24-25-26-27-28-29-2A-2B-2C-2D-2E-2F-30-31-32-33-34-35-36-37-38-39-3A-3B-3C-3D-3E-3F-40-41-42-43-44-45-46-47-48-49-4A-4B-4C-4D-4E-4F-50-51-52-53-54-55-56-57-58-59-5A-5B-5C-5D-5E-5F-60-61-62-63-64-65-66-67-68-69-6A-6B-6C-6D-6E-6F-70-71-72-73-74-75-76-77-78-79-7A-7B-7C-7D-7E-7F-80-81-82-83-84-85-86-87-88-89-8A-8B-8C-8D-8E-8F-90-91-92-93-94-95-96-97-98-99-9A-9B-9C-9D-9E-9F-A0-A1-A2-A3-A4-A5-A6-A7-A8-A9-AA-AB-AC-AD-AE-AF-B0-B1-B2-B3-B4-B5-B6-B7-B8-B9-BA-BB-BC-BD-BE-BF-C0-C1-C2-C3-C4-C5-C6-C7-C8-C9-CA-CB-CC-CD-CE-CF-D0-D1-D2-D3-D4-D5-D6-D7-D8-D9-DA-DB-DC-DD-DE-DF-E0-E1-E2-E3-E4-E5-E6-E7-E8-E9-EA-EB-EC-ED-EE-EF-F0-F1-F2-F3-F4-F5-F6-F7-F8-F9-FA-FB-FC-FD-FE-FF-00-01-02-03-04-05-06-07-08-09-0A-0B-0C-0D-0E-0F-10-11-12-13-14-15-16-17-18-19-1A-1B-1C-1D-1E-1F-20-21-22-23-24-25-26-27-28-29-2A-2B-2C-2D-2E-2F-30-31-32-33-34-35-36-37-38-39-3A-3B-3C-3D-3E-3F-40-41-42-43-44-45-46-47-48-49-4A-4B-4C-4D-4E-4F-50-51-52-53-54-55-56-57-58-59-5A-5B-5C-5D-5E-5F-60-61-62-63-64-65-66-67-68-69-6A-6B-6C-6D-6E-6F-70-71-72-73-74-75-76-77-78-79-7A-7B-7C-7D-7E-7F-80-81-82-83-84-85-86-87-88-89-8A-8B-8C-8D-8E-8F-90-91-92-93-94-95-96-97-98-99-9A-9B-9C-9D-9E-9F-A0-A1-A2-A3-A4-A5-A6-A7-A8-A9-AA-AB-AC-AD-AE-AF-B0-B1-B2-B3-B4-B5-B6-B7-B8-B9-BA-BB-BC-BD-BE-BF-C0-C1-C2-C3-C4-C5-C6-C7-C8-C9-CA-CB-CC-CD-CE-CF-D0-D1-D2-D3-D4-D5-D6-D7-D8-D9-DA-DB-DC-DD-DE-DF-E0-E1-E2-E3-E4-E5-E6-E7-E8-E9-EA-EB-EC-ED-EE-EF-F0-F1-F2-F3-F4-F5-F6-F7-F8-F9-FA-FB-FC-FD-FE-FF-00-01-02-03-04-05-06-07-08-09-0A-0B-0C-0D-0E-0F-10-11-12-13-14-15-16-17-18-19-1A-1B-1C-1D-1E-1F-20-21-22-23-24-25-26-27-28-29-2A-2B-2C-2D-2E-2F-30-31-32-33-34-35-36-37-38-39-3A-3B-3C-3D-3E-3F-40-41-42-43-44-45-46-47-48-49-4A-4B-4C-4D-4E-4F-50-51-52-53-54-55-56-57-58-59-5A-5B-5C-5D-5E-5F-60-61-62-63-64-65-66-67-68-69-6A-6B-6C-6D-6E-6F-70-71-72-73-74-75-76-77-78-79-7A-7B-7C-7D-7E-7F-80-81-82-83-84-85-86-87-88-89-8A-8B-8C-8D-8E-8F-90-91-92-93-94-95-96-97-98-99-9A-9B-9C-9D-9E-9F-A0-A1-A2-A3-A4-A5-A6-A7-A8-A9-AA-AB-AC-AD-AE-AF-B0-B1-B2-B3-B4-B5-B6-B7-B8-B9-BA-BB-BC-BD-BE-BF-C0-C1-C2-C3-C4-C5-C6-C7-C8-C9-CA-CB-CC-CD-CE-CF-D0-D1-D2-D3-D4-D5-D6-D7-D8-D9-DA-DB-DC-DD-DE-DF-E0-E1-E2-E3-E4-E5-E6-E7-E8-E9-EA-EB-EC-ED-EE-EF-F0-F1-F2-F3-F4-F5-F6-F7-F8-F9-FA-FB-FC-FD-FE-FF-00-01-02-03-04-05-06-07-08-09-0A-0B-0C-0D-0E-0F-10-11-12-13-14-15-16-17-18-19-1A-1B-1C-1D-1E-1F-20-21-22-23-24-25-26-27-28-29-2A-2B-2C-2D-2E-2F-30-31-32-33-34-35-36-37-38-39-3A-3B-3C-3D-3E-3F-40-41-42-43-44-45-46-47-48-49-4A-4B-4C-4D-4E-4F-50-51-52-53-54-55-56-57-58-59-5A-5B-5C-5D-5E-5F-60-61-62-63-64-65-66-67-68-69-6A-6B-6C-6D-6E-6F-70-71-72-73-74-75-76-77-78-79-7A-7B-7C-7D-7E-7F-80-81-82-83-84-85-86-87-88-89-8A-8B-8C-8D-8E-8F-90-91-92-93-94-95-96-97-98-99-9A-9B-9C-9D-9E-9F-A0-A1-A2-A3-A4-A5-A6-A7-A8-A9-AA-AB-AC-AD-AE-AF-B0-B1-B2-B3-B4-B5-B6-B7-B8-B9-BA-BB-BC-BD-BE-BF-C0-C1-C2-C3-C4-C5-C6-C7-C8-C9-CA-CB-CC-CD-CE-CF-D0-D1-D2-D3-D4-D5-D6-D7-D8-D9-DA-DB-DC-DD-DE-DF-E0-E1-E2-E3-E4-E5-E6-E7-E8-E9-EA-EB-EC-ED-EE-EF-F0-F1-F2-F3-F4-F5-F6-F7-F8-F9-FA-FB-FC-FD-FE-FF-00-01-02-03-04-05-06-07-08-09-0A-0B-0C-0D-0E-0F-10-11-12-13-14-15-16-17-18-19-1A-1B-1C-1D-1E-1F-20-21-22-23-24-25-26-27-28-29-2A-2B-2C-2D-2E-2F-30-31-32-33-34-35-36-37-38-39-3A-3B-3C-3D-3E-3F-40-41-42-43-44-45-46-47-48-49-4A-4B-4C-4D-4E-4F-50-51-52-53-54-55-56-57-58-59-5A-5B-5C-5D-5E-5F-60-61-62-63-64-65-66-67-68-69-6A-6B-6C-6D-6E-6F-70-71-72-73-74-75-76-77-78-79-7A-7B-7C-7D-7E-7F-80-81-82-83-84-85-86-87-88-89-8A-8B-8C-8D-8E-8F-90-91-92-93-94-95-96-97-98-99-9A-9B-9C-9D-9E-9F-A0-A1-A2-A3-A4-A5-A6-A7-A8-A9-AA-AB-AC-AD-AE-AF-B0-B1-B2-B3-B4-B5-B6-B7-B8-B9-BA-BB-BC-BD-BE-BF-C0-C1-C2-C3-C4-C5-C6-C7-C8-C9-CA-CB-CC-CD-CE-CF-D0-D1-D2-D3-D4-D5-D6-D7-D8-D9-DA-DB-DC-DD-DE-DF-E0-E1-E2-E3-E4-E5-E6-E7-E8-E9-EA-EB-EC-ED-EE-EF-F0-F1-F2-F3-F4-F5-F6-F7-F8-F9-FA-FB-FC-FD-FE-FF-00-01-02-03-04-05-06-07-08-09-0A-0B-0C-0D-0E-0F-10-11-12-13-14-15-16-17-18-19-1A-1B-1C-1D-1E-1F-20-21-22-23-24-25-26-27-28-29-2A-2B-2C-2D-2E-2F-30-31-32-33-34-35-36-37-38-39-3A-3B-3C-3D-3E-3F-40-41-42-43-44-45-46-47-48-49-4A-4B-4C-4D-4E-4F-50-51-52-53-54-55-56-57-58-59-5A-5B-5C-5D-5E-5F-60-61-62-63-64-65-66-67-68-69-6A-6B-6C-6D-6E-6F-70-71-72-73-74-75-76-77-78-79-7A-7B-7C-7D-7E-7F-80-81-82-83-84-85-86-87-88-89-8A-8B-8C-8D-8E-8F-90-91-92-93-94-95-96-97-98-99-9A-9B-9C-9D-9E-9F-A0-A1-A2-A3-A4-A5-A6-A7-A8-A9-AA-AB-AC-AD-AE-AF-B0-B1-B2-B3-B4-B5-B6-B7-B8-B9-BA-BB-BC-BD-BE-BF-C0-C1-C2-C3-C4-C5-C6-C7-C8-C9-CA-CB-CC-CD-CE-CF-D0-D1-D2-D3-D4-D5-D6-D7-D8-D9-DA-DB-DC-DD-DE-DF-E0-E1-E2-E3-E4-E5-E6-E7-E8-E9-EA-EB-EC-ED-EE-EF-F0-F1-F2-F3-F4-F5-F6-F7-F8-F9-FA-FB-FC-FD-FE-FF-00-01-02-03-04-05-06-07-08-09-0A-0B-0C-0D-0E-0F-10-11-12-13-14-15-16-17-18-19-1A-1B-1C-1D-1E-1F-20-21-22-23-24-25-26-27-28-29-2A-2B-2C-2D-2E-2F-30-31-32-33-34-35-36-37-38-39-3A-3B-3C-3D-3E-3F-40-41-42-43-44-45-46-47-48-49-4A-4B-4C-4D-4E-4F-50-51-52-53-54-55-56-57-58-59-5A-5B-5C-5D-5E-5F-60-61-62-63-64-65-66-67-68-69-6A-6B-6C-6D-6E-6F-70-71-72-73-74-75-76-77-78-79-7A-7B-7C-7D-7E-7F-80-81-82-83-84-85-86-87-88-89-8A-8B-8C-8D-8E-8F-90-91-92-93-94-95-96-97-98-99-9A-9B-9C-9D-9E-9F-A0-A1-A2-A3-A4-A5-A6-A7-A8-A9-AA-AB-AC-AD-AE-AF-B0-B1-B2-B3-B4-B5-B6-B7-B8-B9-BA-BB-BC-BD-BE-BF-C0-C1-C2-C3-C4-C5-C6-C7-C8-C9-CA-CB-CC-CD-CE-CF-D0-D1-D2-D3-D4-D5-D6-D7-D8-D9-DA-DB-DC-DD-DE-DF-E0-E1-E2-E3-E4-E5-E6-E7-E8-E9-EA-EB-EC-ED-EE-EF-F0-F1-F2-F3-F4-F5-F6-F7-F8-F9-FA-FB-FC-FD-FE]
11:36:40,313 [1] INFO PCUServer - UDS REQUEST   TPUDSMsg : SI:PUDS_SI_TransferData, SA:F1, TA:33, RA:0x00, Result:PUDS_RESULT_N_OK - OK !
	LEN: 7, DATA: [36-01-41-42-43-44-45]
11:36:40,314 [1] DEBUG PCUServer -    ...Transmitting a NRC Response Pending message: PUDS_ERROR_OK
11:36:40,315 [1] DEBUG PCUServer -    ...simulating computation... (waiting ~5000ms)
11:36:45,216 [1] DEBUG PCUServer - 
   ...Transmitting response: PUDS_ERROR_OK

11:36:45,220 [1] DEBUG PCUServer - PENDING UDS message from 0x01 (to 0xf1, with RA 0x00) -> LEN=4095 ...
11:36:45,222 [1] INFO PCUServer - UDS RESPONSE  TPUDSMsg : SI:PUDS_SI_TransferData, SA:01, TA:F1, RA:0x00, Result:PUDS_RESULT_N_OK - OK !
	LEN: 3, DATA: [7F-36-78]
11:36:51,558 [1] INFO PCUServer - UDS RESPONSE  TPUDSMsg : SI:RESPONSE_PUDS_SI_TransferData, SA:01, TA:F1, RA:0x00, Result:PUDS_RESULT_N_OK - OK !
	LEN: 4095, DATA: [76-01-02-03-04-05-06-07-08-09-0A-0B-0C-0D-0E-0F-10-11-12-13-14-15-16-17-18-19-1A-1B-1C-1D-1E-1F-20-21-22-23-24-25-26-27-28-29-2A-2B-2C-2D-2E-2F-30-31-32-33-34-35-36-37-38-39-3A-3B-3C-3D-3E-3F-40-41-42-43-44-45-46-47-48-49-4A-4B-4C-4D-4E-4F-50-51-52-53-54-55-56-57-58-59-5A-5B-5C-5D-5E-5F-60-61-62-63-64-65-66-67-68-69-6A-6B-6C-6D-6E-6F-70-71-72-73-74-75-76-77-78-79-7A-7B-7C-7D-7E-7F-80-81-82-83-84-85-86-87-88-89-8A-8B-8C-8D-8E-8F-90-91-92-93-94-95-96-97-98-99-9A-9B-9C-9D-9E-9F-A0-A1-A2-A3-A4-A5-A6-A7-A8-A9-AA-AB-AC-AD-AE-AF-B0-B1-B2-B3-B4-B5-B6-B7-B8-B9-BA-BB-BC-BD-BE-BF-C0-C1-C2-C3-C4-C5-C6-C7-C8-C9-CA-CB-CC-CD-CE-CF-D0-D1-D2-D3-D4-D5-D6-D7-D8-D9-DA-DB-DC-DD-DE-DF-E0-E1-E2-E3-E4-E5-E6-E7-E8-E9-EA-EB-EC-ED-EE-EF-F0-F1-F2-F3-F4-F5-F6-F7-F8-F9-FA-FB-FC-FD-FE-FF-00-01-02-03-04-05-06-07-08-09-0A-0B-0C-0D-0E-0F-10-11-12-13-14-15-16-17-18-19-1A-1B-1C-1D-1E-1F-20-21-22-23-24-25-26-27-28-29-2A-2B-2C-2D-2E-2F-30-31-32-33-34-35-36-37-38-39-3A-3B-3C-3D-3E-3F-40-41-42-43-44-45-46-47-48-49-4A-4B-4C-4D-4E-4F-50-51-52-53-54-55-56-57-58-59-5A-5B-5C-5D-5E-5F-60-61-62-63-64-65-66-67-68-69-6A-6B-6C-6D-6E-6F-70-71-72-73-74-75-76-77-78-79-7A-7B-7C-7D-7E-7F-80-81-82-83-84-85-86-87-88-89-8A-8B-8C-8D-8E-8F-90-91-92-93-94-95-96-97-98-99-9A-9B-9C-9D-9E-9F-A0-A1-A2-A3-A4-A5-A6-A7-A8-A9-AA-AB-AC-AD-AE-AF-B0-B1-B2-B3-B4-B5-B6-B7-B8-B9-BA-BB-BC-BD-BE-BF-C0-C1-C2-C3-C4-C5-C6-C7-C8-C9-CA-CB-CC-CD-CE-CF-D0-D1-D2-D3-D4-D5-D6-D7-D8-D9-DA-DB-DC-DD-DE-DF-E0-E1-E2-E3-E4-E5-E6-E7-E8-E9-EA-EB-EC-ED-EE-EF-F0-F1-F2-F3-F4-F5-F6-F7-F8-F9-FA-FB-FC-FD-FE-FF-00-01-02-03-04-05-06-07-08-09-0A-0B-0C-0D-0E-0F-10-11-12-13-14-15-16-17-18-19-1A-1B-1C-1D-1E-1F-20-21-22-23-24-25-26-27-28-29-2A-2B-2C-2D-2E-2F-30-31-32-33-34-35-36-37-38-39-3A-3B-3C-3D-3E-3F-40-41-42-43-44-45-46-47-48-49-4A-4B-4C-4D-4E-4F-50-51-52-53-54-55-56-57-58-59-5A-5B-5C-5D-5E-5F-60-61-62-63-64-65-66-67-68-69-6A-6B-6C-6D-6E-6F-70-71-72-73-74-75-76-77-78-79-7A-7B-7C-7D-7E-7F-80-81-82-83-84-85-86-87-88-89-8A-8B-8C-8D-8E-8F-90-91-92-93-94-95-96-97-98-99-9A-9B-9C-9D-9E-9F-A0-A1-A2-A3-A4-A5-A6-A7-A8-A9-AA-AB-AC-AD-AE-AF-B0-B1-B2-B3-B4-B5-B6-B7-B8-B9-BA-BB-BC-BD-BE-BF-C0-C1-C2-C3-C4-C5-C6-C7-C8-C9-CA-CB-CC-CD-CE-CF-D0-D1-D2-D3-D4-D5-D6-D7-D8-D9-DA-DB-DC-DD-DE-DF-E0-E1-E2-E3-E4-E5-E6-E7-E8-E9-EA-EB-EC-ED-EE-EF-F0-F1-F2-F3-F4-F5-F6-F7-F8-F9-FA-FB-FC-FD-FE-FF-00-01-02-03-04-05-06-07-08-09-0A-0B-0C-0D-0E-0F-10-11-12-13-14-15-16-17-18-19-1A-1B-1C-1D-1E-1F-20-21-22-23-24-25-26-27-28-29-2A-2B-2C-2D-2E-2F-30-31-32-33-34-35-36-37-38-39-3A-3B-3C-3D-3E-3F-40-41-42-43-44-45-46-47-48-49-4A-4B-4C-4D-4E-4F-50-51-52-53-54-55-56-57-58-59-5A-5B-5C-5D-5E-5F-60-61-62-63-64-65-66-67-68-69-6A-6B-6C-6D-6E-6F-70-71-72-73-74-75-76-77-78-79-7A-7B-7C-7D-7E-7F-80-81-82-83-84-85-86-87-88-89-8A-8B-8C-8D-8E-8F-90-91-92-93-94-95-96-97-98-99-9A-9B-9C-9D-9E-9F-A0-A1-A2-A3-A4-A5-A6-A7-A8-A9-AA-AB-AC-AD-AE-AF-B0-B1-B2-B3-B4-B5-B6-B7-B8-B9-BA-BB-BC-BD-BE-BF-C0-C1-C2-C3-C4-C5-C6-C7-C8-C9-CA-CB-CC-CD-CE-CF-D0-D1-D2-D3-D4-D5-D6-D7-D8-D9-DA-DB-DC-DD-DE-DF-E0-E1-E2-E3-E4-E5-E6-E7-E8-E9-EA-EB-EC-ED-EE-EF-F0-F1-F2-F3-F4-F5-F6-F7-F8-F9-FA-FB-FC-FD-FE-FF-00-01-02-03-04-05-06-07-08-09-0A-0B-0C-0D-0E-0F-10-11-12-13-14-15-16-17-18-19-1A-1B-1C-1D-1E-1F-20-21-22-23-24-25-26-27-28-29-2A-2B-2C-2D-2E-2F-30-31-32-33-34-35-36-37-38-39-3A-3B-3C-3D-3E-3F-40-41-42-43-44-45-46-47-48-49-4A-4B-4C-4D-4E-4F-50-51-52-53-54-55-56-57-58-59-5A-5B-5C-5D-5E-5F-60-61-62-63-64-65-66-67-68-69-6A-6B-6C-6D-6E-6F-70-71-72-73-74-75-76-77-78-79-7A-7B-7C-7D-7E-7F-80-81-82-83-84-85-86-87-88-89-8A-8B-8C-8D-8E-8F-90-91-92-93-94-95-96-97-98-99-9A-9B-9C-9D-9E-9F-A0-A1-A2-A3-A4-A5-A6-A7-A8-A9-AA-AB-AC-AD-AE-AF-B0-B1-B2-B3-B4-B5-B6-B7-B8-B9-BA-BB-BC-BD-BE-BF-C0-C1-C2-C3-C4-C5-C6-C7-C8-C9-CA-CB-CC-CD-CE-CF-D0-D1-D2-D3-D4-D5-D6-D7-D8-D9-DA-DB-DC-DD-DE-DF-E0-E1-E2-E3-E4-E5-E6-E7-E8-E9-EA-EB-EC-ED-EE-EF-F0-F1-F2-F3-F4-F5-F6-F7-F8-F9-FA-FB-FC-FD-FE-FF-00-01-02-03-04-05-06-07-08-09-0A-0B-0C-0D-0E-0F-10-11-12-13-14-15-16-17-18-19-1A-1B-1C-1D-1E-1F-20-21-22-23-24-25-26-27-28-29-2A-2B-2C-2D-2E-2F-30-31-32-33-34-35-36-37-38-39-3A-3B-3C-3D-3E-3F-40-41-42-43-44-45-46-47-48-49-4A-4B-4C-4D-4E-4F-50-51-52-53-54-55-56-57-58-59-5A-5B-5C-5D-5E-5F-60-61-62-63-64-65-66-67-68-69-6A-6B-6C-6D-6E-6F-70-71-72-73-74-75-76-77-78-79-7A-7B-7C-7D-7E-7F-80-81-82-83-84-85-86-87-88-89-8A-8B-8C-8D-8E-8F-90-91-92-93-94-95-96-97-98-99-9A-9B-9C-9D-9E-9F-A0-A1-A2-A3-A4-A5-A6-A7-A8-A9-AA-AB-AC-AD-AE-AF-B0-B1-B2-B3-B4-B5-B6-B7-B8-B9-BA-BB-BC-BD-BE-BF-C0-C1-C2-C3-C4-C5-C6-C7-C8-C9-CA-CB-CC-CD-CE-CF-D0-D1-D2-D3-D4-D5-D6-D7-D8-D9-DA-DB-DC-DD-DE-DF-E0-E1-E2-E3-E4-E5-E6-E7-E8-E9-EA-EB-EC-ED-EE-EF-F0-F1-F2-F3-F4-F5-F6-F7-F8-F9-FA-FB-FC-FD-FE-FF-00-01-02-03-04-05-06-07-08-09-0A-0B-0C-0D-0E-0F-10-11-12-13-14-15-16-17-18-19-1A-1B-1C-1D-1E-1F-20-21-22-23-24-25-26-27-28-29-2A-2B-2C-2D-2E-2F-30-31-32-33-34-35-36-37-38-39-3A-3B-3C-3D-3E-3F-40-41-42-43-44-45-46-47-48-49-4A-4B-4C-4D-4E-4F-50-51-52-53-54-55-56-57-58-59-5A-5B-5C-5D-5E-5F-60-61-62-63-64-65-66-67-68-69-6A-6B-6C-6D-6E-6F-70-71-72-73-74-75-76-77-78-79-7A-7B-7C-7D-7E-7F-80-81-82-83-84-85-86-87-88-89-8A-8B-8C-8D-8E-8F-90-91-92-93-94-95-96-97-98-99-9A-9B-9C-9D-9E-9F-A0-A1-A2-A3-A4-A5-A6-A7-A8-A9-AA-AB-AC-AD-AE-AF-B0-B1-B2-B3-B4-B5-B6-B7-B8-B9-BA-BB-BC-BD-BE-BF-C0-C1-C2-C3-C4-C5-C6-C7-C8-C9-CA-CB-CC-CD-CE-CF-D0-D1-D2-D3-D4-D5-D6-D7-D8-D9-DA-DB-DC-DD-DE-DF-E0-E1-E2-E3-E4-E5-E6-E7-E8-E9-EA-EB-EC-ED-EE-EF-F0-F1-F2-F3-F4-F5-F6-F7-F8-F9-FA-FB-FC-FD-FE-FF-00-01-02-03-04-05-06-07-08-09-0A-0B-0C-0D-0E-0F-10-11-12-13-14-15-16-17-18-19-1A-1B-1C-1D-1E-1F-20-21-22-23-24-25-26-27-28-29-2A-2B-2C-2D-2E-2F-30-31-32-33-34-35-36-37-38-39-3A-3B-3C-3D-3E-3F-40-41-42-43-44-45-46-47-48-49-4A-4B-4C-4D-4E-4F-50-51-52-53-54-55-56-57-58-59-5A-5B-5C-5D-5E-5F-60-61-62-63-64-65-66-67-68-69-6A-6B-6C-6D-6E-6F-70-71-72-73-74-75-76-77-78-79-7A-7B-7C-7D-7E-7F-80-81-82-83-84-85-86-87-88-89-8A-8B-8C-8D-8E-8F-90-91-92-93-94-95-96-97-98-99-9A-9B-9C-9D-9E-9F-A0-A1-A2-A3-A4-A5-A6-A7-A8-A9-AA-AB-AC-AD-AE-AF-B0-B1-B2-B3-B4-B5-B6-B7-B8-B9-BA-BB-BC-BD-BE-BF-C0-C1-C2-C3-C4-C5-C6-C7-C8-C9-CA-CB-CC-CD-CE-CF-D0-D1-D2-D3-D4-D5-D6-D7-D8-D9-DA-DB-DC-DD-DE-DF-E0-E1-E2-E3-E4-E5-E6-E7-E8-E9-EA-EB-EC-ED-EE-EF-F0-F1-F2-F3-F4-F5-F6-F7-F8-F9-FA-FB-FC-FD-FE-FF-00-01-02-03-04-05-06-07-08-09-0A-0B-0C-0D-0E-0F-10-11-12-13-14-15-16-17-18-19-1A-1B-1C-1D-1E-1F-20-21-22-23-24-25-26-27-28-29-2A-2B-2C-2D-2E-2F-30-31-32-33-34-35-36-37-38-39-3A-3B-3C-3D-3E-3F-40-41-42-43-44-45-46-47-48-49-4A-4B-4C-4D-4E-4F-50-51-52-53-54-55-56-57-58-59-5A-5B-5C-5D-5E-5F-60-61-62-63-64-65-66-67-68-69-6A-6B-6C-6D-6E-6F-70-71-72-73-74-75-76-77-78-79-7A-7B-7C-7D-7E-7F-80-81-82-83-84-85-86-87-88-89-8A-8B-8C-8D-8E-8F-90-91-92-93-94-95-96-97-98-99-9A-9B-9C-9D-9E-9F-A0-A1-A2-A3-A4-A5-A6-A7-A8-A9-AA-AB-AC-AD-AE-AF-B0-B1-B2-B3-B4-B5-B6-B7-B8-B9-BA-BB-BC-BD-BE-BF-C0-C1-C2-C3-C4-C5-C6-C7-C8-C9-CA-CB-CC-CD-CE-CF-D0-D1-D2-D3-D4-D5-D6-D7-D8-D9-DA-DB-DC-DD-DE-DF-E0-E1-E2-E3-E4-E5-E6-E7-E8-E9-EA-EB-EC-ED-EE-EF-F0-F1-F2-F3-F4-F5-F6-F7-F8-F9-FA-FB-FC-FD-FE-FF-00-01-02-03-04-05-06-07-08-09-0A-0B-0C-0D-0E-0F-10-11-12-13-14-15-16-17-18-19-1A-1B-1C-1D-1E-1F-20-21-22-23-24-25-26-27-28-29-2A-2B-2C-2D-2E-2F-30-31-32-33-34-35-36-37-38-39-3A-3B-3C-3D-3E-3F-40-41-42-43-44-45-46-47-48-49-4A-4B-4C-4D-4E-4F-50-51-52-53-54-55-56-57-58-59-5A-5B-5C-5D-5E-5F-60-61-62-63-64-65-66-67-68-69-6A-6B-6C-6D-6E-6F-70-71-72-73-74-75-76-77-78-79-7A-7B-7C-7D-7E-7F-80-81-82-83-84-85-86-87-88-89-8A-8B-8C-8D-8E-8F-90-91-92-93-94-95-96-97-98-99-9A-9B-9C-9D-9E-9F-A0-A1-A2-A3-A4-A5-A6-A7-A8-A9-AA-AB-AC-AD-AE-AF-B0-B1-B2-B3-B4-B5-B6-B7-B8-B9-BA-BB-BC-BD-BE-BF-C0-C1-C2-C3-C4-C5-C6-C7-C8-C9-CA-CB-CC-CD-CE-CF-D0-D1-D2-D3-D4-D5-D6-D7-D8-D9-DA-DB-DC-DD-DE-DF-E0-E1-E2-E3-E4-E5-E6-E7-E8-E9-EA-EB-EC-ED-EE-EF-F0-F1-F2-F3-F4-F5-F6-F7-F8-F9-FA-FB-FC-FD-FE-FF-00-01-02-03-04-05-06-07-08-09-0A-0B-0C-0D-0E-0F-10-11-12-13-14-15-16-17-18-19-1A-1B-1C-1D-1E-1F-20-21-22-23-24-25-26-27-28-29-2A-2B-2C-2D-2E-2F-30-31-32-33-34-35-36-37-38-39-3A-3B-3C-3D-3E-3F-40-41-42-43-44-45-46-47-48-49-4A-4B-4C-4D-4E-4F-50-51-52-53-54-55-56-57-58-59-5A-5B-5C-5D-5E-5F-60-61-62-63-64-65-66-67-68-69-6A-6B-6C-6D-6E-6F-70-71-72-73-74-75-76-77-78-79-7A-7B-7C-7D-7E-7F-80-81-82-83-84-85-86-87-88-89-8A-8B-8C-8D-8E-8F-90-91-92-93-94-95-96-97-98-99-9A-9B-9C-9D-9E-9F-A0-A1-A2-A3-A4-A5-A6-A7-A8-A9-AA-AB-AC-AD-AE-AF-B0-B1-B2-B3-B4-B5-B6-B7-B8-B9-BA-BB-BC-BD-BE-BF-C0-C1-C2-C3-C4-C5-C6-C7-C8-C9-CA-CB-CC-CD-CE-CF-D0-D1-D2-D3-D4-D5-D6-D7-D8-D9-DA-DB-DC-DD-DE-DF-E0-E1-E2-E3-E4-E5-E6-E7-E8-E9-EA-EB-EC-ED-EE-EF-F0-F1-F2-F3-F4-F5-F6-F7-F8-F9-FA-FB-FC-FD-FE-FF-00-01-02-03-04-05-06-07-08-09-0A-0B-0C-0D-0E-0F-10-11-12-13-14-15-16-17-18-19-1A-1B-1C-1D-1E-1F-20-21-22-23-24-25-26-27-28-29-2A-2B-2C-2D-2E-2F-30-31-32-33-34-35-36-37-38-39-3A-3B-3C-3D-3E-3F-40-41-42-43-44-45-46-47-48-49-4A-4B-4C-4D-4E-4F-50-51-52-53-54-55-56-57-58-59-5A-5B-5C-5D-5E-5F-60-61-62-63-64-65-66-67-68-69-6A-6B-6C-6D-6E-6F-70-71-72-73-74-75-76-77-78-79-7A-7B-7C-7D-7E-7F-80-81-82-83-84-85-86-87-88-89-8A-8B-8C-8D-8E-8F-90-91-92-93-94-95-96-97-98-99-9A-9B-9C-9D-9E-9F-A0-A1-A2-A3-A4-A5-A6-A7-A8-A9-AA-AB-AC-AD-AE-AF-B0-B1-B2-B3-B4-B5-B6-B7-B8-B9-BA-BB-BC-BD-BE-BF-C0-C1-C2-C3-C4-C5-C6-C7-C8-C9-CA-CB-CC-CD-CE-CF-D0-D1-D2-D3-D4-D5-D6-D7-D8-D9-DA-DB-DC-DD-DE-DF-E0-E1-E2-E3-E4-E5-E6-E7-E8-E9-EA-EB-EC-ED-EE-EF-F0-F1-F2-F3-F4-F5-F6-F7-F8-F9-FA-FB-FC-FD-FE-FF-00-01-02-03-04-05-06-07-08-09-0A-0B-0C-0D-0E-0F-10-11-12-13-14-15-16-17-18-19-1A-1B-1C-1D-1E-1F-20-21-22-23-24-25-26-27-28-29-2A-2B-2C-2D-2E-2F-30-31-32-33-34-35-36-37-38-39-3A-3B-3C-3D-3E-3F-40-41-42-43-44-45-46-47-48-49-4A-4B-4C-4D-4E-4F-50-51-52-53-54-55-56-57-58-59-5A-5B-5C-5D-5E-5F-60-61-62-63-64-65-66-67-68-69-6A-6B-6C-6D-6E-6F-70-71-72-73-74-75-76-77-78-79-7A-7B-7C-7D-7E-7F-80-81-82-83-84-85-86-87-88-89-8A-8B-8C-8D-8E-8F-90-91-92-93-94-95-96-97-98-99-9A-9B-9C-9D-9E-9F-A0-A1-A2-A3-A4-A5-A6-A7-A8-A9-AA-AB-AC-AD-AE-AF-B0-B1-B2-B3-B4-B5-B6-B7-B8-B9-BA-BB-BC-BD-BE-BF-C0-C1-C2-C3-C4-C5-C6-C7-C8-C9-CA-CB-CC-CD-CE-CF-D0-D1-D2-D3-D4-D5-D6-D7-D8-D9-DA-DB-DC-DD-DE-DF-E0-E1-E2-E3-E4-E5-E6-E7-E8-E9-EA-EB-EC-ED-EE-EF-F0-F1-F2-F3-F4-F5-F6-F7-F8-F9-FA-FB-FC-FD-FE-FF-00-01-02-03-04-05-06-07-08-09-0A-0B-0C-0D-0E-0F-10-11-12-13-14-15-16-17-18-19-1A-1B-1C-1D-1E-1F-20-21-22-23-24-25-26-27-28-29-2A-2B-2C-2D-2E-2F-30-31-32-33-34-35-36-37-38-39-3A-3B-3C-3D-3E-3F-40-41-42-43-44-45-46-47-48-49-4A-4B-4C-4D-4E-4F-50-51-52-53-54-55-56-57-58-59-5A-5B-5C-5D-5E-5F-60-61-62-63-64-65-66-67-68-69-6A-6B-6C-6D-6E-6F-70-71-72-73-74-75-76-77-78-79-7A-7B-7C-7D-7E-7F-80-81-82-83-84-85-86-87-88-89-8A-8B-8C-8D-8E-8F-90-91-92-93-94-95-96-97-98-99-9A-9B-9C-9D-9E-9F-A0-A1-A2-A3-A4-A5-A6-A7-A8-A9-AA-AB-AC-AD-AE-AF-B0-B1-B2-B3-B4-B5-B6-B7-B8-B9-BA-BB-BC-BD-BE-BF-C0-C1-C2-C3-C4-C5-C6-C7-C8-C9-CA-CB-CC-CD-CE-CF-D0-D1-D2-D3-D4-D5-D6-D7-D8-D9-DA-DB-DC-DD-DE-DF-E0-E1-E2-E3-E4-E5-E6-E7-E8-E9-EA-EB-EC-ED-EE-EF-F0-F1-F2-F3-F4-F5-F6-F7-F8-F9-FA-FB-FC-FD-FE-FF-00-01-02-03-04-05-06-07-08-09-0A-0B-0C-0D-0E-0F-10-11-12-13-14-15-16-17-18-19-1A-1B-1C-1D-1E-1F-20-21-22-23-24-25-26-27-28-29-2A-2B-2C-2D-2E-2F-30-31-32-33-34-35-36-37-38-39-3A-3B-3C-3D-3E-3F-40-41-42-43-44-45-46-47-48-49-4A-4B-4C-4D-4E-4F-50-51-52-53-54-55-56-57-58-59-5A-5B-5C-5D-5E-5F-60-61-62-63-64-65-66-67-68-69-6A-6B-6C-6D-6E-6F-70-71-72-73-74-75-76-77-78-79-7A-7B-7C-7D-7E-7F-80-81-82-83-84-85-86-87-88-89-8A-8B-8C-8D-8E-8F-90-91-92-93-94-95-96-97-98-99-9A-9B-9C-9D-9E-9F-A0-A1-A2-A3-A4-A5-A6-A7-A8-A9-AA-AB-AC-AD-AE-AF-B0-B1-B2-B3-B4-B5-B6-B7-B8-B9-BA-BB-BC-BD-BE-BF-C0-C1-C2-C3-C4-C5-C6-C7-C8-C9-CA-CB-CC-CD-CE-CF-D0-D1-D2-D3-D4-D5-D6-D7-D8-D9-DA-DB-DC-DD-DE-DF-E0-E1-E2-E3-E4-E5-E6-E7-E8-E9-EA-EB-EC-ED-EE-EF-F0-F1-F2-F3-F4-F5-F6-F7-F8-F9-FA-FB-FC-FD-FE-FF-00-01-02-03-04-05-06-07-08-09-0A-0B-0C-0D-0E-0F-10-11-12-13-14-15-16-17-18-19-1A-1B-1C-1D-1E-1F-20-21-22-23-24-25-26-27-28-29-2A-2B-2C-2D-2E-2F-30-31-32-33-34-35-36-37-38-39-3A-3B-3C-3D-3E-3F-40-41-42-43-44-45-46-47-48-49-4A-4B-4C-4D-4E-4F-50-51-52-53-54-55-56-57-58-59-5A-5B-5C-5D-5E-5F-60-61-62-63-64-65-66-67-68-69-6A-6B-6C-6D-6E-6F-70-71-72-73-74-75-76-77-78-79-7A-7B-7C-7D-7E-7F-80-81-82-83-84-85-86-87-88-89-8A-8B-8C-8D-8E-8F-90-91-92-93-94-95-96-97-98-99-9A-9B-9C-9D-9E-9F-A0-A1-A2-A3-A4-A5-A6-A7-A8-A9-AA-AB-AC-AD-AE-AF-B0-B1-B2-B3-B4-B5-B6-B7-B8-B9-BA-BB-BC-BD-BE-BF-C0-C1-C2-C3-C4-C5-C6-C7-C8-C9-CA-CB-CC-CD-CE-CF-D0-D1-D2-D3-D4-D5-D6-D7-D8-D9-DA-DB-DC-DD-DE-DF-E0-E1-E2-E3-E4-E5-E6-E7-E8-E9-EA-EB-EC-ED-EE-EF-F0-F1-F2-F3-F4-F5-F6-F7-F8-F9-FA-FB-FC-FD-FE]
11:36:51,659 [1] INFO PCUServer - UDS REQUEST   TPUDSMsg : SI:PUDS_SI_TesterPresent, SA:F1, TA:01, RA:0x00, Result:PUDS_RESULT_N_OK - OK !
	LEN: 2, DATA: [3E-00]
11:36:51,660 [1] DEBUG PCUServer - 
   ...Transmitting response: PUDS_ERROR_OK

11:36:51,666 [1] INFO PCUServer - UDS RESPONSE  TPUDSMsg : SI:RESPONSE_PUDS_SI_TesterPresent, SA:01, TA:F1, RA:0x00, Result:PUDS_RESULT_N_OK - OK !
	LEN: 2, DATA: [7E-00]
